{"/home/chous/work/semantest/extension.chrome/src/message-store.ts": {"path":"/home/chous/work/semantest/extension.chrome/src/message-store.ts","statementMap":{"0":{"start":{"line":162,"column":0},"end":{"line":162,"column":16}},"1":{"start":{"line":47,"column":13},"end":{"line":55,"column":11}},"2":{"start":{"line":58,"column":13},"end":{"line":146,"column":2}},"3":{"start":{"line":59,"column":125},"end":{"line":71,"column":4}},"4":{"start":{"line":73,"column":127},"end":{"line":85,"column":4}},"5":{"start":{"line":87,"column":51},"end":{"line":97,"column":4}},"6":{"start":{"line":99,"column":41},"end":{"line":109,"column":4}},"7":{"start":{"line":111,"column":82},"end":{"line":121,"column":4}},"8":{"start":{"line":123,"column":39},"end":{"line":133,"column":4}},"9":{"start":{"line":135,"column":84},"end":{"line":145,"column":4}},"10":{"start":{"line":149,"column":40},"end":{"line":159,"column":2}},"11":{"start":{"line":166,"column":2},"end":{"line":255,"column":3}},"12":{"start":{"line":168,"column":39},"end":{"line":172,"column":8}},"13":{"start":{"line":174,"column":6},"end":{"line":178,"column":8}},"14":{"start":{"line":182,"column":57},"end":{"line":182,"column":71}},"15":{"start":{"line":184,"column":27},"end":{"line":184,"column":95}},"16":{"start":{"line":184,"column":59},"end":{"line":184,"column":94}},"17":{"start":{"line":185,"column":6},"end":{"line":185,"column":44}},"18":{"start":{"line":185,"column":31},"end":{"line":185,"column":44}},"19":{"start":{"line":187,"column":30},"end":{"line":187,"column":49}},"20":{"start":{"line":188,"column":6},"end":{"line":193,"column":8}},"21":{"start":{"line":195,"column":6},"end":{"line":198,"column":8}},"22":{"start":{"line":202,"column":24},"end":{"line":202,"column":38}},"23":{"start":{"line":204,"column":6},"end":{"line":206,"column":7}},"24":{"start":{"line":205,"column":8},"end":{"line":205,"column":21}},"25":{"start":{"line":208,"column":6},"end":{"line":212,"column":8}},"26":{"start":{"line":216,"column":6},"end":{"line":220,"column":8}},"27":{"start":{"line":224,"column":6},"end":{"line":230,"column":8}},"28":{"start":{"line":234,"column":6},"end":{"line":239,"column":8}},"29":{"start":{"line":243,"column":27},"end":{"line":243,"column":41}},"30":{"start":{"line":245,"column":6},"end":{"line":250,"column":8}},"31":{"start":{"line":254,"column":6},"end":{"line":254,"column":19}},"32":{"start":{"line":259,"column":13},"end":{"line":328,"column":2}},"33":{"start":{"line":260,"column":77},"end":{"line":260,"column":91}},"34":{"start":{"line":263,"column":4},"end":{"line":265,"column":5}},"35":{"start":{"line":264,"column":6},"end":{"line":264,"column":48}},"36":{"start":{"line":266,"column":4},"end":{"line":266,"column":16}},"37":{"start":{"line":270,"column":19},"end":{"line":270,"column":33}},"38":{"start":{"line":272,"column":4},"end":{"line":274,"column":5}},"39":{"start":{"line":273,"column":6},"end":{"line":273,"column":80}},"40":{"start":{"line":273,"column":40},"end":{"line":273,"column":78}},"41":{"start":{"line":276,"column":4},"end":{"line":278,"column":5}},"42":{"start":{"line":277,"column":6},"end":{"line":277,"column":85}},"43":{"start":{"line":277,"column":40},"end":{"line":277,"column":83}},"44":{"start":{"line":280,"column":4},"end":{"line":282,"column":5}},"45":{"start":{"line":281,"column":6},"end":{"line":281,"column":90}},"46":{"start":{"line":281,"column":40},"end":{"line":281,"column":88}},"47":{"start":{"line":284,"column":4},"end":{"line":289,"column":5}},"48":{"start":{"line":285,"column":6},"end":{"line":288,"column":8}},"49":{"start":{"line":286,"column":8},"end":{"line":287,"column":52}},"50":{"start":{"line":291,"column":4},"end":{"line":291,"column":20}},"51":{"start":{"line":295,"column":4},"end":{"line":295,"column":51}},"52":{"start":{"line":295,"column":33},"end":{"line":295,"column":50}},"53":{"start":{"line":298,"column":4},"end":{"line":298,"column":55}},"54":{"start":{"line":298,"column":33},"end":{"line":298,"column":54}},"55":{"start":{"line":301,"column":4},"end":{"line":301,"column":67}},"56":{"start":{"line":301,"column":31},"end":{"line":301,"column":66}},"57":{"start":{"line":303,"column":58},"end":{"line":303,"column":79}},"58":{"start":{"line":305,"column":57},"end":{"line":305,"column":75}},"59":{"start":{"line":307,"column":62},"end":{"line":307,"column":83}},"60":{"start":{"line":310,"column":18},"end":{"line":318,"column":6}},"61":{"start":{"line":320,"column":4},"end":{"line":324,"column":7}},"62":{"start":{"line":321,"column":6},"end":{"line":321,"column":26}},"63":{"start":{"line":322,"column":6},"end":{"line":322,"column":29}},"64":{"start":{"line":323,"column":6},"end":{"line":323,"column":79}},"65":{"start":{"line":326,"column":4},"end":{"line":326,"column":17}},"66":{"start":{"line":332,"column":10},"end":{"line":332,"column":50}},"67":{"start":{"line":333,"column":10},"end":{"line":333,"column":68}},"68":{"start":{"line":334,"column":10},"end":{"line":334,"column":53}},"69":{"start":{"line":335,"column":10},"end":{"line":335,"column":35}},"70":{"start":{"line":338,"column":4},"end":{"line":338,"column":30}},"71":{"start":{"line":342,"column":4},"end":{"line":342,"column":22}},"72":{"start":{"line":346,"column":26},"end":{"line":346,"column":36}},"73":{"start":{"line":347,"column":4},"end":{"line":347,"column":57}},"74":{"start":{"line":349,"column":4},"end":{"line":352,"column":5}},"75":{"start":{"line":350,"column":6},"end":{"line":350,"column":26}},"76":{"start":{"line":351,"column":6},"end":{"line":351,"column":29}},"77":{"start":{"line":356,"column":4},"end":{"line":356,"column":34}},"78":{"start":{"line":359,"column":4},"end":{"line":364,"column":6}},"79":{"start":{"line":360,"column":20},"end":{"line":360,"column":52}},"80":{"start":{"line":361,"column":6},"end":{"line":363,"column":7}},"81":{"start":{"line":362,"column":8},"end":{"line":362,"column":40}},"82":{"start":{"line":368,"column":4},"end":{"line":368,"column":61}},"83":{"start":{"line":368,"column":39},"end":{"line":368,"column":59}},"84":{"start":{"line":372,"column":4},"end":{"line":387,"column":5}},"85":{"start":{"line":374,"column":29},"end":{"line":374,"column":79}},"86":{"start":{"line":376,"column":26},"end":{"line":380,"column":8}},"87":{"start":{"line":382,"column":6},"end":{"line":384,"column":9}},"88":{"start":{"line":386,"column":6},"end":{"line":386,"column":65}},"89":{"start":{"line":391,"column":4},"end":{"line":403,"column":5}},"90":{"start":{"line":392,"column":21},"end":{"line":394,"column":8}},"91":{"start":{"line":393,"column":8},"end":{"line":393,"column":65}},"92":{"start":{"line":395,"column":29},"end":{"line":395,"column":64}},"93":{"start":{"line":397,"column":6},"end":{"line":400,"column":7}},"94":{"start":{"line":398,"column":8},"end":{"line":398,"column":89}},"95":{"start":{"line":399,"column":8},"end":{"line":399,"column":85}},"96":{"start":{"line":402,"column":6},"end":{"line":402,"column":72}},"97":{"start":{"line":408,"column":4},"end":{"line":414,"column":18}},"98":{"start":{"line":418,"column":4},"end":{"line":424,"column":18}},"99":{"start":{"line":428,"column":4},"end":{"line":428,"column":95}},"100":{"start":{"line":432,"column":4},"end":{"line":432,"column":101}},"101":{"start":{"line":436,"column":4},"end":{"line":436,"column":59}},"102":{"start":{"line":440,"column":4},"end":{"line":440,"column":57}},"103":{"start":{"line":444,"column":4},"end":{"line":444,"column":55}},"104":{"start":{"line":449,"column":4},"end":{"line":449,"column":39}},"105":{"start":{"line":453,"column":4},"end":{"line":453,"column":68}},"106":{"start":{"line":457,"column":4},"end":{"line":459,"column":5}},"107":{"start":{"line":458,"column":6},"end":{"line":458,"column":53}},"108":{"start":{"line":463,"column":4},"end":{"line":465,"column":5}},"109":{"start":{"line":464,"column":6},"end":{"line":464,"column":53}},"110":{"start":{"line":470,"column":4},"end":{"line":474,"column":16}},"111":{"start":{"line":478,"column":4},"end":{"line":488,"column":5}},"112":{"start":{"line":479,"column":19},"end":{"line":479,"column":39}},"113":{"start":{"line":480,"column":6},"end":{"line":483,"column":7}},"114":{"start":{"line":481,"column":8},"end":{"line":481,"column":80}},"115":{"start":{"line":482,"column":8},"end":{"line":482,"column":20}},"116":{"start":{"line":484,"column":6},"end":{"line":484,"column":19}},"117":{"start":{"line":486,"column":6},"end":{"line":486,"column":59}},"118":{"start":{"line":487,"column":6},"end":{"line":487,"column":19}},"119":{"start":{"line":331,"column":0},"end":{"line":331,"column":13}},"120":{"start":{"line":493,"column":13},"end":{"line":493,"column":53}}},"fnMap":{"0":{"name":"(anonymous_0)","decl":{"start":{"line":59,"column":14},"end":{"line":59,"column":15}},"loc":{"start":{"line":59,"column":125},"end":{"line":71,"column":4}}},"1":{"name":"(anonymous_1)","decl":{"start":{"line":73,"column":23},"end":{"line":73,"column":24}},"loc":{"start":{"line":73,"column":127},"end":{"line":85,"column":4}}},"2":{"name":"(anonymous_2)","decl":{"start":{"line":87,"column":16},"end":{"line":87,"column":17}},"loc":{"start":{"line":87,"column":51},"end":{"line":97,"column":4}}},"3":{"name":"(anonymous_3)","decl":{"start":{"line":99,"column":19},"end":{"line":99,"column":37}},"loc":{"start":{"line":99,"column":41},"end":{"line":109,"column":4}}},"4":{"name":"(anonymous_4)","decl":{"start":{"line":111,"column":14},"end":{"line":111,"column":15}},"loc":{"start":{"line":111,"column":82},"end":{"line":121,"column":4}}},"5":{"name":"(anonymous_5)","decl":{"start":{"line":123,"column":17},"end":{"line":123,"column":35}},"loc":{"start":{"line":123,"column":39},"end":{"line":133,"column":4}}},"6":{"name":"(anonymous_6)","decl":{"start":{"line":135,"column":25},"end":{"line":135,"column":26}},"loc":{"start":{"line":135,"column":84},"end":{"line":145,"column":4}}},"7":{"name":"messageStoreReducer","decl":{"start":{"line":162,"column":16},"end":{"line":162,"column":35}},"loc":{"start":{"line":164,"column":23},"end":{"line":256,"column":1}}},"8":{"name":"(anonymous_8)","decl":{"start":{"line":184,"column":52},"end":{"line":184,"column":55}},"loc":{"start":{"line":184,"column":59},"end":{"line":184,"column":94}}},"9":{"name":"(anonymous_9)","decl":{"start":{"line":260,"column":18},"end":{"line":260,"column":19}},"loc":{"start":{"line":260,"column":77},"end":{"line":260,"column":91}}},"10":{"name":"(anonymous_10)","decl":{"start":{"line":262,"column":21},"end":{"line":262,"column":22}},"loc":{"start":{"line":262,"column":71},"end":{"line":267,"column":3}}},"11":{"name":"(anonymous_11)","decl":{"start":{"line":269,"column":23},"end":{"line":269,"column":24}},"loc":{"start":{"line":269,"column":81},"end":{"line":292,"column":3}}},"12":{"name":"(anonymous_12)","decl":{"start":{"line":273,"column":33},"end":{"line":273,"column":36}},"loc":{"start":{"line":273,"column":40},"end":{"line":273,"column":78}}},"13":{"name":"(anonymous_13)","decl":{"start":{"line":277,"column":33},"end":{"line":277,"column":36}},"loc":{"start":{"line":277,"column":40},"end":{"line":277,"column":83}}},"14":{"name":"(anonymous_14)","decl":{"start":{"line":281,"column":33},"end":{"line":281,"column":36}},"loc":{"start":{"line":281,"column":40},"end":{"line":281,"column":88}}},"15":{"name":"(anonymous_15)","decl":{"start":{"line":285,"column":33},"end":{"line":285,"column":36}},"loc":{"start":{"line":286,"column":8},"end":{"line":287,"column":52}}},"16":{"name":"(anonymous_16)","decl":{"start":{"line":294,"column":21},"end":{"line":294,"column":22}},"loc":{"start":{"line":295,"column":4},"end":{"line":295,"column":51}}},"17":{"name":"(anonymous_17)","decl":{"start":{"line":295,"column":26},"end":{"line":295,"column":29}},"loc":{"start":{"line":295,"column":33},"end":{"line":295,"column":50}}},"18":{"name":"(anonymous_18)","decl":{"start":{"line":297,"column":23},"end":{"line":297,"column":24}},"loc":{"start":{"line":298,"column":4},"end":{"line":298,"column":55}}},"19":{"name":"(anonymous_19)","decl":{"start":{"line":298,"column":26},"end":{"line":298,"column":29}},"loc":{"start":{"line":298,"column":33},"end":{"line":298,"column":54}}},"20":{"name":"(anonymous_20)","decl":{"start":{"line":300,"column":29},"end":{"line":300,"column":30}},"loc":{"start":{"line":301,"column":4},"end":{"line":301,"column":67}}},"21":{"name":"(anonymous_21)","decl":{"start":{"line":301,"column":24},"end":{"line":301,"column":27}},"loc":{"start":{"line":301,"column":31},"end":{"line":301,"column":66}}},"22":{"name":"(anonymous_22)","decl":{"start":{"line":303,"column":19},"end":{"line":303,"column":20}},"loc":{"start":{"line":303,"column":58},"end":{"line":303,"column":79}}},"23":{"name":"(anonymous_23)","decl":{"start":{"line":305,"column":19},"end":{"line":305,"column":20}},"loc":{"start":{"line":305,"column":57},"end":{"line":305,"column":75}}},"24":{"name":"(anonymous_24)","decl":{"start":{"line":307,"column":24},"end":{"line":307,"column":25}},"loc":{"start":{"line":307,"column":62},"end":{"line":307,"column":83}}},"25":{"name":"(anonymous_25)","decl":{"start":{"line":309,"column":24},"end":{"line":309,"column":25}},"loc":{"start":{"line":309,"column":53},"end":{"line":327,"column":3}}},"26":{"name":"(anonymous_26)","decl":{"start":{"line":320,"column":27},"end":{"line":320,"column":30}},"loc":{"start":{"line":320,"column":33},"end":{"line":324,"column":5}}},"27":{"name":"(anonymous_27)","decl":{"start":{"line":337,"column":2},"end":{"line":337,"column":null}},"loc":{"start":{"line":337,"column":2},"end":{"line":339,"column":3}}},"28":{"name":"(anonymous_28)","decl":{"start":{"line":341,"column":2},"end":{"line":341,"column":10}},"loc":{"start":{"line":341,"column":10},"end":{"line":343,"column":3}}},"29":{"name":"(anonymous_29)","decl":{"start":{"line":345,"column":2},"end":{"line":345,"column":10}},"loc":{"start":{"line":345,"column":32},"end":{"line":353,"column":3}}},"30":{"name":"(anonymous_30)","decl":{"start":{"line":355,"column":2},"end":{"line":355,"column":11}},"loc":{"start":{"line":355,"column":56},"end":{"line":365,"column":3}}},"31":{"name":"(anonymous_31)","decl":{"start":{"line":359,"column":11},"end":{"line":359,"column":14}},"loc":{"start":{"line":359,"column":16},"end":{"line":364,"column":5}}},"32":{"name":"(anonymous_32)","decl":{"start":{"line":367,"column":10},"end":{"line":367,"column":25}},"loc":{"start":{"line":367,"column":25},"end":{"line":369,"column":3}}},"33":{"name":"(anonymous_33)","decl":{"start":{"line":368,"column":27},"end":{"line":368,"column":35}},"loc":{"start":{"line":368,"column":39},"end":{"line":368,"column":59}}},"34":{"name":"(anonymous_34)","decl":{"start":{"line":371,"column":10},"end":{"line":371,"column":15}},"loc":{"start":{"line":371,"column":28},"end":{"line":388,"column":3}}},"35":{"name":"(anonymous_35)","decl":{"start":{"line":390,"column":10},"end":{"line":390,"column":15}},"loc":{"start":{"line":390,"column":34},"end":{"line":404,"column":3}}},"36":{"name":"(anonymous_36)","decl":{"start":{"line":392,"column":39},"end":{"line":392,"column":40}},"loc":{"start":{"line":392,"column":51},"end":{"line":394,"column":7}}},"37":{"name":"(anonymous_37)","decl":{"start":{"line":407,"column":2},"end":{"line":407,"column":19}},"loc":{"start":{"line":407,"column":105},"end":{"line":415,"column":3}}},"38":{"name":"(anonymous_38)","decl":{"start":{"line":417,"column":2},"end":{"line":417,"column":20}},"loc":{"start":{"line":417,"column":106},"end":{"line":425,"column":3}}},"39":{"name":"(anonymous_39)","decl":{"start":{"line":427,"column":2},"end":{"line":427,"column":20}},"loc":{"start":{"line":427,"column":58},"end":{"line":429,"column":3}}},"40":{"name":"(anonymous_40)","decl":{"start":{"line":431,"column":2},"end":{"line":431,"column":18}},"loc":{"start":{"line":431,"column":55},"end":{"line":433,"column":3}}},"41":{"name":"(anonymous_41)","decl":{"start":{"line":435,"column":2},"end":{"line":435,"column":14}},"loc":{"start":{"line":435,"column":28},"end":{"line":437,"column":3}}},"42":{"name":"(anonymous_42)","decl":{"start":{"line":439,"column":2},"end":{"line":439,"column":17}},"loc":{"start":{"line":439,"column":17},"end":{"line":441,"column":3}}},"43":{"name":"(anonymous_43)","decl":{"start":{"line":443,"column":2},"end":{"line":443,"column":18}},"loc":{"start":{"line":443,"column":18},"end":{"line":445,"column":3}}},"44":{"name":"(anonymous_44)","decl":{"start":{"line":448,"column":2},"end":{"line":448,"column":19}},"loc":{"start":{"line":448,"column":19},"end":{"line":450,"column":3}}},"45":{"name":"(anonymous_45)","decl":{"start":{"line":452,"column":2},"end":{"line":452,"column":22}},"loc":{"start":{"line":452,"column":22},"end":{"line":454,"column":3}}},"46":{"name":"(anonymous_46)","decl":{"start":{"line":456,"column":2},"end":{"line":456,"column":16}},"loc":{"start":{"line":456,"column":16},"end":{"line":460,"column":3}}},"47":{"name":"(anonymous_47)","decl":{"start":{"line":462,"column":2},"end":{"line":462,"column":19}},"loc":{"start":{"line":462,"column":19},"end":{"line":466,"column":3}}},"48":{"name":"(anonymous_48)","decl":{"start":{"line":469,"column":2},"end":{"line":469,"column":16}},"loc":{"start":{"line":469,"column":16},"end":{"line":475,"column":3}}},"49":{"name":"(anonymous_49)","decl":{"start":{"line":477,"column":2},"end":{"line":477,"column":16}},"loc":{"start":{"line":477,"column":33},"end":{"line":489,"column":3}}}},"branchMap":{"0":{"loc":{"start":{"line":163,"column":2},"end":{"line":163,"column":41}},"type":"default-arg","locations":[{"start":{"line":163,"column":29},"end":{"line":163,"column":41}}]},"1":{"loc":{"start":{"line":166,"column":2},"end":{"line":255,"column":3}},"type":"switch","locations":[{"start":{"line":167,"column":4},"end":{"line":179,"column":5}},{"start":{"line":181,"column":4},"end":{"line":199,"column":5}},{"start":{"line":201,"column":4},"end":{"line":213,"column":5}},{"start":{"line":215,"column":4},"end":{"line":221,"column":5}},{"start":{"line":223,"column":4},"end":{"line":231,"column":5}},{"start":{"line":233,"column":4},"end":{"line":240,"column":5}},{"start":{"line":242,"column":4},"end":{"line":251,"column":5}},{"start":{"line":253,"column":4},"end":{"line":254,"column":19}}]},"2":{"loc":{"start":{"line":177,"column":22},"end":{"line":177,"column":88}},"type":"cond-expr","locations":[{"start":{"line":177,"column":46},"end":{"line":177,"column":64}},{"start":{"line":177,"column":67},"end":{"line":177,"column":88}}]},"3":{"loc":{"start":{"line":185,"column":6},"end":{"line":185,"column":44}},"type":"if","locations":[{"start":{"line":185,"column":6},"end":{"line":185,"column":44}}]},"4":{"loc":{"start":{"line":204,"column":6},"end":{"line":206,"column":7}},"type":"if","locations":[{"start":{"line":204,"column":6},"end":{"line":206,"column":7}}]},"5":{"loc":{"start":{"line":204,"column":10},"end":{"line":204,"column":53}},"type":"binary-expr","locations":[{"start":{"line":204,"column":10},"end":{"line":204,"column":19}},{"start":{"line":204,"column":23},"end":{"line":204,"column":53}}]},"6":{"loc":{"start":{"line":263,"column":4},"end":{"line":265,"column":5}},"type":"if","locations":[{"start":{"line":263,"column":4},"end":{"line":265,"column":5}}]},"7":{"loc":{"start":{"line":263,"column":8},"end":{"line":263,"column":77}},"type":"binary-expr","locations":[{"start":{"line":263,"column":8},"end":{"line":263,"column":31}},{"start":{"line":263,"column":35},"end":{"line":263,"column":77}}]},"8":{"loc":{"start":{"line":272,"column":4},"end":{"line":274,"column":5}},"type":"if","locations":[{"start":{"line":272,"column":4},"end":{"line":274,"column":5}}]},"9":{"loc":{"start":{"line":276,"column":4},"end":{"line":278,"column":5}},"type":"if","locations":[{"start":{"line":276,"column":4},"end":{"line":278,"column":5}}]},"10":{"loc":{"start":{"line":280,"column":4},"end":{"line":282,"column":5}},"type":"if","locations":[{"start":{"line":280,"column":4},"end":{"line":282,"column":5}}]},"11":{"loc":{"start":{"line":284,"column":4},"end":{"line":289,"column":5}},"type":"if","locations":[{"start":{"line":284,"column":4},"end":{"line":289,"column":5}}]},"12":{"loc":{"start":{"line":286,"column":8},"end":{"line":287,"column":52}},"type":"binary-expr","locations":[{"start":{"line":286,"column":8},"end":{"line":286,"column":54}},{"start":{"line":287,"column":8},"end":{"line":287,"column":52}}]},"13":{"loc":{"start":{"line":323,"column":39},"end":{"line":323,"column":73}},"type":"binary-expr","locations":[{"start":{"line":323,"column":39},"end":{"line":323,"column":68}},{"start":{"line":323,"column":72},"end":{"line":323,"column":73}}]},"14":{"loc":{"start":{"line":349,"column":4},"end":{"line":352,"column":5}},"type":"if","locations":[{"start":{"line":349,"column":4},"end":{"line":352,"column":5}}]},"15":{"loc":{"start":{"line":361,"column":6},"end":{"line":363,"column":7}},"type":"if","locations":[{"start":{"line":361,"column":6},"end":{"line":363,"column":7}}]},"16":{"loc":{"start":{"line":397,"column":6},"end":{"line":400,"column":7}},"type":"if","locations":[{"start":{"line":397,"column":6},"end":{"line":400,"column":7}}]},"17":{"loc":{"start":{"line":397,"column":10},"end":{"line":397,"column":90}},"type":"binary-expr","locations":[{"start":{"line":397,"column":10},"end":{"line":397,"column":23}},{"start":{"line":397,"column":27},"end":{"line":397,"column":49}},{"start":{"line":397,"column":53},"end":{"line":397,"column":90}}]},"18":{"loc":{"start":{"line":457,"column":4},"end":{"line":459,"column":5}},"type":"if","locations":[{"start":{"line":457,"column":4},"end":{"line":459,"column":5}}]},"19":{"loc":{"start":{"line":463,"column":4},"end":{"line":465,"column":5}},"type":"if","locations":[{"start":{"line":463,"column":4},"end":{"line":465,"column":5}}]},"20":{"loc":{"start":{"line":480,"column":6},"end":{"line":483,"column":7}},"type":"if","locations":[{"start":{"line":480,"column":6},"end":{"line":483,"column":7}}]},"21":{"loc":{"start":{"line":480,"column":10},"end":{"line":480,"column":55}},"type":"binary-expr","locations":[{"start":{"line":480,"column":10},"end":{"line":480,"column":23}},{"start":{"line":480,"column":27},"end":{"line":480,"column":55}}]}},"s":{"0":0,"1":0,"2":0,"3":0,"4":0,"5":0,"6":0,"7":0,"8":0,"9":0,"10":0,"11":0,"12":0,"13":0,"14":0,"15":0,"16":0,"17":0,"18":0,"19":0,"20":0,"21":0,"22":0,"23":0,"24":0,"25":0,"26":0,"27":0,"28":0,"29":0,"30":0,"31":0,"32":0,"33":0,"34":0,"35":0,"36":0,"37":0,"38":0,"39":0,"40":0,"41":0,"42":0,"43":0,"44":0,"45":0,"46":0,"47":0,"48":0,"49":0,"50":0,"51":0,"52":0,"53":0,"54":0,"55":0,"56":0,"57":0,"58":0,"59":0,"60":0,"61":0,"62":0,"63":0,"64":0,"65":0,"66":0,"67":0,"68":0,"69":0,"70":0,"71":0,"72":0,"73":0,"74":0,"75":0,"76":0,"77":0,"78":0,"79":0,"80":0,"81":0,"82":0,"83":0,"84":0,"85":0,"86":0,"87":0,"88":0,"89":0,"90":0,"91":0,"92":0,"93":0,"94":0,"95":0,"96":0,"97":0,"98":0,"99":0,"100":0,"101":0,"102":0,"103":0,"104":0,"105":0,"106":0,"107":0,"108":0,"109":0,"110":0,"111":0,"112":0,"113":0,"114":0,"115":0,"116":0,"117":0,"118":0,"119":0,"120":0},"f":{"0":0,"1":0,"2":0,"3":0,"4":0,"5":0,"6":0,"7":0,"8":0,"9":0,"10":0,"11":0,"12":0,"13":0,"14":0,"15":0,"16":0,"17":0,"18":0,"19":0,"20":0,"21":0,"22":0,"23":0,"24":0,"25":0,"26":0,"27":0,"28":0,"29":0,"30":0,"31":0,"32":0,"33":0,"34":0,"35":0,"36":0,"37":0,"38":0,"39":0,"40":0,"41":0,"42":0,"43":0,"44":0,"45":0,"46":0,"47":0,"48":0,"49":0},"b":{"0":[0],"1":[0,0,0,0,0,0,0,0],"2":[0,0],"3":[0],"4":[0],"5":[0,0],"6":[0],"7":[0,0],"8":[0],"9":[0],"10":[0],"11":[0],"12":[0,0],"13":[0,0],"14":[0],"15":[0],"16":[0],"17":[0,0,0],"18":[0],"19":[0],"20":[0],"21":[0,0]}}
,"/home/chous/work/semantest/extension.chrome/src/performance-optimizer.ts": {"path":"/home/chous/work/semantest/extension.chrome/src/performance-optimizer.ts","statementMap":{"0":{"start":{"line":26,"column":10},"end":{"line":26,"column":69}},"1":{"start":{"line":27,"column":10},"end":{"line":27,"column":69}},"2":{"start":{"line":29,"column":19},"end":{"line":29,"column":45}},"3":{"start":{"line":30,"column":19},"end":{"line":30,"column":41}},"4":{"start":{"line":31,"column":19},"end":{"line":31,"column":48}},"5":{"start":{"line":32,"column":10},"end":{"line":32,"column":35}},"6":{"start":{"line":35,"column":4},"end":{"line":41,"column":6}},"7":{"start":{"line":43,"column":4},"end":{"line":43,"column":38}},"8":{"start":{"line":44,"column":4},"end":{"line":44,"column":29}},"9":{"start":{"line":51,"column":21},"end":{"line":51,"column":42}},"10":{"start":{"line":54,"column":4},"end":{"line":56,"column":5}},"11":{"start":{"line":55,"column":6},"end":{"line":55,"column":36}},"12":{"start":{"line":58,"column":4},"end":{"line":63,"column":7}},"13":{"start":{"line":70,"column":18},"end":{"line":70,"column":54}},"14":{"start":{"line":72,"column":4},"end":{"line":74,"column":5}},"15":{"start":{"line":73,"column":6},"end":{"line":73,"column":18}},"16":{"start":{"line":77,"column":4},"end":{"line":80,"column":5}},"17":{"start":{"line":78,"column":6},"end":{"line":78,"column":46}},"18":{"start":{"line":79,"column":6},"end":{"line":79,"column":18}},"19":{"start":{"line":83,"column":4},"end":{"line":83,"column":24}},"20":{"start":{"line":84,"column":4},"end":{"line":84,"column":36}},"21":{"start":{"line":86,"column":4},"end":{"line":86,"column":22}},"22":{"start":{"line":93,"column":4},"end":{"line":95,"column":5}},"23":{"start":{"line":94,"column":6},"end":{"line":94,"column":41}},"24":{"start":{"line":97,"column":4},"end":{"line":102,"column":7}},"25":{"start":{"line":109,"column":18},"end":{"line":109,"column":47}},"26":{"start":{"line":111,"column":4},"end":{"line":113,"column":5}},"27":{"start":{"line":112,"column":6},"end":{"line":112,"column":18}},"28":{"start":{"line":115,"column":4},"end":{"line":118,"column":5}},"29":{"start":{"line":116,"column":6},"end":{"line":116,"column":39}},"30":{"start":{"line":117,"column":6},"end":{"line":117,"column":18}},"31":{"start":{"line":120,"column":4},"end":{"line":120,"column":24}},"32":{"start":{"line":121,"column":4},"end":{"line":121,"column":36}},"33":{"start":{"line":123,"column":4},"end":{"line":123,"column":22}},"34":{"start":{"line":130,"column":25},"end":{"line":136,"column":6}},"35":{"start":{"line":138,"column":4},"end":{"line":138,"column":41}},"36":{"start":{"line":145,"column":4},"end":{"line":168,"column":6}},"37":{"start":{"line":151,"column":22},"end":{"line":151,"column":37}},"38":{"start":{"line":152,"column":20},"end":{"line":152,"column":63}},"39":{"start":{"line":154,"column":8},"end":{"line":156,"column":9}},"40":{"start":{"line":155,"column":10},"end":{"line":155,"column":20}},"41":{"start":{"line":158,"column":8},"end":{"line":158,"column":42}},"42":{"start":{"line":162,"column":8},"end":{"line":162,"column":55}},"43":{"start":{"line":166,"column":8},"end":{"line":166,"column":24}},"44":{"start":{"line":176,"column":22},"end":{"line":176,"column":55}},"45":{"start":{"line":177,"column":24},"end":{"line":177,"column":57}},"46":{"start":{"line":178,"column":27},"end":{"line":178,"column":60}},"47":{"start":{"line":181,"column":4},"end":{"line":199,"column":5}},"48":{"start":{"line":183,"column":6},"end":{"line":185,"column":7}},"49":{"start":{"line":184,"column":8},"end":{"line":184,"column":40}},"50":{"start":{"line":186,"column":6},"end":{"line":186,"column":49}},"51":{"start":{"line":189,"column":6},"end":{"line":191,"column":7}},"52":{"start":{"line":190,"column":8},"end":{"line":190,"column":44}},"53":{"start":{"line":192,"column":6},"end":{"line":192,"column":53}},"54":{"start":{"line":195,"column":6},"end":{"line":197,"column":7}},"55":{"start":{"line":196,"column":8},"end":{"line":196,"column":50}},"56":{"start":{"line":198,"column":6},"end":{"line":198,"column":59}},"57":{"start":{"line":201,"column":4},"end":{"line":234,"column":6}},"58":{"start":{"line":203,"column":8},"end":{"line":203,"column":48}},"59":{"start":{"line":203,"column":32},"end":{"line":203,"column":48}},"60":{"start":{"line":205,"column":24},"end":{"line":205,"column":47}},"61":{"start":{"line":206,"column":8},"end":{"line":209,"column":9}},"62":{"start":{"line":207,"column":31},"end":{"line":207,"column":56}},"63":{"start":{"line":208,"column":10},"end":{"line":208,"column":56}},"64":{"start":{"line":208,"column":38},"end":{"line":208,"column":54}},"65":{"start":{"line":210,"column":8},"end":{"line":210,"column":35}},"66":{"start":{"line":214,"column":8},"end":{"line":214,"column":51}},"67":{"start":{"line":214,"column":35},"end":{"line":214,"column":51}},"68":{"start":{"line":216,"column":24},"end":{"line":216,"column":47}},"69":{"start":{"line":217,"column":8},"end":{"line":220,"column":9}},"70":{"start":{"line":218,"column":33},"end":{"line":218,"column":62}},"71":{"start":{"line":219,"column":10},"end":{"line":219,"column":58}},"72":{"start":{"line":219,"column":40},"end":{"line":219,"column":56}},"73":{"start":{"line":221,"column":8},"end":{"line":221,"column":35}},"74":{"start":{"line":225,"column":8},"end":{"line":225,"column":53}},"75":{"start":{"line":225,"column":37},"end":{"line":225,"column":53}},"76":{"start":{"line":227,"column":24},"end":{"line":227,"column":47}},"77":{"start":{"line":228,"column":8},"end":{"line":231,"column":9}},"78":{"start":{"line":229,"column":36},"end":{"line":229,"column":71}},"79":{"start":{"line":230,"column":10},"end":{"line":230,"column":61}},"80":{"start":{"line":230,"column":43},"end":{"line":230,"column":59}},"81":{"start":{"line":232,"column":8},"end":{"line":232,"column":35}},"82":{"start":{"line":241,"column":4},"end":{"line":244,"column":5}},"83":{"start":{"line":242,"column":6},"end":{"line":242,"column":33}},"84":{"start":{"line":243,"column":6},"end":{"line":243,"column":13}},"85":{"start":{"line":246,"column":24},"end":{"line":246,"column":54}},"86":{"start":{"line":247,"column":4},"end":{"line":247,"column":28}},"87":{"start":{"line":250,"column":4},"end":{"line":252,"column":5}},"88":{"start":{"line":251,"column":6},"end":{"line":251,"column":26}},"89":{"start":{"line":259,"column":27},"end":{"line":269,"column":5}},"90":{"start":{"line":260,"column":6},"end":{"line":260,"column":75}},"91":{"start":{"line":260,"column":31},"end":{"line":260,"column":75}},"92":{"start":{"line":262,"column":18},"end":{"line":262,"column":51}},"93":{"start":{"line":262,"column":42},"end":{"line":262,"column":47}},"94":{"start":{"line":263,"column":6},"end":{"line":268,"column":8}},"95":{"start":{"line":271,"column":4},"end":{"line":289,"column":6}},"96":{"start":{"line":299,"column":22},"end":{"line":299,"column":39}},"97":{"start":{"line":301,"column":19},"end":{"line":301,"column":23}},"98":{"start":{"line":303,"column":4},"end":{"line":312,"column":5}},"99":{"start":{"line":304,"column":6},"end":{"line":307,"column":9}},"100":{"start":{"line":305,"column":25},"end":{"line":305,"column":54}},"101":{"start":{"line":306,"column":8},"end":{"line":306,"column":48}},"102":{"start":{"line":309,"column":23},"end":{"line":309,"column":52}},"103":{"start":{"line":310,"column":6},"end":{"line":310,"column":46}},"104":{"start":{"line":311,"column":6},"end":{"line":311,"column":20}},"105":{"start":{"line":322,"column":25},"end":{"line":322,"column":29}},"106":{"start":{"line":324,"column":4},"end":{"line":333,"column":6}},"107":{"start":{"line":325,"column":6},"end":{"line":327,"column":7}},"108":{"start":{"line":326,"column":8},"end":{"line":326,"column":32}},"109":{"start":{"line":329,"column":6},"end":{"line":332,"column":16}},"110":{"start":{"line":330,"column":8},"end":{"line":330,"column":31}},"111":{"start":{"line":331,"column":8},"end":{"line":331,"column":25}},"112":{"start":{"line":343,"column":24},"end":{"line":343,"column":25}},"113":{"start":{"line":345,"column":4},"end":{"line":352,"column":6}},"114":{"start":{"line":346,"column":18},"end":{"line":346,"column":28}},"115":{"start":{"line":348,"column":6},"end":{"line":351,"column":7}},"116":{"start":{"line":349,"column":8},"end":{"line":349,"column":31}},"117":{"start":{"line":350,"column":8},"end":{"line":350,"column":28}},"118":{"start":{"line":359,"column":4},"end":{"line":359,"column":30}},"119":{"start":{"line":360,"column":4},"end":{"line":360,"column":28}},"120":{"start":{"line":361,"column":4},"end":{"line":361,"column":49}},"121":{"start":{"line":368,"column":16},"end":{"line":368,"column":26}},"122":{"start":{"line":371,"column":4},"end":{"line":371,"column":38}},"123":{"start":{"line":374,"column":4},"end":{"line":374,"column":42}},"124":{"start":{"line":377,"column":4},"end":{"line":379,"column":5}},"125":{"start":{"line":378,"column":7},"end":{"line":378,"column":27}},"126":{"start":{"line":381,"column":4},"end":{"line":381,"column":52}},"127":{"start":{"line":388,"column":31},"end":{"line":390,"column":5}},"128":{"start":{"line":389,"column":6},"end":{"line":389,"column":44}},"129":{"start":{"line":392,"column":20},"end":{"line":392,"column":21}},"130":{"start":{"line":394,"column":4},"end":{"line":396,"column":7}},"131":{"start":{"line":395,"column":6},"end":{"line":395,"column":45}},"132":{"start":{"line":398,"column":4},"end":{"line":400,"column":7}},"133":{"start":{"line":399,"column":6},"end":{"line":399,"column":45}},"134":{"start":{"line":402,"column":4},"end":{"line":405,"column":6}},"135":{"start":{"line":413,"column":4},"end":{"line":418,"column":14}},"136":{"start":{"line":414,"column":6},"end":{"line":417,"column":7}},"137":{"start":{"line":415,"column":25},"end":{"line":415,"column":51}},"138":{"start":{"line":416,"column":8},"end":{"line":416,"column":65}},"139":{"start":{"line":425,"column":4},"end":{"line":427,"column":30}},"140":{"start":{"line":426,"column":6},"end":{"line":426,"column":40}},"141":{"start":{"line":434,"column":4},"end":{"line":437,"column":5}},"142":{"start":{"line":435,"column":6},"end":{"line":435,"column":39}},"143":{"start":{"line":436,"column":6},"end":{"line":436,"column":31}},"144":{"start":{"line":439,"column":4},"end":{"line":439,"column":23}},"145":{"start":{"line":446,"column":20},"end":{"line":446,"column":22}},"146":{"start":{"line":447,"column":21},"end":{"line":447,"column":31}},"147":{"start":{"line":449,"column":4},"end":{"line":454,"column":7}},"148":{"start":{"line":450,"column":6},"end":{"line":453,"column":7}},"149":{"start":{"line":451,"column":8},"end":{"line":451,"column":40}},"150":{"start":{"line":452,"column":8},"end":{"line":452,"column":24}},"151":{"start":{"line":456,"column":4},"end":{"line":458,"column":5}},"152":{"start":{"line":457,"column":6},"end":{"line":457,"column":42}},"153":{"start":{"line":465,"column":20},"end":{"line":465,"column":22}},"154":{"start":{"line":466,"column":21},"end":{"line":466,"column":31}},"155":{"start":{"line":468,"column":4},"end":{"line":473,"column":7}},"156":{"start":{"line":469,"column":6},"end":{"line":472,"column":7}},"157":{"start":{"line":470,"column":8},"end":{"line":470,"column":40}},"158":{"start":{"line":471,"column":8},"end":{"line":471,"column":24}},"159":{"start":{"line":475,"column":4},"end":{"line":477,"column":5}},"160":{"start":{"line":476,"column":6},"end":{"line":476,"column":40}},"161":{"start":{"line":484,"column":24},"end":{"line":484,"column":25}},"162":{"start":{"line":485,"column":20},"end":{"line":485,"column":21}},"163":{"start":{"line":487,"column":4},"end":{"line":492,"column":7}},"164":{"start":{"line":488,"column":6},"end":{"line":488,"column":41}},"165":{"start":{"line":489,"column":6},"end":{"line":491,"column":7}},"166":{"start":{"line":490,"column":8},"end":{"line":490,"column":43}},"167":{"start":{"line":494,"column":4},"end":{"line":494,"column":61}},"168":{"start":{"line":501,"column":16},"end":{"line":501,"column":26}},"169":{"start":{"line":504,"column":4},"end":{"line":508,"column":7}},"170":{"start":{"line":505,"column":6},"end":{"line":507,"column":7}},"171":{"start":{"line":506,"column":8},"end":{"line":506,"column":38}},"172":{"start":{"line":511,"column":4},"end":{"line":515,"column":7}},"173":{"start":{"line":512,"column":6},"end":{"line":514,"column":7}},"174":{"start":{"line":513,"column":8},"end":{"line":513,"column":36}},"175":{"start":{"line":25,"column":0},"end":{"line":25,"column":13}},"176":{"start":{"line":520,"column":13},"end":{"line":520,"column":69}}},"fnMap":{"0":{"name":"(anonymous_0)","decl":{"start":{"line":34,"column":2},"end":{"line":34,"column":null}},"loc":{"start":{"line":34,"column":2},"end":{"line":45,"column":3}}},"1":{"name":"(anonymous_1)","decl":{"start":{"line":50,"column":2},"end":{"line":50,"column":14}},"loc":{"start":{"line":50,"column":36},"end":{"line":64,"column":3}}},"2":{"name":"(anonymous_2)","decl":{"start":{"line":69,"column":2},"end":{"line":69,"column":18}},"loc":{"start":{"line":69,"column":40},"end":{"line":87,"column":3}}},"3":{"name":"(anonymous_3)","decl":{"start":{"line":92,"column":2},"end":{"line":92,"column":12}},"loc":{"start":{"line":92,"column":55},"end":{"line":103,"column":3}}},"4":{"name":"(anonymous_4)","decl":{"start":{"line":108,"column":2},"end":{"line":108,"column":16}},"loc":{"start":{"line":108,"column":33},"end":{"line":124,"column":3}}},"5":{"name":"(anonymous_5)","decl":{"start":{"line":129,"column":2},"end":{"line":129,"column":18}},"loc":{"start":{"line":129,"column":73},"end":{"line":139,"column":3}}},"6":{"name":"(anonymous_6)","decl":{"start":{"line":144,"column":2},"end":{"line":144,"column":25}},"loc":{"start":{"line":144,"column":73},"end":{"line":169,"column":3}}},"7":{"name":"(anonymous_7)","decl":{"start":{"line":150,"column":16},"end":{"line":150,"column":17}},"loc":{"start":{"line":150,"column":49},"end":{"line":159,"column":7}}},"8":{"name":"(anonymous_8)","decl":{"start":{"line":161,"column":19},"end":{"line":161,"column":20}},"loc":{"start":{"line":161,"column":45},"end":{"line":163,"column":7}}},"9":{"name":"(anonymous_9)","decl":{"start":{"line":165,"column":23},"end":{"line":165,"column":24}},"loc":{"start":{"line":165,"column":49},"end":{"line":167,"column":7}}},"10":{"name":"(anonymous_10)","decl":{"start":{"line":174,"column":2},"end":{"line":174,"column":23}},"loc":{"start":{"line":174,"column":48},"end":{"line":235,"column":3}}},"11":{"name":"(anonymous_11)","decl":{"start":{"line":202,"column":20},"end":{"line":202,"column":21}},"loc":{"start":{"line":202,"column":56},"end":{"line":211,"column":7}}},"12":{"name":"(anonymous_12)","decl":{"start":{"line":208,"column":31},"end":{"line":208,"column":34}},"loc":{"start":{"line":208,"column":38},"end":{"line":208,"column":54}}},"13":{"name":"(anonymous_13)","decl":{"start":{"line":213,"column":22},"end":{"line":213,"column":23}},"loc":{"start":{"line":213,"column":61},"end":{"line":222,"column":7}}},"14":{"name":"(anonymous_14)","decl":{"start":{"line":219,"column":33},"end":{"line":219,"column":36}},"loc":{"start":{"line":219,"column":40},"end":{"line":219,"column":56}}},"15":{"name":"(anonymous_15)","decl":{"start":{"line":224,"column":25},"end":{"line":224,"column":26}},"loc":{"start":{"line":224,"column":66},"end":{"line":233,"column":7}}},"16":{"name":"(anonymous_16)","decl":{"start":{"line":230,"column":36},"end":{"line":230,"column":39}},"loc":{"start":{"line":230,"column":43},"end":{"line":230,"column":59}}},"17":{"name":"(anonymous_17)","decl":{"start":{"line":240,"column":2},"end":{"line":240,"column":14}},"loc":{"start":{"line":240,"column":60},"end":{"line":253,"column":3}}},"18":{"name":"(anonymous_18)","decl":{"start":{"line":258,"column":2},"end":{"line":258,"column":21}},"loc":{"start":{"line":258,"column":21},"end":{"line":290,"column":3}}},"19":{"name":"(anonymous_19)","decl":{"start":{"line":259,"column":27},"end":{"line":259,"column":28}},"loc":{"start":{"line":259,"column":48},"end":{"line":269,"column":5}}},"20":{"name":"(anonymous_20)","decl":{"start":{"line":262,"column":32},"end":{"line":262,"column":33}},"loc":{"start":{"line":262,"column":42},"end":{"line":262,"column":47}}},"21":{"name":"(anonymous_21)","decl":{"start":{"line":295,"column":2},"end":{"line":295,"column":15}},"loc":{"start":{"line":297,"column":81},"end":{"line":313,"column":3}}},"22":{"name":"(anonymous_22)","decl":{"start":{"line":304,"column":28},"end":{"line":304,"column":31}},"loc":{"start":{"line":304,"column":33},"end":{"line":307,"column":7}}},"23":{"name":"(anonymous_23)","decl":{"start":{"line":318,"column":2},"end":{"line":318,"column":10}},"loc":{"start":{"line":320,"column":17},"end":{"line":334,"column":3}}},"24":{"name":"(anonymous_24)","decl":{"start":{"line":324,"column":11},"end":{"line":324,"column":12}},"loc":{"start":{"line":324,"column":38},"end":{"line":333,"column":5}}},"25":{"name":"(anonymous_25)","decl":{"start":{"line":329,"column":29},"end":{"line":329,"column":32}},"loc":{"start":{"line":329,"column":34},"end":{"line":332,"column":7}}},"26":{"name":"(anonymous_26)","decl":{"start":{"line":339,"column":2},"end":{"line":339,"column":10}},"loc":{"start":{"line":341,"column":17},"end":{"line":353,"column":3}}},"27":{"name":"(anonymous_27)","decl":{"start":{"line":345,"column":11},"end":{"line":345,"column":12}},"loc":{"start":{"line":345,"column":38},"end":{"line":352,"column":5}}},"28":{"name":"(anonymous_28)","decl":{"start":{"line":358,"column":2},"end":{"line":358,"column":13}},"loc":{"start":{"line":358,"column":13},"end":{"line":362,"column":3}}},"29":{"name":"(anonymous_29)","decl":{"start":{"line":367,"column":2},"end":{"line":367,"column":16}},"loc":{"start":{"line":367,"column":16},"end":{"line":382,"column":3}}},"30":{"name":"(anonymous_30)","decl":{"start":{"line":387,"column":2},"end":{"line":387,"column":16}},"loc":{"start":{"line":387,"column":16},"end":{"line":406,"column":3}}},"31":{"name":"(anonymous_31)","decl":{"start":{"line":388,"column":31},"end":{"line":388,"column":32}},"loc":{"start":{"line":388,"column":52},"end":{"line":390,"column":5}}},"32":{"name":"(anonymous_32)","decl":{"start":{"line":394,"column":30},"end":{"line":394,"column":35}},"loc":{"start":{"line":394,"column":38},"end":{"line":396,"column":5}}},"33":{"name":"(anonymous_33)","decl":{"start":{"line":398,"column":28},"end":{"line":398,"column":33}},"loc":{"start":{"line":398,"column":36},"end":{"line":400,"column":5}}},"34":{"name":"(anonymous_34)","decl":{"start":{"line":411,"column":10},"end":{"line":411,"column":36}},"loc":{"start":{"line":411,"column":36},"end":{"line":419,"column":3}}},"35":{"name":"(anonymous_35)","decl":{"start":{"line":413,"column":16},"end":{"line":413,"column":19}},"loc":{"start":{"line":413,"column":21},"end":{"line":418,"column":5}}},"36":{"name":"(anonymous_36)","decl":{"start":{"line":424,"column":10},"end":{"line":424,"column":27}},"loc":{"start":{"line":424,"column":27},"end":{"line":428,"column":3}}},"37":{"name":"(anonymous_37)","decl":{"start":{"line":425,"column":36},"end":{"line":425,"column":39}},"loc":{"start":{"line":425,"column":41},"end":{"line":427,"column":5}}},"38":{"name":"(anonymous_38)","decl":{"start":{"line":433,"column":2},"end":{"line":433,"column":9}},"loc":{"start":{"line":433,"column":9},"end":{"line":440,"column":3}}},"39":{"name":"(anonymous_39)","decl":{"start":{"line":445,"column":10},"end":{"line":445,"column":32}},"loc":{"start":{"line":445,"column":32},"end":{"line":459,"column":3}}},"40":{"name":"(anonymous_40)","decl":{"start":{"line":449,"column":30},"end":{"line":449,"column":31}},"loc":{"start":{"line":449,"column":45},"end":{"line":454,"column":5}}},"41":{"name":"(anonymous_41)","decl":{"start":{"line":464,"column":10},"end":{"line":464,"column":37}},"loc":{"start":{"line":464,"column":37},"end":{"line":478,"column":3}}},"42":{"name":"(anonymous_42)","decl":{"start":{"line":468,"column":28},"end":{"line":468,"column":29}},"loc":{"start":{"line":468,"column":43},"end":{"line":473,"column":5}}},"43":{"name":"(anonymous_43)","decl":{"start":{"line":483,"column":10},"end":{"line":483,"column":31}},"loc":{"start":{"line":483,"column":68},"end":{"line":495,"column":3}}},"44":{"name":"(anonymous_44)","decl":{"start":{"line":487,"column":18},"end":{"line":487,"column":23}},"loc":{"start":{"line":487,"column":26},"end":{"line":492,"column":5}}},"45":{"name":"(anonymous_45)","decl":{"start":{"line":500,"column":10},"end":{"line":500,"column":36}},"loc":{"start":{"line":500,"column":36},"end":{"line":516,"column":3}}},"46":{"name":"(anonymous_46)","decl":{"start":{"line":504,"column":30},"end":{"line":504,"column":31}},"loc":{"start":{"line":504,"column":45},"end":{"line":508,"column":5}}},"47":{"name":"(anonymous_47)","decl":{"start":{"line":511,"column":28},"end":{"line":511,"column":29}},"loc":{"start":{"line":511,"column":43},"end":{"line":515,"column":5}}}},"branchMap":{"0":{"loc":{"start":{"line":54,"column":4},"end":{"line":56,"column":5}},"type":"if","locations":[{"start":{"line":54,"column":4},"end":{"line":56,"column":5}}]},"1":{"loc":{"start":{"line":72,"column":4},"end":{"line":74,"column":5}},"type":"if","locations":[{"start":{"line":72,"column":4},"end":{"line":74,"column":5}}]},"2":{"loc":{"start":{"line":77,"column":4},"end":{"line":80,"column":5}},"type":"if","locations":[{"start":{"line":77,"column":4},"end":{"line":80,"column":5}}]},"3":{"loc":{"start":{"line":93,"column":4},"end":{"line":95,"column":5}},"type":"if","locations":[{"start":{"line":93,"column":4},"end":{"line":95,"column":5}}]},"4":{"loc":{"start":{"line":111,"column":4},"end":{"line":113,"column":5}},"type":"if","locations":[{"start":{"line":111,"column":4},"end":{"line":113,"column":5}}]},"5":{"loc":{"start":{"line":115,"column":4},"end":{"line":118,"column":5}},"type":"if","locations":[{"start":{"line":115,"column":4},"end":{"line":118,"column":5}}]},"6":{"loc":{"start":{"line":135,"column":14},"end":{"line":135,"column":35}},"type":"binary-expr","locations":[{"start":{"line":135,"column":14},"end":{"line":135,"column":20}},{"start":{"line":135,"column":24},"end":{"line":135,"column":35}}]},"7":{"loc":{"start":{"line":144,"column":52},"end":{"line":144,"column":73}},"type":"default-arg","locations":[{"start":{"line":144,"column":71},"end":{"line":144,"column":73}}]},"8":{"loc":{"start":{"line":154,"column":8},"end":{"line":156,"column":9}},"type":"if","locations":[{"start":{"line":154,"column":8},"end":{"line":156,"column":9}}]},"9":{"loc":{"start":{"line":183,"column":6},"end":{"line":185,"column":7}},"type":"if","locations":[{"start":{"line":183,"column":6},"end":{"line":185,"column":7}}]},"10":{"loc":{"start":{"line":189,"column":6},"end":{"line":191,"column":7}},"type":"if","locations":[{"start":{"line":189,"column":6},"end":{"line":191,"column":7}}]},"11":{"loc":{"start":{"line":195,"column":6},"end":{"line":197,"column":7}},"type":"if","locations":[{"start":{"line":195,"column":6},"end":{"line":197,"column":7}}]},"12":{"loc":{"start":{"line":203,"column":8},"end":{"line":203,"column":48}},"type":"if","locations":[{"start":{"line":203,"column":8},"end":{"line":203,"column":48}}]},"13":{"loc":{"start":{"line":207,"column":31},"end":{"line":207,"column":56}},"type":"binary-expr","locations":[{"start":{"line":207,"column":31},"end":{"line":207,"column":50}},{"start":{"line":207,"column":54},"end":{"line":207,"column":56}}]},"14":{"loc":{"start":{"line":214,"column":8},"end":{"line":214,"column":51}},"type":"if","locations":[{"start":{"line":214,"column":8},"end":{"line":214,"column":51}}]},"15":{"loc":{"start":{"line":218,"column":33},"end":{"line":218,"column":62}},"type":"binary-expr","locations":[{"start":{"line":218,"column":33},"end":{"line":218,"column":56}},{"start":{"line":218,"column":60},"end":{"line":218,"column":62}}]},"16":{"loc":{"start":{"line":225,"column":8},"end":{"line":225,"column":53}},"type":"if","locations":[{"start":{"line":225,"column":8},"end":{"line":225,"column":53}}]},"17":{"loc":{"start":{"line":229,"column":36},"end":{"line":229,"column":71}},"type":"binary-expr","locations":[{"start":{"line":229,"column":36},"end":{"line":229,"column":65}},{"start":{"line":229,"column":69},"end":{"line":229,"column":71}}]},"18":{"loc":{"start":{"line":241,"column":4},"end":{"line":244,"column":5}},"type":"if","locations":[{"start":{"line":241,"column":4},"end":{"line":244,"column":5}}]},"19":{"loc":{"start":{"line":250,"column":4},"end":{"line":252,"column":5}},"type":"if","locations":[{"start":{"line":250,"column":4},"end":{"line":252,"column":5}}]},"20":{"loc":{"start":{"line":260,"column":6},"end":{"line":260,"column":75}},"type":"if","locations":[{"start":{"line":260,"column":6},"end":{"line":260,"column":75}}]},"21":{"loc":{"start":{"line":303,"column":4},"end":{"line":312,"column":5}},"type":"if","locations":[{"start":{"line":303,"column":4},"end":{"line":312,"column":5}},{"start":{"line":308,"column":11},"end":{"line":312,"column":5}}]},"22":{"loc":{"start":{"line":325,"column":6},"end":{"line":327,"column":7}},"type":"if","locations":[{"start":{"line":325,"column":6},"end":{"line":327,"column":7}}]},"23":{"loc":{"start":{"line":348,"column":6},"end":{"line":351,"column":7}},"type":"if","locations":[{"start":{"line":348,"column":6},"end":{"line":351,"column":7}}]},"24":{"loc":{"start":{"line":377,"column":4},"end":{"line":379,"column":5}},"type":"if","locations":[{"start":{"line":377,"column":4},"end":{"line":379,"column":5}}]},"25":{"loc":{"start":{"line":377,"column":8},"end":{"line":377,"column":66}},"type":"binary-expr","locations":[{"start":{"line":377,"column":8},"end":{"line":377,"column":22}},{"start":{"line":377,"column":26},"end":{"line":377,"column":66}}]},"26":{"loc":{"start":{"line":414,"column":6},"end":{"line":417,"column":7}},"type":"if","locations":[{"start":{"line":414,"column":6},"end":{"line":417,"column":7}}]},"27":{"loc":{"start":{"line":414,"column":10},"end":{"line":414,"column":64}},"type":"binary-expr","locations":[{"start":{"line":414,"column":10},"end":{"line":414,"column":33}},{"start":{"line":414,"column":38},"end":{"line":414,"column":64}}]},"28":{"loc":{"start":{"line":434,"column":4},"end":{"line":437,"column":5}},"type":"if","locations":[{"start":{"line":434,"column":4},"end":{"line":437,"column":5}}]},"29":{"loc":{"start":{"line":450,"column":6},"end":{"line":453,"column":7}},"type":"if","locations":[{"start":{"line":450,"column":6},"end":{"line":453,"column":7}}]},"30":{"loc":{"start":{"line":456,"column":4},"end":{"line":458,"column":5}},"type":"if","locations":[{"start":{"line":456,"column":4},"end":{"line":458,"column":5}}]},"31":{"loc":{"start":{"line":469,"column":6},"end":{"line":472,"column":7}},"type":"if","locations":[{"start":{"line":469,"column":6},"end":{"line":472,"column":7}}]},"32":{"loc":{"start":{"line":475,"column":4},"end":{"line":477,"column":5}},"type":"if","locations":[{"start":{"line":475,"column":4},"end":{"line":477,"column":5}}]},"33":{"loc":{"start":{"line":489,"column":6},"end":{"line":491,"column":7}},"type":"if","locations":[{"start":{"line":489,"column":6},"end":{"line":491,"column":7}}]},"34":{"loc":{"start":{"line":494,"column":11},"end":{"line":494,"column":60}},"type":"cond-expr","locations":[{"start":{"line":494,"column":31},"end":{"line":494,"column":56}},{"start":{"line":494,"column":59},"end":{"line":494,"column":60}}]},"35":{"loc":{"start":{"line":505,"column":6},"end":{"line":507,"column":7}},"type":"if","locations":[{"start":{"line":505,"column":6},"end":{"line":507,"column":7}}]},"36":{"loc":{"start":{"line":512,"column":6},"end":{"line":514,"column":7}},"type":"if","locations":[{"start":{"line":512,"column":6},"end":{"line":514,"column":7}}]}},"s":{"0":0,"1":0,"2":0,"3":0,"4":0,"5":0,"6":0,"7":0,"8":0,"9":0,"10":0,"11":0,"12":0,"13":0,"14":0,"15":0,"16":0,"17":0,"18":0,"19":0,"20":0,"21":0,"22":0,"23":0,"24":0,"25":0,"26":0,"27":0,"28":0,"29":0,"30":0,"31":0,"32":0,"33":0,"34":0,"35":0,"36":0,"37":0,"38":0,"39":0,"40":0,"41":0,"42":0,"43":0,"44":0,"45":0,"46":0,"47":0,"48":0,"49":0,"50":0,"51":0,"52":0,"53":0,"54":0,"55":0,"56":0,"57":0,"58":0,"59":0,"60":0,"61":0,"62":0,"63":0,"64":0,"65":0,"66":0,"67":0,"68":0,"69":0,"70":0,"71":0,"72":0,"73":0,"74":0,"75":0,"76":0,"77":0,"78":0,"79":0,"80":0,"81":0,"82":0,"83":0,"84":0,"85":0,"86":0,"87":0,"88":0,"89":0,"90":0,"91":0,"92":0,"93":0,"94":0,"95":0,"96":0,"97":0,"98":0,"99":0,"100":0,"101":0,"102":0,"103":0,"104":0,"105":0,"106":0,"107":0,"108":0,"109":0,"110":0,"111":0,"112":0,"113":0,"114":0,"115":0,"116":0,"117":0,"118":0,"119":0,"120":0,"121":0,"122":0,"123":0,"124":0,"125":0,"126":0,"127":0,"128":0,"129":0,"130":0,"131":0,"132":0,"133":0,"134":0,"135":0,"136":0,"137":0,"138":0,"139":0,"140":0,"141":0,"142":0,"143":0,"144":0,"145":0,"146":0,"147":0,"148":0,"149":0,"150":0,"151":0,"152":0,"153":0,"154":0,"155":0,"156":0,"157":0,"158":0,"159":0,"160":0,"161":0,"162":0,"163":0,"164":0,"165":0,"166":0,"167":0,"168":0,"169":0,"170":0,"171":0,"172":0,"173":0,"174":0,"175":0,"176":0},"f":{"0":0,"1":0,"2":0,"3":0,"4":0,"5":0,"6":0,"7":0,"8":0,"9":0,"10":0,"11":0,"12":0,"13":0,"14":0,"15":0,"16":0,"17":0,"18":0,"19":0,"20":0,"21":0,"22":0,"23":0,"24":0,"25":0,"26":0,"27":0,"28":0,"29":0,"30":0,"31":0,"32":0,"33":0,"34":0,"35":0,"36":0,"37":0,"38":0,"39":0,"40":0,"41":0,"42":0,"43":0,"44":0,"45":0,"46":0,"47":0},"b":{"0":[0],"1":[0],"2":[0],"3":[0],"4":[0],"5":[0],"6":[0,0],"7":[0],"8":[0],"9":[0],"10":[0],"11":[0],"12":[0],"13":[0,0],"14":[0],"15":[0,0],"16":[0],"17":[0,0],"18":[0],"19":[0],"20":[0],"21":[0,0],"22":[0],"23":[0],"24":[0],"25":[0,0],"26":[0],"27":[0,0],"28":[0],"29":[0],"30":[0],"31":[0],"32":[0],"33":[0],"34":[0,0],"35":[0],"36":[0]}}
,"/home/chous/work/semantest/extension.chrome/src/storage.ts": {"path":"/home/chous/work/semantest/extension.chrome/src/storage.ts","statementMap":{"0":{"start":{"line":38,"column":10},"end":{"line":38,"column":40}},"1":{"start":{"line":39,"column":19},"end":{"line":39,"column":42}},"2":{"start":{"line":40,"column":19},"end":{"line":40,"column":34}},"3":{"start":{"line":43,"column":4},"end":{"line":43,"column":16}},"4":{"start":{"line":47,"column":4},"end":{"line":92,"column":7}},"5":{"start":{"line":48,"column":22},"end":{"line":48,"column":67}},"6":{"start":{"line":50,"column":6},"end":{"line":53,"column":8}},"7":{"start":{"line":51,"column":8},"end":{"line":51,"column":68}},"8":{"start":{"line":52,"column":8},"end":{"line":52,"column":30}},"9":{"start":{"line":55,"column":6},"end":{"line":59,"column":8}},"10":{"start":{"line":56,"column":8},"end":{"line":56,"column":33}},"11":{"start":{"line":57,"column":8},"end":{"line":57,"column":60}},"12":{"start":{"line":58,"column":8},"end":{"line":58,"column":18}},"13":{"start":{"line":61,"column":6},"end":{"line":91,"column":8}},"14":{"start":{"line":62,"column":20},"end":{"line":62,"column":60}},"15":{"start":{"line":65,"column":8},"end":{"line":72,"column":9}},"16":{"start":{"line":66,"column":32},"end":{"line":66,"column":93}},"17":{"start":{"line":67,"column":10},"end":{"line":67,"column":75}},"18":{"start":{"line":68,"column":10},"end":{"line":68,"column":75}},"19":{"start":{"line":69,"column":10},"end":{"line":69,"column":69}},"20":{"start":{"line":70,"column":10},"end":{"line":70,"column":81}},"21":{"start":{"line":71,"column":10},"end":{"line":71,"column":77}},"22":{"start":{"line":75,"column":8},"end":{"line":81,"column":9}},"23":{"start":{"line":76,"column":36},"end":{"line":76,"column":95}},"24":{"start":{"line":77,"column":10},"end":{"line":77,"column":85}},"25":{"start":{"line":78,"column":10},"end":{"line":78,"column":79}},"26":{"start":{"line":79,"column":10},"end":{"line":79,"column":85}},"27":{"start":{"line":80,"column":10},"end":{"line":80,"column":85}},"28":{"start":{"line":84,"column":8},"end":{"line":88,"column":9}},"29":{"start":{"line":85,"column":31},"end":{"line":85,"column":92}},"30":{"start":{"line":86,"column":10},"end":{"line":86,"column":86}},"31":{"start":{"line":87,"column":10},"end":{"line":87,"column":96}},"32":{"start":{"line":90,"column":8},"end":{"line":90,"column":79}},"33":{"start":{"line":97,"column":4},"end":{"line":97,"column":62}},"34":{"start":{"line":97,"column":18},"end":{"line":97,"column":62}},"35":{"start":{"line":99,"column":43},"end":{"line":103,"column":6}},"36":{"start":{"line":105,"column":4},"end":{"line":119,"column":7}},"37":{"start":{"line":106,"column":26},"end":{"line":106,"column":83}},"38":{"start":{"line":107,"column":20},"end":{"line":107,"column":65}},"39":{"start":{"line":108,"column":22},"end":{"line":108,"column":44}},"40":{"start":{"line":110,"column":6},"end":{"line":113,"column":8}},"41":{"start":{"line":111,"column":8},"end":{"line":111,"column":67}},"42":{"start":{"line":112,"column":8},"end":{"line":112,"column":32}},"43":{"start":{"line":115,"column":6},"end":{"line":118,"column":8}},"44":{"start":{"line":116,"column":8},"end":{"line":116,"column":77}},"45":{"start":{"line":117,"column":8},"end":{"line":117,"column":30}},"46":{"start":{"line":129,"column":4},"end":{"line":129,"column":62}},"47":{"start":{"line":129,"column":18},"end":{"line":129,"column":62}},"48":{"start":{"line":131,"column":4},"end":{"line":173,"column":7}},"49":{"start":{"line":132,"column":26},"end":{"line":132,"column":82}},"50":{"start":{"line":133,"column":20},"end":{"line":133,"column":65}},"51":{"start":{"line":137,"column":6},"end":{"line":145,"column":7}},"52":{"start":{"line":138,"column":22},"end":{"line":138,"column":43}},"53":{"start":{"line":139,"column":8},"end":{"line":139,"column":47}},"54":{"start":{"line":140,"column":13},"end":{"line":145,"column":7}},"55":{"start":{"line":141,"column":22},"end":{"line":141,"column":43}},"56":{"start":{"line":142,"column":8},"end":{"line":142,"column":47}},"57":{"start":{"line":144,"column":8},"end":{"line":144,"column":33}},"58":{"start":{"line":147,"column":6},"end":{"line":167,"column":8}},"59":{"start":{"line":148,"column":23},"end":{"line":148,"column":60}},"60":{"start":{"line":151,"column":8},"end":{"line":161,"column":9}},"61":{"start":{"line":152,"column":10},"end":{"line":154,"column":11}},"62":{"start":{"line":153,"column":12},"end":{"line":153,"column":74}},"63":{"start":{"line":153,"column":44},"end":{"line":153,"column":72}},"64":{"start":{"line":155,"column":10},"end":{"line":157,"column":11}},"65":{"start":{"line":156,"column":12},"end":{"line":156,"column":55}},"66":{"start":{"line":156,"column":44},"end":{"line":156,"column":53}},"67":{"start":{"line":158,"column":10},"end":{"line":160,"column":11}},"68":{"start":{"line":159,"column":12},"end":{"line":159,"column":56}},"69":{"start":{"line":164,"column":8},"end":{"line":164,"column":59}},"70":{"start":{"line":164,"column":32},"end":{"line":164,"column":57}},"71":{"start":{"line":166,"column":8},"end":{"line":166,"column":26}},"72":{"start":{"line":169,"column":6},"end":{"line":172,"column":8}},"73":{"start":{"line":170,"column":8},"end":{"line":170,"column":77}},"74":{"start":{"line":171,"column":8},"end":{"line":171,"column":30}},"75":{"start":{"line":177,"column":4},"end":{"line":177,"column":62}},"76":{"start":{"line":177,"column":18},"end":{"line":177,"column":62}},"77":{"start":{"line":179,"column":4},"end":{"line":214,"column":7}},"78":{"start":{"line":180,"column":26},"end":{"line":180,"column":83}},"79":{"start":{"line":181,"column":20},"end":{"line":181,"column":65}},"80":{"start":{"line":184,"column":25},"end":{"line":184,"column":38}},"81":{"start":{"line":186,"column":6},"end":{"line":208,"column":8}},"82":{"start":{"line":187,"column":32},"end":{"line":187,"column":49}},"83":{"start":{"line":188,"column":8},"end":{"line":191,"column":9}},"84":{"start":{"line":189,"column":10},"end":{"line":189,"column":49}},"85":{"start":{"line":190,"column":10},"end":{"line":190,"column":17}},"86":{"start":{"line":194,"column":31},"end":{"line":194,"column":65}},"87":{"start":{"line":197,"column":27},"end":{"line":197,"column":52}},"88":{"start":{"line":199,"column":8},"end":{"line":202,"column":10}},"89":{"start":{"line":200,"column":10},"end":{"line":200,"column":59}},"90":{"start":{"line":201,"column":10},"end":{"line":201,"column":20}},"91":{"start":{"line":204,"column":8},"end":{"line":207,"column":10}},"92":{"start":{"line":205,"column":10},"end":{"line":205,"column":84}},"93":{"start":{"line":206,"column":10},"end":{"line":206,"column":35}},"94":{"start":{"line":210,"column":6},"end":{"line":213,"column":8}},"95":{"start":{"line":211,"column":8},"end":{"line":211,"column":90}},"96":{"start":{"line":212,"column":8},"end":{"line":212,"column":33}},"97":{"start":{"line":219,"column":4},"end":{"line":219,"column":62}},"98":{"start":{"line":219,"column":18},"end":{"line":219,"column":62}},"99":{"start":{"line":221,"column":45},"end":{"line":225,"column":6}},"100":{"start":{"line":227,"column":4},"end":{"line":241,"column":7}},"101":{"start":{"line":228,"column":26},"end":{"line":228,"column":81}},"102":{"start":{"line":229,"column":20},"end":{"line":229,"column":63}},"103":{"start":{"line":230,"column":22},"end":{"line":230,"column":48}},"104":{"start":{"line":232,"column":6},"end":{"line":235,"column":8}},"105":{"start":{"line":233,"column":8},"end":{"line":233,"column":69}},"106":{"start":{"line":234,"column":8},"end":{"line":234,"column":36}},"107":{"start":{"line":237,"column":6},"end":{"line":240,"column":8}},"108":{"start":{"line":238,"column":8},"end":{"line":238,"column":75}},"109":{"start":{"line":239,"column":8},"end":{"line":239,"column":30}},"110":{"start":{"line":250,"column":4},"end":{"line":250,"column":62}},"111":{"start":{"line":250,"column":18},"end":{"line":250,"column":62}},"112":{"start":{"line":252,"column":4},"end":{"line":291,"column":7}},"113":{"start":{"line":253,"column":26},"end":{"line":253,"column":80}},"114":{"start":{"line":254,"column":20},"end":{"line":254,"column":63}},"115":{"start":{"line":258,"column":6},"end":{"line":266,"column":7}},"116":{"start":{"line":259,"column":22},"end":{"line":259,"column":46}},"117":{"start":{"line":260,"column":8},"end":{"line":260,"column":50}},"118":{"start":{"line":261,"column":13},"end":{"line":266,"column":7}},"119":{"start":{"line":262,"column":22},"end":{"line":262,"column":43}},"120":{"start":{"line":263,"column":8},"end":{"line":263,"column":47}},"121":{"start":{"line":265,"column":8},"end":{"line":265,"column":33}},"122":{"start":{"line":268,"column":6},"end":{"line":285,"column":8}},"123":{"start":{"line":269,"column":27},"end":{"line":269,"column":62}},"124":{"start":{"line":272,"column":8},"end":{"line":279,"column":9}},"125":{"start":{"line":273,"column":10},"end":{"line":275,"column":11}},"126":{"start":{"line":274,"column":12},"end":{"line":274,"column":87}},"127":{"start":{"line":274,"column":52},"end":{"line":274,"column":85}},"128":{"start":{"line":276,"column":10},"end":{"line":278,"column":11}},"129":{"start":{"line":277,"column":12},"end":{"line":277,"column":64}},"130":{"start":{"line":282,"column":8},"end":{"line":282,"column":63}},"131":{"start":{"line":282,"column":36},"end":{"line":282,"column":61}},"132":{"start":{"line":284,"column":8},"end":{"line":284,"column":30}},"133":{"start":{"line":287,"column":6},"end":{"line":290,"column":8}},"134":{"start":{"line":288,"column":8},"end":{"line":288,"column":75}},"135":{"start":{"line":289,"column":8},"end":{"line":289,"column":30}},"136":{"start":{"line":296,"column":4},"end":{"line":296,"column":62}},"137":{"start":{"line":296,"column":18},"end":{"line":296,"column":62}},"138":{"start":{"line":298,"column":32},"end":{"line":301,"column":6}},"139":{"start":{"line":303,"column":4},"end":{"line":317,"column":7}},"140":{"start":{"line":304,"column":26},"end":{"line":304,"column":79}},"141":{"start":{"line":305,"column":20},"end":{"line":305,"column":61}},"142":{"start":{"line":306,"column":22},"end":{"line":306,"column":52}},"143":{"start":{"line":308,"column":6},"end":{"line":311,"column":8}},"144":{"start":{"line":309,"column":8},"end":{"line":309,"column":62}},"145":{"start":{"line":310,"column":8},"end":{"line":310,"column":18}},"146":{"start":{"line":313,"column":6},"end":{"line":316,"column":8}},"147":{"start":{"line":314,"column":8},"end":{"line":314,"column":73}},"148":{"start":{"line":315,"column":8},"end":{"line":315,"column":30}},"149":{"start":{"line":321,"column":4},"end":{"line":321,"column":62}},"150":{"start":{"line":321,"column":18},"end":{"line":321,"column":62}},"151":{"start":{"line":323,"column":4},"end":{"line":336,"column":7}},"152":{"start":{"line":324,"column":26},"end":{"line":324,"column":78}},"153":{"start":{"line":325,"column":20},"end":{"line":325,"column":61}},"154":{"start":{"line":326,"column":22},"end":{"line":326,"column":39}},"155":{"start":{"line":328,"column":6},"end":{"line":330,"column":8}},"156":{"start":{"line":329,"column":8},"end":{"line":329,"column":40}},"157":{"start":{"line":332,"column":6},"end":{"line":335,"column":8}},"158":{"start":{"line":333,"column":8},"end":{"line":333,"column":72}},"159":{"start":{"line":334,"column":8},"end":{"line":334,"column":30}},"160":{"start":{"line":341,"column":4},"end":{"line":341,"column":62}},"161":{"start":{"line":341,"column":18},"end":{"line":341,"column":62}},"162":{"start":{"line":343,"column":23},"end":{"line":343,"column":73}},"163":{"start":{"line":345,"column":4},"end":{"line":383,"column":7}},"164":{"start":{"line":346,"column":26},"end":{"line":346,"column":103}},"165":{"start":{"line":349,"column":28},"end":{"line":349,"column":73}},"166":{"start":{"line":350,"column":28},"end":{"line":350,"column":60}},"167":{"start":{"line":351,"column":28},"end":{"line":351,"column":62}},"168":{"start":{"line":353,"column":6},"end":{"line":359,"column":8}},"169":{"start":{"line":354,"column":24},"end":{"line":354,"column":58}},"170":{"start":{"line":355,"column":8},"end":{"line":358,"column":9}},"171":{"start":{"line":356,"column":10},"end":{"line":356,"column":26}},"172":{"start":{"line":357,"column":10},"end":{"line":357,"column":28}},"173":{"start":{"line":362,"column":32},"end":{"line":362,"column":75}},"174":{"start":{"line":363,"column":32},"end":{"line":363,"column":68}},"175":{"start":{"line":364,"column":32},"end":{"line":364,"column":66}},"176":{"start":{"line":366,"column":6},"end":{"line":372,"column":8}},"177":{"start":{"line":367,"column":24},"end":{"line":367,"column":58}},"178":{"start":{"line":368,"column":8},"end":{"line":371,"column":9}},"179":{"start":{"line":369,"column":10},"end":{"line":369,"column":26}},"180":{"start":{"line":370,"column":10},"end":{"line":370,"column":28}},"181":{"start":{"line":374,"column":6},"end":{"line":377,"column":8}},"182":{"start":{"line":375,"column":8},"end":{"line":375,"column":71}},"183":{"start":{"line":376,"column":8},"end":{"line":376,"column":18}},"184":{"start":{"line":379,"column":6},"end":{"line":382,"column":8}},"185":{"start":{"line":380,"column":8},"end":{"line":380,"column":72}},"186":{"start":{"line":381,"column":8},"end":{"line":381,"column":34}},"187":{"start":{"line":391,"column":4},"end":{"line":391,"column":62}},"188":{"start":{"line":391,"column":18},"end":{"line":391,"column":62}},"189":{"start":{"line":393,"column":4},"end":{"line":437,"column":7}},"190":{"start":{"line":394,"column":26},"end":{"line":394,"column":120}},"191":{"start":{"line":396,"column":20},"end":{"line":400,"column":8}},"192":{"start":{"line":402,"column":28},"end":{"line":402,"column":29}},"193":{"start":{"line":403,"column":26},"end":{"line":403,"column":27}},"194":{"start":{"line":405,"column":30},"end":{"line":410,"column":7}},"195":{"start":{"line":406,"column":8},"end":{"line":406,"column":26}},"196":{"start":{"line":407,"column":8},"end":{"line":409,"column":9}},"197":{"start":{"line":408,"column":10},"end":{"line":408,"column":25}},"198":{"start":{"line":413,"column":30},"end":{"line":413,"column":83}},"199":{"start":{"line":414,"column":6},"end":{"line":417,"column":8}},"200":{"start":{"line":415,"column":8},"end":{"line":415,"column":58}},"201":{"start":{"line":416,"column":8},"end":{"line":416,"column":26}},"202":{"start":{"line":420,"column":34},"end":{"line":420,"column":85}},"203":{"start":{"line":421,"column":6},"end":{"line":424,"column":8}},"204":{"start":{"line":422,"column":8},"end":{"line":422,"column":60}},"205":{"start":{"line":423,"column":8},"end":{"line":423,"column":26}},"206":{"start":{"line":427,"column":29},"end":{"line":427,"column":78}},"207":{"start":{"line":428,"column":6},"end":{"line":431,"column":8}},"208":{"start":{"line":429,"column":8},"end":{"line":429,"column":53}},"209":{"start":{"line":430,"column":8},"end":{"line":430,"column":26}},"210":{"start":{"line":433,"column":6},"end":{"line":436,"column":8}},"211":{"start":{"line":434,"column":8},"end":{"line":434,"column":75}},"212":{"start":{"line":435,"column":8},"end":{"line":435,"column":34}},"213":{"start":{"line":442,"column":13},"end":{"line":442,"column":53}}},"fnMap":{"0":{"name":"(anonymous_0)","decl":{"start":{"line":42,"column":2},"end":{"line":42,"column":null}},"loc":{"start":{"line":42,"column":2},"end":{"line":44,"column":3}}},"1":{"name":"(anonymous_1)","decl":{"start":{"line":46,"column":2},"end":{"line":46,"column":7}},"loc":{"start":{"line":46,"column":12},"end":{"line":93,"column":3}}},"2":{"name":"(anonymous_2)","decl":{"start":{"line":47,"column":23},"end":{"line":47,"column":24}},"loc":{"start":{"line":47,"column":43},"end":{"line":92,"column":5}}},"3":{"name":"(anonymous_3)","decl":{"start":{"line":50,"column":24},"end":{"line":50,"column":27}},"loc":{"start":{"line":50,"column":29},"end":{"line":53,"column":7}}},"4":{"name":"(anonymous_4)","decl":{"start":{"line":55,"column":26},"end":{"line":55,"column":29}},"loc":{"start":{"line":55,"column":31},"end":{"line":59,"column":7}}},"5":{"name":"(anonymous_5)","decl":{"start":{"line":61,"column":32},"end":{"line":61,"column":33}},"loc":{"start":{"line":61,"column":42},"end":{"line":91,"column":7}}},"6":{"name":"(anonymous_6)","decl":{"start":{"line":96,"column":2},"end":{"line":96,"column":7}},"loc":{"start":{"line":96,"column":82},"end":{"line":120,"column":3}}},"7":{"name":"(anonymous_7)","decl":{"start":{"line":105,"column":23},"end":{"line":105,"column":24}},"loc":{"start":{"line":105,"column":43},"end":{"line":119,"column":5}}},"8":{"name":"(anonymous_8)","decl":{"start":{"line":110,"column":26},"end":{"line":110,"column":29}},"loc":{"start":{"line":110,"column":31},"end":{"line":113,"column":7}}},"9":{"name":"(anonymous_9)","decl":{"start":{"line":115,"column":24},"end":{"line":115,"column":27}},"loc":{"start":{"line":115,"column":29},"end":{"line":118,"column":7}}},"10":{"name":"(anonymous_10)","decl":{"start":{"line":122,"column":2},"end":{"line":122,"column":7}},"loc":{"start":{"line":128,"column":3},"end":{"line":174,"column":3}}},"11":{"name":"(anonymous_11)","decl":{"start":{"line":131,"column":23},"end":{"line":131,"column":24}},"loc":{"start":{"line":131,"column":43},"end":{"line":173,"column":5}}},"12":{"name":"(anonymous_12)","decl":{"start":{"line":147,"column":26},"end":{"line":147,"column":29}},"loc":{"start":{"line":147,"column":31},"end":{"line":167,"column":7}}},"13":{"name":"(anonymous_13)","decl":{"start":{"line":153,"column":39},"end":{"line":153,"column":40}},"loc":{"start":{"line":153,"column":44},"end":{"line":153,"column":72}}},"14":{"name":"(anonymous_14)","decl":{"start":{"line":156,"column":39},"end":{"line":156,"column":40}},"loc":{"start":{"line":156,"column":44},"end":{"line":156,"column":53}}},"15":{"name":"(anonymous_15)","decl":{"start":{"line":164,"column":22},"end":{"line":164,"column":23}},"loc":{"start":{"line":164,"column":32},"end":{"line":164,"column":57}}},"16":{"name":"(anonymous_16)","decl":{"start":{"line":169,"column":24},"end":{"line":169,"column":27}},"loc":{"start":{"line":169,"column":29},"end":{"line":172,"column":7}}},"17":{"name":"(anonymous_17)","decl":{"start":{"line":176,"column":2},"end":{"line":176,"column":7}},"loc":{"start":{"line":176,"column":79},"end":{"line":215,"column":3}}},"18":{"name":"(anonymous_18)","decl":{"start":{"line":179,"column":23},"end":{"line":179,"column":28}},"loc":{"start":{"line":179,"column":49},"end":{"line":214,"column":5}}},"19":{"name":"(anonymous_19)","decl":{"start":{"line":186,"column":29},"end":{"line":186,"column":32}},"loc":{"start":{"line":186,"column":34},"end":{"line":208,"column":7}}},"20":{"name":"(anonymous_20)","decl":{"start":{"line":199,"column":31},"end":{"line":199,"column":34}},"loc":{"start":{"line":199,"column":36},"end":{"line":202,"column":9}}},"21":{"name":"(anonymous_21)","decl":{"start":{"line":204,"column":29},"end":{"line":204,"column":32}},"loc":{"start":{"line":204,"column":34},"end":{"line":207,"column":9}}},"22":{"name":"(anonymous_22)","decl":{"start":{"line":210,"column":27},"end":{"line":210,"column":30}},"loc":{"start":{"line":210,"column":32},"end":{"line":213,"column":7}}},"23":{"name":"(anonymous_23)","decl":{"start":{"line":218,"column":2},"end":{"line":218,"column":7}},"loc":{"start":{"line":218,"column":82},"end":{"line":242,"column":3}}},"24":{"name":"(anonymous_24)","decl":{"start":{"line":227,"column":23},"end":{"line":227,"column":24}},"loc":{"start":{"line":227,"column":43},"end":{"line":241,"column":5}}},"25":{"name":"(anonymous_25)","decl":{"start":{"line":232,"column":26},"end":{"line":232,"column":29}},"loc":{"start":{"line":232,"column":31},"end":{"line":235,"column":7}}},"26":{"name":"(anonymous_26)","decl":{"start":{"line":237,"column":24},"end":{"line":237,"column":27}},"loc":{"start":{"line":237,"column":29},"end":{"line":240,"column":7}}},"27":{"name":"(anonymous_27)","decl":{"start":{"line":244,"column":2},"end":{"line":244,"column":7}},"loc":{"start":{"line":249,"column":3},"end":{"line":292,"column":3}}},"28":{"name":"(anonymous_28)","decl":{"start":{"line":252,"column":23},"end":{"line":252,"column":24}},"loc":{"start":{"line":252,"column":43},"end":{"line":291,"column":5}}},"29":{"name":"(anonymous_29)","decl":{"start":{"line":268,"column":26},"end":{"line":268,"column":29}},"loc":{"start":{"line":268,"column":31},"end":{"line":285,"column":7}}},"30":{"name":"(anonymous_30)","decl":{"start":{"line":274,"column":47},"end":{"line":274,"column":48}},"loc":{"start":{"line":274,"column":52},"end":{"line":274,"column":85}}},"31":{"name":"(anonymous_31)","decl":{"start":{"line":282,"column":26},"end":{"line":282,"column":27}},"loc":{"start":{"line":282,"column":36},"end":{"line":282,"column":61}}},"32":{"name":"(anonymous_32)","decl":{"start":{"line":287,"column":24},"end":{"line":287,"column":27}},"loc":{"start":{"line":287,"column":29},"end":{"line":290,"column":7}}},"33":{"name":"(anonymous_33)","decl":{"start":{"line":295,"column":2},"end":{"line":295,"column":7}},"loc":{"start":{"line":295,"column":47},"end":{"line":318,"column":3}}},"34":{"name":"(anonymous_34)","decl":{"start":{"line":303,"column":23},"end":{"line":303,"column":24}},"loc":{"start":{"line":303,"column":43},"end":{"line":317,"column":5}}},"35":{"name":"(anonymous_35)","decl":{"start":{"line":308,"column":26},"end":{"line":308,"column":29}},"loc":{"start":{"line":308,"column":31},"end":{"line":311,"column":7}}},"36":{"name":"(anonymous_36)","decl":{"start":{"line":313,"column":24},"end":{"line":313,"column":27}},"loc":{"start":{"line":313,"column":29},"end":{"line":316,"column":7}}},"37":{"name":"(anonymous_37)","decl":{"start":{"line":320,"column":2},"end":{"line":320,"column":7}},"loc":{"start":{"line":320,"column":39},"end":{"line":337,"column":3}}},"38":{"name":"(anonymous_38)","decl":{"start":{"line":323,"column":23},"end":{"line":323,"column":24}},"loc":{"start":{"line":323,"column":43},"end":{"line":336,"column":5}}},"39":{"name":"(anonymous_39)","decl":{"start":{"line":328,"column":26},"end":{"line":328,"column":29}},"loc":{"start":{"line":328,"column":31},"end":{"line":330,"column":7}}},"40":{"name":"(anonymous_40)","decl":{"start":{"line":332,"column":24},"end":{"line":332,"column":27}},"loc":{"start":{"line":332,"column":29},"end":{"line":335,"column":7}}},"41":{"name":"(anonymous_41)","decl":{"start":{"line":340,"column":2},"end":{"line":340,"column":7}},"loc":{"start":{"line":340,"column":47},"end":{"line":384,"column":3}}},"42":{"name":"(anonymous_42)","decl":{"start":{"line":345,"column":23},"end":{"line":345,"column":24}},"loc":{"start":{"line":345,"column":43},"end":{"line":383,"column":5}}},"43":{"name":"(anonymous_43)","decl":{"start":{"line":353,"column":58},"end":{"line":353,"column":59}},"loc":{"start":{"line":353,"column":68},"end":{"line":359,"column":7}}},"44":{"name":"(anonymous_44)","decl":{"start":{"line":366,"column":66},"end":{"line":366,"column":67}},"loc":{"start":{"line":366,"column":76},"end":{"line":372,"column":7}}},"45":{"name":"(anonymous_45)","decl":{"start":{"line":374,"column":31},"end":{"line":374,"column":34}},"loc":{"start":{"line":374,"column":36},"end":{"line":377,"column":7}}},"46":{"name":"(anonymous_46)","decl":{"start":{"line":379,"column":28},"end":{"line":379,"column":31}},"loc":{"start":{"line":379,"column":33},"end":{"line":382,"column":7}}},"47":{"name":"(anonymous_47)","decl":{"start":{"line":386,"column":2},"end":{"line":386,"column":7}},"loc":{"start":{"line":386,"column":23},"end":{"line":438,"column":3}}},"48":{"name":"(anonymous_48)","decl":{"start":{"line":393,"column":23},"end":{"line":393,"column":24}},"loc":{"start":{"line":393,"column":43},"end":{"line":437,"column":5}}},"49":{"name":"(anonymous_49)","decl":{"start":{"line":405,"column":30},"end":{"line":405,"column":33}},"loc":{"start":{"line":405,"column":35},"end":{"line":410,"column":7}}},"50":{"name":"(anonymous_50)","decl":{"start":{"line":414,"column":34},"end":{"line":414,"column":37}},"loc":{"start":{"line":414,"column":39},"end":{"line":417,"column":7}}},"51":{"name":"(anonymous_51)","decl":{"start":{"line":421,"column":38},"end":{"line":421,"column":41}},"loc":{"start":{"line":421,"column":43},"end":{"line":424,"column":7}}},"52":{"name":"(anonymous_52)","decl":{"start":{"line":428,"column":33},"end":{"line":428,"column":36}},"loc":{"start":{"line":428,"column":38},"end":{"line":431,"column":7}}},"53":{"name":"(anonymous_53)","decl":{"start":{"line":433,"column":28},"end":{"line":433,"column":31}},"loc":{"start":{"line":433,"column":33},"end":{"line":436,"column":7}}}},"branchMap":{"0":{"loc":{"start":{"line":65,"column":8},"end":{"line":72,"column":9}},"type":"if","locations":[{"start":{"line":65,"column":8},"end":{"line":72,"column":9}}]},"1":{"loc":{"start":{"line":75,"column":8},"end":{"line":81,"column":9}},"type":"if","locations":[{"start":{"line":75,"column":8},"end":{"line":81,"column":9}}]},"2":{"loc":{"start":{"line":84,"column":8},"end":{"line":88,"column":9}},"type":"if","locations":[{"start":{"line":84,"column":8},"end":{"line":88,"column":9}}]},"3":{"loc":{"start":{"line":97,"column":4},"end":{"line":97,"column":62}},"type":"if","locations":[{"start":{"line":97,"column":4},"end":{"line":97,"column":62}}]},"4":{"loc":{"start":{"line":129,"column":4},"end":{"line":129,"column":62}},"type":"if","locations":[{"start":{"line":129,"column":4},"end":{"line":129,"column":62}}]},"5":{"loc":{"start":{"line":137,"column":6},"end":{"line":145,"column":7}},"type":"if","locations":[{"start":{"line":137,"column":6},"end":{"line":145,"column":7}},{"start":{"line":140,"column":13},"end":{"line":145,"column":7}}]},"6":{"loc":{"start":{"line":140,"column":13},"end":{"line":145,"column":7}},"type":"if","locations":[{"start":{"line":140,"column":13},"end":{"line":145,"column":7}},{"start":{"line":143,"column":13},"end":{"line":145,"column":7}}]},"7":{"loc":{"start":{"line":151,"column":8},"end":{"line":161,"column":9}},"type":"if","locations":[{"start":{"line":151,"column":8},"end":{"line":161,"column":9}}]},"8":{"loc":{"start":{"line":152,"column":10},"end":{"line":154,"column":11}},"type":"if","locations":[{"start":{"line":152,"column":10},"end":{"line":154,"column":11}}]},"9":{"loc":{"start":{"line":155,"column":10},"end":{"line":157,"column":11}},"type":"if","locations":[{"start":{"line":155,"column":10},"end":{"line":157,"column":11}}]},"10":{"loc":{"start":{"line":158,"column":10},"end":{"line":160,"column":11}},"type":"if","locations":[{"start":{"line":158,"column":10},"end":{"line":160,"column":11}}]},"11":{"loc":{"start":{"line":177,"column":4},"end":{"line":177,"column":62}},"type":"if","locations":[{"start":{"l
[...]
,"/home/chous/work/semantest/extension.chrome/src/shared/patterns/event-handling.ts": {"path":"/home/chous/work/semantest/extension.chrome/src/shared/patterns/event-handling.ts","statementMap":{"0":{"start":{"line":6,"column":0},"end":{"line":6,"column":38}},"1":{"start":{"line":12,"column":10},"end":{"line":12,"column":47}},"2":{"start":{"line":18,"column":4},"end":{"line":18,"column":38}},"3":{"start":{"line":25,"column":4},"end":{"line":25,"column":37}},"4":{"start":{"line":26,"column":4},"end":{"line":26,"column":70}},"5":{"start":{"line":26,"column":36},"end":{"line":26,"column":68}},"6":{"start":{"line":27,"column":4},"end":{"line":27,"column":16}},"7":{"start":{"line":34,"column":4},"end":{"line":34,"column":39}},"8":{"start":{"line":35,"column":4},"end":{"line":35,"column":16}},"9":{"start":{"line":42,"column":4},"end":{"line":42,"column":38}},"10":{"start":{"line":43,"column":4},"end":{"line":43,"column":16}},"11":{"start":{"line":47,"column":4},"end":{"line":47,"column":55}},"12":{"start":{"line":47,"column":44},"end":{"line":47,"column":53}},"13":{"start":{"line":48,"column":4},"end":{"line":48,"column":30}},"14":{"start":{"line":49,"column":4},"end":{"line":49,"column":30}},"15":{"start":{"line":11,"column":0},"end":{"line":11,"column":13}},"16":{"start":{"line":58,"column":10},"end":{"line":58,"column":39}},"17":{"start":{"line":59,"column":10},"end":{"line":59,"column":59}},"18":{"start":{"line":62,"column":4},"end":{"line":64,"column":5}},"19":{"start":{"line":63,"column":6},"end":{"line":63,"column":41}},"20":{"start":{"line":65,"column":4},"end":{"line":65,"column":29}},"21":{"start":{"line":69,"column":4},"end":{"line":71,"column":5}},"22":{"start":{"line":70,"column":6},"end":{"line":70,"column":47}},"23":{"start":{"line":73,"column":4},"end":{"line":73,"column":48}},"24":{"start":{"line":74,"column":4},"end":{"line":74,"column":43}},"25":{"start":{"line":77,"column":4},"end":{"line":80,"column":6}},"26":{"start":{"line":78,"column":6},"end":{"line":78,"column":53}},"27":{"start":{"line":79,"column":6},"end":{"line":79,"column":46}},"28":{"start":{"line":84,"column":4},"end":{"line":84,"column":35}},"29":{"start":{"line":88,"column":4},"end":{"line":88,"column":38}},"30":{"start":{"line":89,"column":4},"end":{"line":89,"column":31}},"31":{"start":{"line":56,"column":0},"end":{"line":56,"column":13}},"32":{"start":{"line":101,"column":10},"end":{"line":101,"column":55}},"33":{"start":{"line":104,"column":4},"end":{"line":104,"column":39}},"34":{"start":{"line":111,"column":20},"end":{"line":111,"column":53}},"35":{"start":{"line":112,"column":4},"end":{"line":114,"column":5}},"36":{"start":{"line":113,"column":6},"end":{"line":113,"column":77}},"37":{"start":{"line":115,"column":4},"end":{"line":115,"column":43}},"38":{"start":{"line":119,"column":4},"end":{"line":127,"column":7}},"39":{"start":{"line":120,"column":6},"end":{"line":125,"column":11}},"40":{"start":{"line":123,"column":10},"end":{"line":123,"column":58}},"41":{"start":{"line":124,"column":10},"end":{"line":124,"column":49}},"42":{"start":{"line":126,"column":6},"end":{"line":126,"column":18}},"43":{"start":{"line":100,"column":0},"end":{"line":100,"column":13}}},"fnMap":{"0":{"name":"(anonymous_0)","decl":{"start":{"line":11,"column":0},"end":{"line":11,"column":13}},"loc":{"start":{"line":11,"column":0},"end":{"line":51,"column":1}}},"1":{"name":"(anonymous_1)","decl":{"start":{"line":14,"column":2},"end":{"line":14,"column":6}},"loc":{"start":{"line":16,"column":76},"end":{"line":19,"column":3}}},"2":{"name":"(anonymous_2)","decl":{"start":{"line":21,"column":2},"end":{"line":21,"column":4}},"loc":{"start":{"line":23,"column":109},"end":{"line":28,"column":3}}},"3":{"name":"(anonymous_3)","decl":{"start":{"line":26,"column":30},"end":{"line":26,"column":33}},"loc":{"start":{"line":26,"column":36},"end":{"line":26,"column":68}}},"4":{"name":"(anonymous_4)","decl":{"start":{"line":30,"column":2},"end":{"line":30,"column":6}},"loc":{"start":{"line":32,"column":109},"end":{"line":36,"column":3}}},"5":{"name":"(anonymous_5)","decl":{"start":{"line":38,"column":2},"end":{"line":38,"column":5}},"loc":{"start":{"line":40,"column":109},"end":{"line":44,"column":3}}},"6":{"name":"(anonymous_6)","decl":{"start":{"line":46,"column":2},"end":{"line":46,"column":9}},"loc":{"start":{"line":46,"column":9},"end":{"line":50,"column":3}}},"7":{"name":"(anonymous_7)","decl":{"start":{"line":47,"column":33},"end":{"line":47,"column":40}},"loc":{"start":{"line":47,"column":44},"end":{"line":47,"column":53}}},"8":{"name":"(anonymous_8)","decl":{"start":{"line":56,"column":0},"end":{"line":56,"column":13}},"loc":{"start":{"line":56,"column":0},"end":{"line":91,"column":1}}},"9":{"name":"(anonymous_9)","decl":{"start":{"line":61,"column":2},"end":{"line":61,"column":8}},"loc":{"start":{"line":61,"column":20},"end":{"line":66,"column":3}}},"10":{"name":"(anonymous_10)","decl":{"start":{"line":68,"column":2},"end":{"line":68,"column":11}},"loc":{"start":{"line":68,"column":44},"end":{"line":81,"column":3}}},"11":{"name":"(anonymous_11)","decl":{"start":{"line":77,"column":11},"end":{"line":77,"column":14}},"loc":{"start":{"line":77,"column":16},"end":{"line":80,"column":5}}},"12":{"name":"(anonymous_12)","decl":{"start":{"line":83,"column":2},"end":{"line":83,"column":9}},"loc":{"start":{"line":83,"column":35},"end":{"line":85,"column":3}}},"13":{"name":"(anonymous_13)","decl":{"start":{"line":87,"column":2},"end":{"line":87,"column":7}},"loc":{"start":{"line":87,"column":7},"end":{"line":90,"column":3}}},"14":{"name":"(anonymous_14)","decl":{"start":{"line":100,"column":0},"end":{"line":100,"column":13}},"loc":{"start":{"line":100,"column":0},"end":{"line":129,"column":1}}},"15":{"name":"(anonymous_15)","decl":{"start":{"line":103,"column":2},"end":{"line":103,"column":10}},"loc":{"start":{"line":103,"column":50},"end":{"line":105,"column":3}}},"16":{"name":"(anonymous_16)","decl":{"start":{"line":107,"column":2},"end":{"line":107,"column":7}},"loc":{"start":{"line":109,"column":40},"end":{"line":116,"column":3}}},"17":{"name":"(anonymous_17)","decl":{"start":{"line":118,"column":2},"end":{"line":118,"column":8}},"loc":{"start":{"line":118,"column":8},"end":{"line":128,"column":3}}},"18":{"name":"(anonymous_18)","decl":{"start":{"line":119,"column":41},"end":{"line":119,"column":42}},"loc":{"start":{"line":119,"column":136},"end":{"line":127,"column":5}}},"19":{"name":"(anonymous_19)","decl":{"start":{"line":122,"column":15},"end":{"line":122,"column":20}},"loc":{"start":{"line":122,"column":23},"end":{"line":125,"column":9}}}},"branchMap":{"0":{"loc":{"start":{"line":62,"column":4},"end":{"line":64,"column":5}},"type":"if","locations":[{"start":{"line":62,"column":4},"end":{"line":64,"column":5}}]},"1":{"loc":{"start":{"line":69,"column":4},"end":{"line":71,"column":5}},"type":"if","locations":[{"start":{"line":69,"column":4},"end":{"line":71,"column":5}}]},"2":{"loc":{"start":{"line":112,"column":4},"end":{"line":114,"column":5}},"type":"if","locations":[{"start":{"line":112,"column":4},"end":{"line":114,"column":5}}]}},"s":{"0":0,"1":0,"2":0,"3":0,"4":0,"5":0,"6":0,"7":0,"8":0,"9":0,"10":0,"11":0,"12":0,"13":0,"14":0,"15":0,"16":0,"17":0,"18":0,"19":0,"20":0,"21":0,"22":0,"23":0,"24":0,"25":0,"26":0,"27":0,"28":0,"29":0,"30":0,"31":0,"32":0,"33":0,"34":0,"35":0,"36":0,"37":0,"38":0,"39":0,"40":0,"41":0,"42":0,"43":0},"f":{"0":0,"1":0,"2":0,"3":0,"4":0,"5":0,"6":0,"7":0,"8":0,"9":0,"10":0,"11":0,"12":0,"13":0,"14":0,"15":0,"16":0,"17":0,"18":0,"19":0},"b":{"0":[0],"1":[0],"2":[0]}}
,"/home/chous/work/semantest/extension.chrome/src/training/domain/events/training-events.ts": {"path":"/home/chous/work/semantest/extension.chrome/src/training/domain/events/training-events.ts","statementMap":{"0":{"start":{"line":10,"column":4},"end":{"line":10,"column":98}},"1":{"start":{"line":11,"column":4},"end":{"line":11,"column":32}},"2":{"start":{"line":12,"column":4},"end":{"line":12,"column":39}},"3":{"start":{"line":4,"column":0},"end":{"line":4,"column":22}},"4":{"start":{"line":26,"column":4},"end":{"line":26,"column":25}},"5":{"start":{"line":23,"column":20},"end":{"line":23,"column":35}},"6":{"start":{"line":20,"column":18},"end":{"line":20,"column":54}},"7":{"start":{"line":19,"column":0},"end":{"line":19,"column":13}},"8":{"start":{"line":38,"column":4},"end":{"line":38,"column":25}},"9":{"start":{"line":34,"column":20},"end":{"line":34,"column":37}},"10":{"start":{"line":35,"column":20},"end":{"line":35,"column":35}},"11":{"start":{"line":31,"column":18},"end":{"line":31,"column":52}},"12":{"start":{"line":30,"column":0},"end":{"line":30,"column":13}},"13":{"start":{"line":50,"column":4},"end":{"line":50,"column":25}},"14":{"start":{"line":46,"column":20},"end":{"line":46,"column":37}},"15":{"start":{"line":47,"column":20},"end":{"line":47,"column":34}},"16":{"start":{"line":43,"column":18},"end":{"line":43,"column":53}},"17":{"start":{"line":42,"column":0},"end":{"line":42,"column":13}},"18":{"start":{"line":64,"column":4},"end":{"line":64,"column":25}},"19":{"start":{"line":59,"column":20},"end":{"line":59,"column":39}},"20":{"start":{"line":60,"column":20},"end":{"line":60,"column":46}},"21":{"start":{"line":61,"column":20},"end":{"line":61,"column":45}},"22":{"start":{"line":56,"column":18},"end":{"line":56,"column":58}},"23":{"start":{"line":55,"column":0},"end":{"line":55,"column":13}},"24":{"start":{"line":78,"column":4},"end":{"line":78,"column":25}},"25":{"start":{"line":72,"column":20},"end":{"line":72,"column":36}},"26":{"start":{"line":73,"column":20},"end":{"line":73,"column":36}},"27":{"start":{"line":74,"column":20},"end":{"line":74,"column":39}},"28":{"start":{"line":75,"column":20},"end":{"line":75,"column":45}},"29":{"start":{"line":69,"column":18},"end":{"line":69,"column":48}},"30":{"start":{"line":68,"column":0},"end":{"line":68,"column":13}},"31":{"start":{"line":90,"column":4},"end":{"line":90,"column":25}},"32":{"start":{"line":86,"column":20},"end":{"line":86,"column":34}},"33":{"start":{"line":87,"column":20},"end":{"line":87,"column":39}},"34":{"start":{"line":83,"column":18},"end":{"line":83,"column":55}},"35":{"start":{"line":82,"column":0},"end":{"line":82,"column":13}},"36":{"start":{"line":105,"column":4},"end":{"line":105,"column":25}},"37":{"start":{"line":99,"column":20},"end":{"line":99,"column":39}},"38":{"start":{"line":100,"column":20},"end":{"line":100,"column":48}},"39":{"start":{"line":101,"column":20},"end":{"line":101,"column":36}},"40":{"start":{"line":102,"column":20},"end":{"line":102,"column":45}},"41":{"start":{"line":96,"column":18},"end":{"line":96,"column":57}},"42":{"start":{"line":95,"column":0},"end":{"line":95,"column":13}},"43":{"start":{"line":116,"column":4},"end":{"line":116,"column":25}},"44":{"start":{"line":113,"column":20},"end":{"line":113,"column":50}},"45":{"start":{"line":110,"column":18},"end":{"line":110,"column":47}},"46":{"start":{"line":109,"column":0},"end":{"line":109,"column":13}},"47":{"start":{"line":128,"column":4},"end":{"line":128,"column":25}},"48":{"start":{"line":124,"column":20},"end":{"line":124,"column":34}},"49":{"start":{"line":125,"column":20},"end":{"line":125,"column":39}},"50":{"start":{"line":121,"column":18},"end":{"line":121,"column":54}},"51":{"start":{"line":120,"column":0},"end":{"line":120,"column":13}},"52":{"start":{"line":142,"column":4},"end":{"line":142,"column":25}},"53":{"start":{"line":137,"column":20},"end":{"line":137,"column":50}},"54":{"start":{"line":138,"column":20},"end":{"line":138,"column":46}},"55":{"start":{"line":139,"column":20},"end":{"line":139,"column":38}},"56":{"start":{"line":134,"column":18},"end":{"line":134,"column":57}},"57":{"start":{"line":133,"column":0},"end":{"line":133,"column":13}},"58":{"start":{"line":154,"column":4},"end":{"line":154,"column":25}},"59":{"start":{"line":150,"column":20},"end":{"line":150,"column":37}},"60":{"start":{"line":151,"column":20},"end":{"line":151,"column":52}},"61":{"start":{"line":147,"column":18},"end":{"line":147,"column":58}},"62":{"start":{"line":146,"column":0},"end":{"line":146,"column":13}},"63":{"start":{"line":166,"column":4},"end":{"line":166,"column":25}},"64":{"start":{"line":162,"column":20},"end":{"line":162,"column":37}},"65":{"start":{"line":163,"column":20},"end":{"line":163,"column":34}},"66":{"start":{"line":159,"column":18},"end":{"line":159,"column":55}},"67":{"start":{"line":158,"column":0},"end":{"line":158,"column":13}},"68":{"start":{"line":179,"column":4},"end":{"line":179,"column":25}},"69":{"start":{"line":175,"column":20},"end":{"line":175,"column":37}},"70":{"start":{"line":176,"column":20},"end":{"line":176,"column":35}},"71":{"start":{"line":172,"column":18},"end":{"line":172,"column":55}},"72":{"start":{"line":171,"column":0},"end":{"line":171,"column":13}},"73":{"start":{"line":192,"column":4},"end":{"line":192,"column":25}},"74":{"start":{"line":187,"column":20},"end":{"line":187,"column":37}},"75":{"start":{"line":188,"column":20},"end":{"line":188,"column":36}},"76":{"start":{"line":189,"column":20},"end":{"line":189,"column":43}},"77":{"start":{"line":184,"column":18},"end":{"line":184,"column":53}},"78":{"start":{"line":183,"column":0},"end":{"line":183,"column":13}},"79":{"start":{"line":204,"column":4},"end":{"line":204,"column":25}},"80":{"start":{"line":201,"column":20},"end":{"line":201,"column":46}},"81":{"start":{"line":198,"column":18},"end":{"line":198,"column":54}},"82":{"start":{"line":197,"column":0},"end":{"line":197,"column":13}},"83":{"start":{"line":216,"column":4},"end":{"line":216,"column":25}},"84":{"start":{"line":212,"column":20},"end":{"line":212,"column":34}},"85":{"start":{"line":213,"column":20},"end":{"line":213,"column":43}},"86":{"start":{"line":209,"column":18},"end":{"line":209,"column":52}},"87":{"start":{"line":208,"column":0},"end":{"line":208,"column":13}},"88":{"start":{"line":228,"column":4},"end":{"line":228,"column":25}},"89":{"start":{"line":224,"column":20},"end":{"line":224,"column":34}},"90":{"start":{"line":225,"column":20},"end":{"line":225,"column":34}},"91":{"start":{"line":221,"column":18},"end":{"line":221,"column":52}},"92":{"start":{"line":220,"column":0},"end":{"line":220,"column":13}}},"fnMap":{"0":{"name":"(anonymous_0)","decl":{"start":{"line":9,"column":2},"end":{"line":9,"column":14}},"loc":{"start":{"line":9,"column":35},"end":{"line":13,"column":3}}},"1":{"name":"(anonymous_1)","decl":{"start":{"line":22,"column":2},"end":{"line":22,"column":null}},"loc":{"start":{"line":24,"column":25},"end":{"line":27,"column":3}}},"2":{"name":"(anonymous_2)","decl":{"start":{"line":33,"column":2},"end":{"line":33,"column":null}},"loc":{"start":{"line":36,"column":25},"end":{"line":39,"column":3}}},"3":{"name":"(anonymous_3)","decl":{"start":{"line":45,"column":2},"end":{"line":45,"column":null}},"loc":{"start":{"line":48,"column":25},"end":{"line":51,"column":3}}},"4":{"name":"(anonymous_4)","decl":{"start":{"line":58,"column":2},"end":{"line":58,"column":null}},"loc":{"start":{"line":62,"column":25},"end":{"line":65,"column":3}}},"5":{"name":"(anonymous_5)","decl":{"start":{"line":71,"column":2},"end":{"line":71,"column":null}},"loc":{"start":{"line":76,"column":25},"end":{"line":79,"column":3}}},"6":{"name":"(anonymous_6)","decl":{"start":{"line":85,"column":2},"end":{"line":85,"column":null}},"loc":{"start":{"line":88,"column":25},"end":{"line":91,"column":3}}},"7":{"name":"(anonymous_7)","decl":{"start":{"line":98,"column":2},"end":{"line":98,"column":null}},"loc":{"start":{"line":103,"column":25},"end":{"line":106,"column":3}}},"8":{"name":"(anonymous_8)","decl":{"start":{"line":112,"column":2},"end":{"line":112,"column":null}},"loc":{"start":{"line":114,"column":25},"end":{"line":117,"column":3}}},"9":{"name":"(anonymous_9)","decl":{"start":{"line":123,"column":2},"end":{"line":123,"column":null}},"loc":{"start":{"line":126,"column":25},"end":{"line":129,"column":3}}},"10":{"name":"(anonymous_10)","decl":{"start":{"line":136,"column":2},"end":{"line":136,"column":null}},"loc":{"start":{"line":140,"column":25},"end":{"line":143,"column":3}}},"11":{"name":"(anonymous_11)","decl":{"start":{"line":149,"column":2},"end":{"line":149,"column":null}},"loc":{"start":{"line":152,"column":25},"end":{"line":155,"column":3}}},"12":{"name":"(anonymous_12)","decl":{"start":{"line":161,"column":2},"end":{"line":161,"column":null}},"loc":{"start":{"line":164,"column":25},"end":{"line":167,"column":3}}},"13":{"name":"(anonymous_13)","decl":{"start":{"line":174,"column":2},"end":{"line":174,"column":null}},"loc":{"start":{"line":177,"column":25},"end":{"line":180,"column":3}}},"14":{"name":"(anonymous_14)","decl":{"start":{"line":186,"column":2},"end":{"line":186,"column":null}},"loc":{"start":{"line":190,"column":25},"end":{"line":193,"column":3}}},"15":{"name":"(anonymous_15)","decl":{"start":{"line":200,"column":2},"end":{"line":200,"column":null}},"loc":{"start":{"line":202,"column":25},"end":{"line":205,"column":3}}},"16":{"name":"(anonymous_16)","decl":{"start":{"line":211,"column":2},"end":{"line":211,"column":null}},"loc":{"start":{"line":214,"column":25},"end":{"line":217,"column":3}}},"17":{"name":"(anonymous_17)","decl":{"start":{"line":223,"column":2},"end":{"line":223,"column":null}},"loc":{"start":{"line":226,"column":25},"end":{"line":229,"column":3}}}},"branchMap":{},"s":{"0":0,"1":0,"2":0,"3":0,"4":0,"5":0,"6":0,"7":0,"8":0,"9":0,"10":0,"11":0,"12":0,"13":0,"14":0,"15":0,"16":0,"17":0,"18":0,"19":0,"20":0,"21":0,"22":0,"23":0,"24":0,"25":0,"26":0,"27":0,"28":0,"29":0,"30":0,"31":0,"32":0,"33":0,"34":0,"35":0,"36":0,"37":0,"38":0,"39":0,"40":0,"41":0,"42":0,"43":0,"44":0,"45":0,"46":0,"47":0,"48":0,"49":0,"50":0,"51":0,"52":0,"53":0,"54":0,"55":0,"56":0,"57":0,"58":0,"59":0,"60":0,"61":0,"62":0,"63":0,"64":0,"65":0,"66":0,"67":0,"68":0,"69":0,"70":0,"71":0,"72":0,"73":0,"74":0,"75":0,"76":0,"77":0,"78":0,"79":0,"80":0,"81":0,"82":0,"83":0,"84":0,"85":0,"86":0,"87":0,"88":0,"89":0,"90":0,"91":0,"92":0},"f":{"0":0,"1":0,"2":0,"3":0,"4":0,"5":0,"6":0,"7":0,"8":0,"9":0,"10":0,"11":0,"12":0,"13":0,"14":0,"15":0,"16":0,"17":0},"b":{}}
}
