{"total": {"lines":{"total":3089,"covered":1562,"skipped":0,"pct":50.56},"statements":{"total":3197,"covered":1609,"skipped":0,"pct":50.32},"functions":{"total":720,"covered":403,"skipped":0,"pct":55.97},"branches":{"total":930,"covered":356,"skipped":0,"pct":38.27},"branchesTrue":{"total":0,"covered":0,"skipped":0,"pct":100}}
,"/home/chous/work/semantest/extension.chrome/src/background-sdk.ts": {"lines":{"total":127,"covered":0,"skipped":0,"pct":0},"functions":{"total":25,"covered":0,"skipped":0,"pct":0},"statements":{"total":128,"covered":0,"skipped":0,"pct":0},"branches":{"total":43,"covered":0,"skipped":0,"pct":0}}
,"/home/chous/work/semantest/extension.chrome/src/background.ts": {"lines":{"total":266,"covered":0,"skipped":0,"pct":0},"functions":{"total":37,"covered":0,"skipped":0,"pct":0},"statements":{"total":267,"covered":0,"skipped":0,"pct":0},"branches":{"total":74,"covered":0,"skipped":0,"pct":0}}
,"/home/chous/work/semantest/extension.chrome/src/content_script.ts": {"lines":{"total":156,"covered":0,"skipped":0,"pct":0},"functions":{"total":18,"covered":0,"skipped":0,"pct":0},"statements":{"total":156,"covered":0,"skipped":0,"pct":0},"branches":{"total":65,"covered":0,"skipped":0,"pct":0}}
,"/home/chous/work/semantest/extension.chrome/src/message-store.ts": {"lines":{"total":112,"covered":112,"skipped":0,"pct":100},"functions":{"total":50,"covered":50,"skipped":0,"pct":100},"statements":{"total":121,"covered":121,"skipped":0,"pct":100},"branches":{"total":37,"covered":37,"skipped":0,"pct":100}}
,"/home/chous/work/semantest/extension.chrome/src/performance-optimizer.ts": {"lines":{"total":169,"covered":153,"skipped":0,"pct":90.53},"functions":{"total":48,"covered":45,"skipped":0,"pct":93.75},"statements":{"total":177,"covered":161,"skipped":0,"pct":90.96},"branches":{"total":45,"covered":34,"skipped":0,"pct":75.55}}
,"/home/chous/work/semantest/extension.chrome/src/storage.ts": {"lines":{"total":200,"covered":119,"skipped":0,"pct":59.5},"functions":{"total":54,"covered":34,"skipped":0,"pct":62.96},"statements":{"total":214,"covered":122,"skipped":0,"pct":57},"branches":{"total":34,"covered":9,"skipped":0,"pct":26.47}}
,"/home/chous/work/semantest/extension.chrome/src/time-travel-ui.ts": {"lines":{"total":128,"covered":114,"skipped":0,"pct":89.06},"functions":{"total":31,"covered":29,"skipped":0,"pct":93.54},"statements":{"total":139,"covered":122,"skipped":0,"pct":87.76},"branches":{"total":43,"covered":37,"skipped":0,"pct":86.04}}
,"/home/chous/work/semantest/extension.chrome/src/training-ui.ts": {"lines":{"total":194,"covered":163,"skipped":0,"pct":84.02},"functions":{"total":45,"covered":42,"skipped":0,"pct":93.33},"statements":{"total":217,"covered":172,"skipped":0,"pct":79.26},"branches":{"total":98,"covered":59,"skipped":0,"pct":60.2}}
,"/home/chous/work/semantest/extension.chrome/src/contracts/contract-execution-service.ts": {"lines":{"total":98,"covered":92,"skipped":0,"pct":93.87},"functions":{"total":17,"covered":17,"skipped":0,"pct":100},"statements":{"total":100,"covered":94,"skipped":0,"pct":94},"branches":{"total":45,"covered":36,"skipped":0,"pct":80}}
,"/home/chous/work/semantest/extension.chrome/src/downloads/domain/entities/file-download.ts": {"lines":{"total":74,"covered":61,"skipped":0,"pct":82.43},"functions":{"total":20,"covered":12,"skipped":0,"pct":60},"statements":{"total":85,"covered":63,"skipped":0,"pct":74.11},"branches":{"total":39,"covered":24,"skipped":0,"pct":61.53}}
,"/home/chous/work/semantest/extension.chrome/src/downloads/domain/events/download-events.ts": {"lines":{"total":102,"covered":102,"skipped":0,"pct":100},"functions":{"total":16,"covered":16,"skipped":0,"pct":100},"statements":{"total":102,"covered":102,"skipped":0,"pct":100},"branches":{"total":0,"covered":0,"skipped":0,"pct":100}}
,"/home/chous/work/semantest/extension.chrome/src/health-checks/health-check-handler.ts": {"lines":{"total":51,"covered":45,"skipped":0,"pct":88.23},"functions":{"total":10,"covered":8,"skipped":0,"pct":80},"statements":{"total":52,"covered":46,"skipped":0,"pct":88.46},"branches":{"total":15,"covered":10,"skipped":0,"pct":66.66}}
,"/home/chous/work/semantest/extension.chrome/src/health-checks/tab-health.ts": {"lines":{"total":31,"covered":31,"skipped":0,"pct":100},"functions":{"total":8,"covered":8,"skipped":0,"pct":100},"statements":{"total":31,"covered":31,"skipped":0,"pct":100},"branches":{"total":12,"covered":12,"skipped":0,"pct":100}}
,"/home/chous/work/semantest/extension.chrome/src/plugins/plugin-communication.ts": {"lines":{"total":193,"covered":40,"skipped":0,"pct":20.72},"functions":{"total":78,"covered":7,"skipped":0,"pct":8.97},"statements":{"total":205,"covered":40,"skipped":0,"pct":19.51},"branches":{"total":44,"covered":8,"skipped":0,"pct":18.18}}
,"/home/chous/work/semantest/extension.chrome/src/plugins/plugin-context.ts": {"lines":{"total":86,"covered":36,"skipped":0,"pct":41.86},"functions":{"total":34,"covered":11,"skipped":0,"pct":32.35},"statements":{"total":94,"covered":36,"skipped":0,"pct":38.29},"branches":{"total":12,"covered":1,"skipped":0,"pct":8.33}}
,"/home/chous/work/semantest/extension.chrome/src/plugins/plugin-interface.ts": {"lines":{"total":22,"covered":22,"skipped":0,"pct":100},"functions":{"total":6,"covered":6,"skipped":0,"pct":100},"statements":{"total":22,"covered":22,"skipped":0,"pct":100},"branches":{"total":0,"covered":0,"skipped":0,"pct":100}}
,"/home/chous/work/semantest/extension.chrome/src/plugins/plugin-loader.ts": {"lines":{"total":221,"covered":32,"skipped":0,"pct":14.47},"functions":{"total":43,"covered":5,"skipped":0,"pct":11.62},"statements":{"total":222,"covered":32,"skipped":0,"pct":14.41},"branches":{"total":110,"covered":19,"skipped":0,"pct":17.27}}
,"/home/chous/work/semantest/extension.chrome/src/plugins/plugin-registry.ts": {"lines":{"total":234,"covered":34,"skipped":0,"pct":14.52},"functions":{"total":38,"covered":9,"skipped":0,"pct":23.68},"statements":{"total":235,"covered":35,"skipped":0,"pct":14.89},"branches":{"total":91,"covered":14,"skipped":0,"pct":15.38}}
,"/home/chous/work/semantest/extension.chrome/src/plugins/plugin-storage.ts": {"lines":{"total":212,"covered":131,"skipped":0,"pct":61.79},"functions":{"total":47,"covered":34,"skipped":0,"pct":72.34},"statements":{"total":213,"covered":131,"skipped":0,"pct":61.5},"branches":{"total":48,"covered":27,"skipped":0,"pct":56.25}}
,"/home/chous/work/semantest/extension.chrome/src/plugins/plugin-ui.ts": {"lines":{"total":220,"covered":87,"skipped":0,"pct":39.54},"functions":{"total":36,"covered":14,"skipped":0,"pct":38.88},"statements":{"total":220,"covered":87,"skipped":0,"pct":39.54},"branches":{"total":56,"covered":10,"skipped":0,"pct":17.85}}
,"/home/chous/work/semantest/extension.chrome/src/shared/patterns/error-handling.ts": {"lines":{"total":58,"covered":55,"skipped":0,"pct":94.82},"functions":{"total":21,"covered":19,"skipped":0,"pct":90.47},"statements":{"total":60,"covered":57,"skipped":0,"pct":95},"branches":{"total":16,"covered":16,"skipped":0,"pct":100}}
,"/home/chous/work/semantest/extension.chrome/src/shared/patterns/event-handling.ts": {"lines":{"total":42,"covered":40,"skipped":0,"pct":95.23},"functions":{"total":20,"covered":19,"skipped":0,"pct":95},"statements":{"total":44,"covered":42,"skipped":0,"pct":95.45},"branches":{"total":3,"covered":3,"skipped":0,"pct":100}}
,"/home/chous/work/semantest/extension.chrome/src/training/domain/events/training-events.ts": {"lines":{"total":93,"covered":93,"skipped":0,"pct":100},"functions":{"total":18,"covered":18,"skipped":0,"pct":100},"statements":{"total":93,"covered":93,"skipped":0,"pct":100},"branches":{"total":0,"covered":0,"skipped":0,"pct":100}}
}
