TN:
SF:src/message-store.ts
FN:59,(anonymous_0)
FN:73,(anonymous_1)
FN:87,(anonymous_2)
FN:99,(anonymous_3)
FN:111,(anonymous_4)
FN:123,(anonymous_5)
FN:135,(anonymous_6)
FN:162,messageStoreReducer
FN:184,(anonymous_8)
FN:260,(anonymous_9)
FN:262,(anonymous_10)
FN:269,(anonymous_11)
FN:273,(anonymous_12)
FN:277,(anonymous_13)
FN:281,(anonymous_14)
FN:285,(anonymous_15)
FN:294,(anonymous_16)
FN:295,(anonymous_17)
FN:297,(anonymous_18)
FN:298,(anonymous_19)
FN:300,(anonymous_20)
FN:301,(anonymous_21)
FN:303,(anonymous_22)
FN:305,(anonymous_23)
FN:307,(anonymous_24)
FN:309,(anonymous_25)
FN:320,(anonymous_26)
FN:337,(anonymous_27)
FN:341,(anonymous_28)
FN:345,(anonymous_29)
FN:355,(anonymous_30)
FN:359,(anonymous_31)
FN:367,(anonymous_32)
FN:368,(anonymous_33)
FN:371,(anonymous_34)
FN:390,(anonymous_35)
FN:392,(anonymous_36)
FN:407,(anonymous_37)
FN:417,(anonymous_38)
FN:427,(anonymous_39)
FN:431,(anonymous_40)
FN:435,(anonymous_41)
FN:439,(anonymous_42)
FN:443,(anonymous_43)
FN:448,(anonymous_44)
FN:452,(anonymous_45)
FN:456,(anonymous_46)
FN:462,(anonymous_47)
FN:469,(anonymous_48)
FN:477,(anonymous_49)
FNF:50
FNH:0
FNDA:0,(anonymous_0)
FNDA:0,(anonymous_1)
FNDA:0,(anonymous_2)
FNDA:0,(anonymous_3)
FNDA:0,(anonymous_4)
FNDA:0,(anonymous_5)
FNDA:0,(anonymous_6)
FNDA:0,messageStoreReducer
FNDA:0,(anonymous_8)
FNDA:0,(anonymous_9)
FNDA:0,(anonymous_10)
FNDA:0,(anonymous_11)
FNDA:0,(anonymous_12)
FNDA:0,(anonymous_13)
FNDA:0,(anonymous_14)
FNDA:0,(anonymous_15)
FNDA:0,(anonymous_16)
FNDA:0,(anonymous_17)
FNDA:0,(anonymous_18)
FNDA:0,(anonymous_19)
FNDA:0,(anonymous_20)
FNDA:0,(anonymous_21)
FNDA:0,(anonymous_22)
FNDA:0,(anonymous_23)
FNDA:0,(anonymous_24)
FNDA:0,(anonymous_25)
FNDA:0,(anonymous_26)
FNDA:0,(anonymous_27)
FNDA:0,(anonymous_28)
FNDA:0,(anonymous_29)
FNDA:0,(anonymous_30)
FNDA:0,(anonymous_31)
FNDA:0,(anonymous_32)
FNDA:0,(anonymous_33)
FNDA:0,(anonymous_34)
FNDA:0,(anonymous_35)
FNDA:0,(anonymous_36)
FNDA:0,(anonymous_37)
FNDA:0,(anonymous_38)
FNDA:0,(anonymous_39)
FNDA:0,(anonymous_40)
FNDA:0,(anonymous_41)
FNDA:0,(anonymous_42)
FNDA:0,(anonymous_43)
FNDA:0,(anonymous_44)
FNDA:0,(anonymous_45)
FNDA:0,(anonymous_46)
FNDA:0,(anonymous_47)
FNDA:0,(anonymous_48)
FNDA:0,(anonymous_49)
DA:47,0
DA:58,0
DA:59,0
DA:73,0
DA:87,0
DA:99,0
DA:111,0
DA:123,0
DA:135,0
DA:149,0
DA:162,0
DA:166,0
DA:168,0
DA:174,0
DA:182,0
DA:184,0
DA:185,0
DA:187,0
DA:188,0
DA:195,0
DA:202,0
DA:204,0
DA:205,0
DA:208,0
DA:216,0
DA:224,0
DA:234,0
DA:243,0
DA:245,0
DA:254,0
DA:259,0
DA:260,0
DA:263,0
DA:264,0
DA:266,0
DA:270,0
DA:272,0
DA:273,0
DA:276,0
DA:277,0
DA:280,0
DA:281,0
DA:284,0
DA:285,0
DA:286,0
DA:291,0
DA:295,0
DA:298,0
DA:301,0
DA:303,0
DA:305,0
DA:307,0
DA:310,0
DA:320,0
DA:321,0
DA:322,0
DA:323,0
DA:326,0
DA:331,0
DA:332,0
DA:333,0
DA:334,0
DA:335,0
DA:338,0
DA:342,0
DA:346,0
DA:347,0
DA:349,0
DA:350,0
DA:351,0
DA:356,0
DA:359,0
DA:360,0
DA:361,0
DA:362,0
DA:368,0
DA:372,0
DA:374,0
DA:376,0
DA:382,0
DA:386,0
DA:391,0
DA:392,0
DA:393,0
DA:395,0
DA:397,0
DA:398,0
DA:399,0
DA:402,0
DA:408,0
DA:418,0
DA:428,0
DA:432,0
DA:436,0
DA:440,0
DA:444,0
DA:449,0
DA:453,0
DA:457,0
DA:458,0
DA:463,0
DA:464,0
DA:470,0
DA:478,0
DA:479,0
DA:480,0
DA:481,0
DA:482,0
DA:484,0
DA:486,0
DA:487,0
DA:493,0
LF:112
LH:0
BRDA:163,0,0,0
BRDA:166,1,0,0
BRDA:166,1,1,0
BRDA:166,1,2,0
BRDA:166,1,3,0
BRDA:166,1,4,0
BRDA:166,1,5,0
BRDA:166,1,6,0
BRDA:166,1,7,0
BRDA:177,2,0,0
BRDA:177,2,1,0
BRDA:185,3,0,0
BRDA:204,4,0,0
BRDA:204,5,0,0
BRDA:204,5,1,0
BRDA:263,6,0,0
BRDA:263,7,0,0
BRDA:263,7,1,0
BRDA:272,8,0,0
BRDA:276,9,0,0
BRDA:280,10,0,0
BRDA:284,11,0,0
BRDA:286,12,0,0
BRDA:286,12,1,0
BRDA:323,13,0,0
BRDA:323,13,1,0
BRDA:349,14,0,0
BRDA:361,15,0,0
BRDA:397,16,0,0
BRDA:397,17,0,0
BRDA:397,17,1,0
BRDA:397,17,2,0
BRDA:457,18,0,0
BRDA:463,19,0,0
BRDA:480,20,0,0
BRDA:480,21,0,0
BRDA:480,21,1,0
BRF:37
BRH:0
end_of_record
TN:
SF:src/performance-optimizer.ts
FN:34,(anonymous_0)
FN:50,(anonymous_1)
FN:69,(anonymous_2)
FN:92,(anonymous_3)
FN:108,(anonymous_4)
FN:129,(anonymous_5)
FN:144,(anonymous_6)
FN:150,(anonymous_7)
FN:161,(anonymous_8)
FN:165,(anonymous_9)
FN:174,(anonymous_10)
FN:202,(anonymous_11)
FN:208,(anonymous_12)
FN:213,(anonymous_13)
FN:219,(anonymous_14)
FN:224,(anonymous_15)
FN:230,(anonymous_16)
FN:240,(anonymous_17)
FN:258,(anonymous_18)
FN:259,(anonymous_19)
FN:262,(anonymous_20)
FN:295,(anonymous_21)
FN:304,(anonymous_22)
FN:318,(anonymous_23)
FN:324,(anonymous_24)
FN:329,(anonymous_25)
FN:339,(anonymous_26)
FN:345,(anonymous_27)
FN:358,(anonymous_28)
FN:367,(anonymous_29)
FN:387,(anonymous_30)
FN:388,(anonymous_31)
FN:394,(anonymous_32)
FN:398,(anonymous_33)
FN:411,(anonymous_34)
FN:413,(anonymous_35)
FN:424,(anonymous_36)
FN:425,(anonymous_37)
FN:433,(anonymous_38)
FN:445,(anonymous_39)
FN:449,(anonymous_40)
FN:464,(anonymous_41)
FN:468,(anonymous_42)
FN:483,(anonymous_43)
FN:487,(anonymous_44)
FN:500,(anonymous_45)
FN:504,(anonymous_46)
FN:511,(anonymous_47)
FNF:48
FNH:0
FNDA:0,(anonymous_0)
FNDA:0,(anonymous_1)
FNDA:0,(anonymous_2)
FNDA:0,(anonymous_3)
FNDA:0,(anonymous_4)
FNDA:0,(anonymous_5)
FNDA:0,(anonymous_6)
FNDA:0,(anonymous_7)
FNDA:0,(anonymous_8)
FNDA:0,(anonymous_9)
FNDA:0,(anonymous_10)
FNDA:0,(anonymous_11)
FNDA:0,(anonymous_12)
FNDA:0,(anonymous_13)
FNDA:0,(anonymous_14)
FNDA:0,(anonymous_15)
FNDA:0,(anonymous_16)
FNDA:0,(anonymous_17)
FNDA:0,(anonymous_18)
FNDA:0,(anonymous_19)
FNDA:0,(anonymous_20)
FNDA:0,(anonymous_21)
FNDA:0,(anonymous_22)
FNDA:0,(anonymous_23)
FNDA:0,(anonymous_24)
FNDA:0,(anonymous_25)
FNDA:0,(anonymous_26)
FNDA:0,(anonymous_27)
FNDA:0,(anonymous_28)
FNDA:0,(anonymous_29)
FNDA:0,(anonymous_30)
FNDA:0,(anonymous_31)
FNDA:0,(anonymous_32)
FNDA:0,(anonymous_33)
FNDA:0,(anonymous_34)
FNDA:0,(anonymous_35)
FNDA:0,(anonymous_36)
FNDA:0,(anonymous_37)
FNDA:0,(anonymous_38)
FNDA:0,(anonymous_39)
FNDA:0,(anonymous_40)
FNDA:0,(anonymous_41)
FNDA:0,(anonymous_42)
FNDA:0,(anonymous_43)
FNDA:0,(anonymous_44)
FNDA:0,(anonymous_45)
FNDA:0,(anonymous_46)
FNDA:0,(anonymous_47)
DA:25,0
DA:26,0
DA:27,0
DA:29,0
DA:30,0
DA:31,0
DA:32,0
DA:35,0
DA:43,0
DA:44,0
DA:51,0
DA:54,0
DA:55,0
DA:58,0
DA:70,0
DA:72,0
DA:73,0
DA:77,0
DA:78,0
DA:79,0
DA:83,0
DA:84,0
DA:86,0
DA:93,0
DA:94,0
DA:97,0
DA:109,0
DA:111,0
DA:112,0
DA:115,0
DA:116,0
DA:117,0
DA:120,0
DA:121,0
DA:123,0
DA:130,0
DA:138,0
DA:145,0
DA:151,0
DA:152,0
DA:154,0
DA:155,0
DA:158,0
DA:162,0
DA:166,0
DA:176,0
DA:177,0
DA:178,0
DA:181,0
DA:183,0
DA:184,0
DA:186,0
DA:189,0
DA:190,0
DA:192,0
DA:195,0
DA:196,0
DA:198,0
DA:201,0
DA:203,0
DA:205,0
DA:206,0
DA:207,0
DA:208,0
DA:210,0
DA:214,0
DA:216,0
DA:217,0
DA:218,0
DA:219,0
DA:221,0
DA:225,0
DA:227,0
DA:228,0
DA:229,0
DA:230,0
DA:232,0
DA:241,0
DA:242,0
DA:243,0
DA:246,0
DA:247,0
DA:250,0
DA:251,0
DA:259,0
DA:260,0
DA:262,0
DA:263,0
DA:271,0
DA:299,0
DA:301,0
DA:303,0
DA:304,0
DA:305,0
DA:306,0
DA:309,0
DA:310,0
DA:311,0
DA:322,0
DA:324,0
DA:325,0
DA:326,0
DA:329,0
DA:330,0
DA:331,0
DA:343,0
DA:345,0
DA:346,0
DA:348,0
DA:349,0
DA:350,0
DA:359,0
DA:360,0
DA:361,0
DA:368,0
DA:371,0
DA:374,0
DA:377,0
DA:378,0
DA:381,0
DA:388,0
DA:389,0
DA:392,0
DA:394,0
DA:395,0
DA:398,0
DA:399,0
DA:402,0
DA:413,0
DA:414,0
DA:415,0
DA:416,0
DA:425,0
DA:426,0
DA:434,0
DA:435,0
DA:436,0
DA:439,0
DA:446,0
DA:447,0
DA:449,0
DA:450,0
DA:451,0
DA:452,0
DA:456,0
DA:457,0
DA:465,0
DA:466,0
DA:468,0
DA:469,0
DA:470,0
DA:471,0
DA:475,0
DA:476,0
DA:484,0
DA:485,0
DA:487,0
DA:488,0
DA:489,0
DA:490,0
DA:494,0
DA:501,0
DA:504,0
DA:505,0
DA:506,0
DA:511,0
DA:512,0
DA:513,0
DA:520,0
LF:169
LH:0
BRDA:54,0,0,0
BRDA:72,1,0,0
BRDA:77,2,0,0
BRDA:93,3,0,0
BRDA:111,4,0,0
BRDA:115,5,0,0
BRDA:135,6,0,0
BRDA:135,6,1,0
BRDA:144,7,0,0
BRDA:154,8,0,0
BRDA:183,9,0,0
BRDA:189,10,0,0
BRDA:195,11,0,0
BRDA:203,12,0,0
BRDA:207,13,0,0
BRDA:207,13,1,0
BRDA:214,14,0,0
BRDA:218,15,0,0
BRDA:218,15,1,0
BRDA:225,16,0,0
BRDA:229,17,0,0
BRDA:229,17,1,0
BRDA:241,18,0,0
BRDA:250,19,0,0
BRDA:260,20,0,0
BRDA:303,21,0,0
BRDA:303,21,1,0
BRDA:325,22,0,0
BRDA:348,23,0,0
BRDA:377,24,0,0
BRDA:377,25,0,0
BRDA:377,25,1,0
BRDA:414,26,0,0
BRDA:414,27,0,0
BRDA:414,27,1,0
BRDA:434,28,0,0
BRDA:450,29,0,0
BRDA:456,30,0,0
BRDA:469,31,0,0
BRDA:475,32,0,0
BRDA:489,33,0,0
BRDA:494,34,0,0
BRDA:494,34,1,0
BRDA:505,35,0,0
BRDA:512,36,0,0
BRF:45
BRH:0
end_of_record
TN:
SF:src/storage.ts
FN:42,(anonymous_0)
FN:46,(anonymous_1)
FN:47,(anonymous_2)
FN:50,(anonymous_3)
FN:55,(anonymous_4)
FN:61,(anonymous_5)
FN:96,(anonymous_6)
FN:105,(anonymous_7)
FN:110,(anonymous_8)
FN:115,(anonymous_9)
FN:122,(anonymous_10)
FN:131,(anonymous_11)
FN:147,(anonymous_12)
FN:153,(anonymous_13)
FN:156,(anonymous_14)
FN:164,(anonymous_15)
FN:169,(anonymous_16)
FN:176,(anonymous_17)
FN:179,(anonymous_18)
FN:186,(anonymous_19)
FN:199,(anonymous_20)
FN:204,(anonymous_21)
FN:210,(anonymous_22)
FN:218,(anonymous_23)
FN:227,(anonymous_24)
FN:232,(anonymous_25)
FN:237,(anonymous_26)
FN:244,(anonymous_27)
FN:252,(anonymous_28)
FN:268,(anonymous_29)
FN:274,(anonymous_30)
FN:282,(anonymous_31)
FN:287,(anonymous_32)
FN:295,(anonymous_33)
FN:303,(anonymous_34)
FN:308,(anonymous_35)
FN:313,(anonymous_36)
FN:320,(anonymous_37)
FN:323,(anonymous_38)
FN:328,(anonymous_39)
FN:332,(anonymous_40)
FN:340,(anonymous_41)
FN:345,(anonymous_42)
FN:353,(anonymous_43)
FN:366,(anonymous_44)
FN:374,(anonymous_45)
FN:379,(anonymous_46)
FN:386,(anonymous_47)
FN:393,(anonymous_48)
FN:405,(anonymous_49)
FN:414,(anonymous_50)
FN:421,(anonymous_51)
FN:428,(anonymous_52)
FN:433,(anonymous_53)
FNF:54
FNH:0
FNDA:0,(anonymous_0)
FNDA:0,(anonymous_1)
FNDA:0,(anonymous_2)
FNDA:0,(anonymous_3)
FNDA:0,(anonymous_4)
FNDA:0,(anonymous_5)
FNDA:0,(anonymous_6)
FNDA:0,(anonymous_7)
FNDA:0,(anonymous_8)
FNDA:0,(anonymous_9)
FNDA:0,(anonymous_10)
FNDA:0,(anonymous_11)
FNDA:0,(anonymous_12)
FNDA:0,(anonymous_13)
FNDA:0,(anonymous_14)
FNDA:0,(anonymous_15)
FNDA:0,(anonymous_16)
FNDA:0,(anonymous_17)
FNDA:0,(anonymous_18)
FNDA:0,(anonymous_19)
FNDA:0,(anonymous_20)
FNDA:0,(anonymous_21)
FNDA:0,(anonymous_22)
FNDA:0,(anonymous_23)
FNDA:0,(anonymous_24)
FNDA:0,(anonymous_25)
FNDA:0,(anonymous_26)
FNDA:0,(anonymous_27)
FNDA:0,(anonymous_28)
FNDA:0,(anonymous_29)
FNDA:0,(anonymous_30)
FNDA:0,(anonymous_31)
FNDA:0,(anonymous_32)
FNDA:0,(anonymous_33)
FNDA:0,(anonymous_34)
FNDA:0,(anonymous_35)
FNDA:0,(anonymous_36)
FNDA:0,(anonymous_37)
FNDA:0,(anonymous_38)
FNDA:0,(anonymous_39)
FNDA:0,(anonymous_40)
FNDA:0,(anonymous_41)
FNDA:0,(anonymous_42)
FNDA:0,(anonymous_43)
FNDA:0,(anonymous_44)
FNDA:0,(anonymous_45)
FNDA:0,(anonymous_46)
FNDA:0,(anonymous_47)
FNDA:0,(anonymous_48)
FNDA:0,(anonymous_49)
FNDA:0,(anonymous_50)
FNDA:0,(anonymous_51)
FNDA:0,(anonymous_52)
FNDA:0,(anonymous_53)
DA:38,0
DA:39,0
DA:40,0
DA:43,0
DA:47,0
DA:48,0
DA:50,0
DA:51,0
DA:52,0
DA:55,0
DA:56,0
DA:57,0
DA:58,0
DA:61,0
DA:62,0
DA:65,0
DA:66,0
DA:67,0
DA:68,0
DA:69,0
DA:70,0
DA:71,0
DA:75,0
DA:76,0
DA:77,0
DA:78,0
DA:79,0
DA:80,0
DA:84,0
DA:85,0
DA:86,0
DA:87,0
DA:90,0
DA:97,0
DA:99,0
DA:105,0
DA:106,0
DA:107,0
DA:108,0
DA:110,0
DA:111,0
DA:112,0
DA:115,0
DA:116,0
DA:117,0
DA:129,0
DA:131,0
DA:132,0
DA:133,0
DA:137,0
DA:138,0
DA:139,0
DA:140,0
DA:141,0
DA:142,0
DA:144,0
DA:147,0
DA:148,0
DA:151,0
DA:152,0
DA:153,0
DA:155,0
DA:156,0
DA:158,0
DA:159,0
DA:164,0
DA:166,0
DA:169,0
DA:170,0
DA:171,0
DA:177,0
DA:179,0
DA:180,0
DA:181,0
DA:184,0
DA:186,0
DA:187,0
DA:188,0
DA:189,0
DA:190,0
DA:194,0
DA:197,0
DA:199,0
DA:200,0
DA:201,0
DA:204,0
DA:205,0
DA:206,0
DA:210,0
DA:211,0
DA:212,0
DA:219,0
DA:221,0
DA:227,0
DA:228,0
DA:229,0
DA:230,0
DA:232,0
DA:233,0
DA:234,0
DA:237,0
DA:238,0
DA:239,0
DA:250,0
DA:252,0
DA:253,0
DA:254,0
DA:258,0
DA:259,0
DA:260,0
DA:261,0
DA:262,0
DA:263,0
DA:265,0
DA:268,0
DA:269,0
DA:272,0
DA:273,0
DA:274,0
DA:276,0
DA:277,0
DA:282,0
DA:284,0
DA:287,0
DA:288,0
DA:289,0
DA:296,0
DA:298,0
DA:303,0
DA:304,0
DA:305,0
DA:306,0
DA:308,0
DA:309,0
DA:310,0
DA:313,0
DA:314,0
DA:315,0
DA:321,0
DA:323,0
DA:324,0
DA:325,0
DA:326,0
DA:328,0
DA:329,0
DA:332,0
DA:333,0
DA:334,0
DA:341,0
DA:343,0
DA:345,0
DA:346,0
DA:349,0
DA:350,0
DA:351,0
DA:353,0
DA:354,0
DA:355,0
DA:356,0
DA:357,0
DA:362,0
DA:363,0
DA:364,0
DA:366,0
DA:367,0
DA:368,0
DA:369,0
DA:370,0
DA:374,0
DA:375,0
DA:376,0
DA:379,0
DA:380,0
DA:381,0
DA:391,0
DA:393,0
DA:394,0
DA:396,0
DA:402,0
DA:403,0
DA:405,0
DA:406,0
DA:407,0
DA:408,0
DA:413,0
DA:414,0
DA:415,0
DA:416,0
DA:420,0
DA:421,0
DA:422,0
DA:423,0
DA:427,0
DA:428,0
DA:429,0
DA:430,0
DA:433,0
DA:434,0
DA:435,0
DA:442,0
LF:200
LH:0
BRDA:65,0,0,0
BRDA:75,1,0,0
BRDA:84,2,0,0
BRDA:97,3,0,0
BRDA:129,4,0,0
BRDA:137,5,0,0
BRDA:137,5,1,0
BRDA:140,6,0,0
BRDA:140,6,1,0
BRDA:151,7,0,0
BRDA:152,8,0,0
BRDA:155,9,0,0
BRDA:158,10,0,0
BRDA:177,11,0,0
BRDA:188,12,0,0
BRDA:219,13,0,0
BRDA:250,14,0,0
BRDA:258,15,0,0
BRDA:258,15,1,0
BRDA:261,16,0,0
BRDA:261,16,1,0
BRDA:272,17,0,0
BRDA:273,18,0,0
BRDA:276,19,0,0
BRDA:296,20,0,0
BRDA:321,21,0,0
BRDA:329,22,0,0
BRDA:329,22,1,0
BRDA:340,23,0,0
BRDA:341,24,0,0
BRDA:355,25,0,0
BRDA:368,26,0,0
BRDA:391,27,0,0
BRDA:407,28,0,0
BRF:34
BRH:0
end_of_record
TN:
SF:src/time-travel-ui.ts
FN:15,(anonymous_0)
FN:20,(anonymous_1)
FN:336,(anonymous_2)
FN:337,(anonymous_3)
FN:342,(anonymous_4)
FN:374,(anonymous_5)
FN:380,(anonymous_6)
FN:401,(anonymous_7)
FN:406,(anonymous_8)
FN:410,(anonymous_9)
FN:416,(anonymous_10)
FN:420,(anonymous_11)
FN:434,(anonymous_12)
FN:451,(anonymous_13)
FN:458,(anonymous_14)
FN:466,(anonymous_15)
FN:470,(anonymous_16)
FN:477,(anonymous_17)
FN:478,(anonymous_18)
FN:485,(anonymous_19)
FN:489,(anonymous_20)
FN:493,(anonymous_21)
FN:497,(anonymous_22)
FN:501,(anonymous_23)
FN:507,(anonymous_24)
FN:528,(anonymous_25)
FN:533,(anonymous_26)
FN:538,(anonymous_27)
FN:560,(anonymous_28)
FN:577,(anonymous_29)
FN:586,(anonymous_30)
FNF:31
FNH:0
FNDA:0,(anonymous_0)
FNDA:0,(anonymous_1)
FNDA:0,(anonymous_2)
FNDA:0,(anonymous_3)
FNDA:0,(anonymous_4)
FNDA:0,(anonymous_5)
FNDA:0,(anonymous_6)
FNDA:0,(anonymous_7)
FNDA:0,(anonymous_8)
FNDA:0,(anonymous_9)
FNDA:0,(anonymous_10)
FNDA:0,(anonymous_11)
FNDA:0,(anonymous_12)
FNDA:0,(anonymous_13)
FNDA:0,(anonymous_14)
FNDA:0,(anonymous_15)
FNDA:0,(anonymous_16)
FNDA:0,(anonymous_17)
FNDA:0,(anonymous_18)
FNDA:0,(anonymous_19)
FNDA:0,(anonymous_20)
FNDA:0,(anonymous_21)
FNDA:0,(anonymous_22)
FNDA:0,(anonymous_23)
FNDA:0,(anonymous_24)
FNDA:0,(anonymous_25)
FNDA:0,(anonymous_26)
FNDA:0,(anonymous_27)
FNDA:0,(anonymous_28)
FNDA:0,(anonymous_29)
FNDA:0,(anonymous_30)
DA:8,0
DA:10,0
DA:11,0
DA:12,0
DA:13,0
DA:16,0
DA:17,0
DA:22,0
DA:23,0
DA:24,0
DA:333,0
DA:337,0
DA:338,0
DA:343,0
DA:346,0
DA:347,0
DA:349,0
DA:350,0
DA:351,0
DA:355,0
DA:356,0
DA:357,0
DA:358,0
DA:362,0
DA:363,0
DA:364,0
DA:366,0
DA:367,0
DA:368,0
DA:371,0
DA:375,0
DA:376,0
DA:378,0
DA:380,0
DA:381,0
DA:382,0
DA:383,0
DA:385,0
DA:402,0
DA:403,0
DA:405,0
DA:406,0
DA:409,0
DA:410,0
DA:413,0
DA:417,0
DA:418,0
DA:420,0
DA:421,0
DA:422,0
DA:424,0
DA:425,0
DA:426,0
DA:427,0
DA:431,0
DA:435,0
DA:437,0
DA:438,0
DA:441,0
DA:442,0
DA:445,0
DA:448,0
DA:452,0
DA:453,0
DA:455,0
DA:459,0
DA:460,0
DA:462,0
DA:468,0
DA:469,0
DA:470,0
DA:471,0
DA:472,0
DA:477,0
DA:478,0
DA:479,0
DA:480,0
DA:486,0
DA:490,0
DA:494,0
DA:498,0
DA:502,0
DA:503,0
DA:508,0
DA:509,0
DA:510,0
DA:511,0
DA:513,0
DA:514,0
DA:515,0
DA:516,0
DA:517,0
DA:518,0
DA:519,0
DA:521,0
DA:523,0
DA:524,0
DA:529,0
DA:530,0
DA:531,0
DA:533,0
DA:534,0
DA:535,0
DA:537,0
DA:538,0
DA:539,0
DA:540,0
DA:541,0
DA:543,0
DA:544,0
DA:545,0
DA:547,0
DA:550,0
DA:551,0
DA:554,0
DA:557,0
DA:561,0
DA:562,0
DA:565,0
DA:566,0
DA:569,0
DA:574,0
DA:577,0
DA:579,0
DA:580,0
DA:581,0
DA:586,0
DA:587,0
LF:128
LH:0
BRDA:343,0,0,0
BRDA:343,1,0,0
BRDA:343,1,1,0
BRDA:349,2,0,0
BRDA:350,3,0,0
BRDA:351,4,0,0
BRDA:351,4,1,0
BRDA:356,5,0,0
BRDA:366,6,0,0
BRDA:367,7,0,0
BRDA:368,8,0,0
BRDA:376,9,0,0
BRDA:386,10,0,0
BRDA:386,10,1,0
BRDA:395,11,0,0
BRDA:395,11,1,0
BRDA:405,12,0,0
BRDA:409,13,0,0
BRDA:424,14,0,0
BRDA:424,14,1,0
BRDA:424,15,0,0
BRDA:424,15,1,0
BRDA:426,16,0,0
BRDA:426,17,0,0
BRDA:426,17,1,0
BRDA:435,18,0,0
BRDA:437,19,0,0
BRDA:452,20,0,0
BRDA:459,21,0,0
BRDA:459,21,1,0
BRDA:469,22,0,0
BRDA:502,23,0,0
BRDA:535,24,0,0
BRDA:543,25,0,0
BRDA:543,25,1,0
BRDA:561,26,0,0
BRDA:565,27,0,0
BRDA:565,28,0,0
BRDA:565,28,1,0
BRDA:579,29,0,0
BRDA:579,30,0,0
BRDA:579,30,1,0
BRDA:579,30,2,0
BRF:43
BRH:0
end_of_record
TN:
SF:src/training-ui.ts
FN:48,(anonymous_0)
FN:178,(anonymous_1)
FN:52,(anonymous_2)
FN:56,(anonymous_3)
FN:60,(anonymous_4)
FN:86,(anonymous_5)
FN:90,(anonymous_6)
FN:107,(anonymous_7)
FN:111,(anonymous_8)
FN:115,(anonymous_9)
FN:119,(anonymous_10)
FN:123,(anonymous_11)
FN:127,(anonymous_12)
FN:142,(anonymous_13)
FN:150,(anonymous_14)
FN:158,(anonymous_15)
FN:168,(anonymous_16)
FN:191,(anonymous_17)
FN:217,(anonymous_18)
FN:221,(anonymous_19)
FN:225,(anonymous_20)
FN:226,(anonymous_21)
FN:229,(anonymous_22)
FN:235,generateOptimalSelector
FN:266,(anonymous_24)
FN:292,(anonymous_25)
FN:297,generateTrainingText
FN:323,(anonymous_27)
FN:326,(anonymous_28)
FN:330,(anonymous_29)
FN:331,(anonymous_30)
FN:348,(anonymous_31)
FN:357,(anonymous_32)
FN:395,(anonymous_33)
FN:406,(anonymous_34)
FN:407,(anonymous_35)
FN:429,(anonymous_36)
FN:437,(anonymous_37)
FN:473,(anonymous_38)
FN:476,(anonymous_39)
FN:477,(anonymous_40)
FN:481,(anonymous_41)
FN:490,(anonymous_42)
FN:495,(anonymous_43)
FN:529,(anonymous_44)
FNF:45
FNH:0
FNDA:0,(anonymous_0)
FNDA:0,(anonymous_1)
FNDA:0,(anonymous_2)
FNDA:0,(anonymous_3)
FNDA:0,(anonymous_4)
FNDA:0,(anonymous_5)
FNDA:0,(anonymous_6)
FNDA:0,(anonymous_7)
FNDA:0,(anonymous_8)
FNDA:0,(anonymous_9)
FNDA:0,(anonymous_10)
FNDA:0,(anonymous_11)
FNDA:0,(anonymous_12)
FNDA:0,(anonymous_13)
FNDA:0,(anonymous_14)
FNDA:0,(anonymous_15)
FNDA:0,(anonymous_16)
FNDA:0,(anonymous_17)
FNDA:0,(anonymous_18)
FNDA:0,(anonymous_19)
FNDA:0,(anonymous_20)
FNDA:0,(anonymous_21)
FNDA:0,(anonymous_22)
FNDA:0,generateOptimalSelector
FNDA:0,(anonymous_24)
FNDA:0,(anonymous_25)
FNDA:0,generateTrainingText
FNDA:0,(anonymous_27)
FNDA:0,(anonymous_28)
FNDA:0,(anonymous_29)
FNDA:0,(anonymous_30)
FNDA:0,(anonymous_31)
FNDA:0,(anonymous_32)
FNDA:0,(anonymous_33)
FNDA:0,(anonymous_34)
FNDA:0,(anonymous_35)
FNDA:0,(anonymous_36)
FNDA:0,(anonymous_37)
FNDA:0,(anonymous_38)
FNDA:0,(anonymous_39)
FNDA:0,(anonymous_40)
FNDA:0,(anonymous_41)
FNDA:0,(anonymous_42)
FNDA:0,(anonymous_43)
FNDA:0,(anonymous_44)
DA:39,0
DA:40,0
DA:41,0
DA:42,0
DA:43,0
DA:44,0
DA:45,0
DA:46,0
DA:53,0
DA:57,0
DA:61,0
DA:62,0
DA:66,0
DA:67,0
DA:70,0
DA:71,0
DA:80,0
DA:83,0
DA:87,0
DA:91,0
DA:92,0
DA:93,0
DA:96,0
DA:97,0
DA:98,0
DA:102,0
DA:108,0
DA:112,0
DA:116,0
DA:120,0
DA:124,0
DA:128,0
DA:129,0
DA:130,0
DA:139,0
DA:143,0
DA:144,0
DA:145,0
DA:146,0
DA:151,0
DA:152,0
DA:153,0
DA:154,0
DA:159,0
DA:160,0
DA:163,0
DA:164,0
DA:165,0
DA:169,0
DA:170,0
DA:173,0
DA:174,0
DA:175,0
DA:178,0
DA:179,0
DA:180,0
DA:182,0
DA:183,0
DA:186,0
DA:197,0
DA:214,0
DA:218,0
DA:222,0
DA:226,0
DA:230,0
DA:235,0
DA:236,0
DA:239,0
DA:240,0
DA:247,0
DA:248,0
DA:249,0
DA:256,0
DA:257,0
DA:258,0
DA:265,0
DA:266,0
DA:267,0
DA:268,0
DA:269,0
DA:277,0
DA:278,0
DA:279,0
DA:286,0
DA:292,0
DA:293,0
DA:297,0
DA:298,0
DA:300,0
DA:301,0
DA:302,0
DA:303,0
DA:305,0
DA:309,0
DA:310,0
DA:313,0
DA:314,0
DA:317,0
DA:323,0
DA:324,0
DA:327,0
DA:331,0
DA:333,0
DA:334,0
DA:338,0
DA:339,0
DA:340,0
DA:341,0
DA:345,0
DA:349,0
DA:350,0
DA:353,0
DA:358,0
DA:359,0
DA:361,0
DA:362,0
DA:366,0
DA:367,0
DA:369,0
DA:370,0
DA:371,0
DA:373,0
DA:375,0
DA:376,0
DA:378,0
DA:380,0
DA:381,0
DA:383,0
DA:384,0
DA:387,0
DA:392,0
DA:396,0
DA:397,0
DA:400,0
DA:401,0
DA:403,0
DA:407,0
DA:409,0
DA:410,0
DA:412,0
DA:413,0
DA:414,0
DA:415,0
DA:423,0
DA:428,0
DA:433,0
DA:434,0
DA:441,0
DA:442,0
DA:445,0
DA:446,0
DA:447,0
DA:448,0
DA:453,0
DA:454,0
DA:455,0
DA:459,0
DA:463,0
DA:464,0
DA:465,0
DA:466,0
DA:470,0
DA:474,0
DA:476,0
DA:477,0
DA:479,0
DA:481,0
DA:482,0
DA:484,0
DA:489,0
DA:491,0
DA:492,0
DA:496,0
DA:499,0
DA:500,0
DA:501,0
DA:502,0
DA:503,0
DA:504,0
DA:505,0
DA:509,0
DA:510,0
DA:511,0
DA:516,0
DA:517,0
DA:518,0
DA:522,0
DA:523,0
DA:526,0
DA:530,0
DA:532,0
DA:533,0
DA:534,0
DA:535,0
LF:194
LH:0
BRDA:61,0,0,0
BRDA:87,1,0,0
BRDA:87,1,1,0
BRDA:91,2,0,0
BRDA:96,3,0,0
BRDA:124,4,0,0
BRDA:124,4,1,0
BRDA:143,5,0,0
BRDA:145,6,0,0
BRDA:151,7,0,0
BRDA:153,8,0,0
BRDA:203,9,0,0
BRDA:203,9,1,0
BRDA:204,10,0,0
BRDA:204,10,1,0
BRDA:205,11,0,0
BRDA:205,11,1,0
BRDA:206,12,0,0
BRDA:206,12,1,0
BRDA:239,13,0,0
BRDA:248,14,0,0
BRDA:257,15,0,0
BRDA:265,16,0,0
BRDA:267,17,0,0
BRDA:278,18,0,0
BRDA:298,19,0,0
BRDA:298,19,1,0
BRDA:298,19,2,0
BRDA:298,19,3,0
BRDA:300,20,0,0
BRDA:300,20,1,0
BRDA:301,21,0,0
BRDA:301,21,1,0
BRDA:302,22,0,0
BRDA:302,22,1,0
BRDA:309,23,0,0
BRDA:309,23,1,0
BRDA:313,24,0,0
BRDA:313,24,1,0
BRDA:333,25,0,0
BRDA:340,26,0,0
BRDA:350,27,0,0
BRDA:350,27,1,0
BRDA:361,28,0,0
BRDA:361,29,0,0
BRDA:361,29,1,0
BRDA:373,30,0,0
BRDA:373,31,0,0
BRDA:373,31,1,0
BRDA:378,32,0,0
BRDA:378,32,1,0
BRDA:380,33,0,0
BRDA:380,33,1,0
BRDA:381,34,0,0
BRDA:381,34,1,0
BRDA:381,35,0,0
BRDA:381,35,1,0
BRDA:387,36,0,0
BRDA:387,36,1,0
BRDA:396,37,0,0
BRDA:397,38,0,0
BRDA:397,39,0,0
BRDA:397,39,1,0
BRDA:414,40,0,0
BRDA:414,40,1,0
BRDA:445,41,0,0
BRDA:445,42,0,0
BRDA:445,42,1,0
BRDA:447,43,0,0
BRDA:453,44,0,0
BRDA:453,45,0,0
BRDA:453,45,1,0
BRDA:463,46,0,0
BRDA:463,47,0,0
BRDA:463,47,1,0
BRDA:465,48,0,0
BRDA:470,49,0,0
BRDA:470,49,1,0
BRDA:474,50,0,0
BRDA:479,51,0,0
BRDA:479,52,0,0
BRDA:479,52,1,0
BRDA:500,53,0,0
BRDA:500,53,1,0
BRDA:502,54,0,0
BRDA:502,54,1,0
BRDA:504,55,0,0
BRDA:509,56,0,0
BRDA:509,57,0,0
BRDA:509,57,1,0
BRDA:510,58,0,0
BRDA:516,59,0,0
BRDA:517,60,0,0
BRDA:517,60,1,0
BRDA:522,61,0,0
BRDA:532,62,0,0
BRDA:533,63,0,0
BRDA:534,64,0,0
BRF:98
BRH:0
end_of_record
TN:
SF:src/contracts/contract-execution-service.ts
FN:38,(anonymous_0)
FN:45,(anonymous_1)
FN:114,(anonymous_2)
FN:139,(anonymous_3)
FN:160,(anonymous_4)
FN:171,(anonymous_5)
FN:218,(anonymous_6)
FN:253,(anonymous_7)
FN:259,(anonymous_8)
FN:280,(anonymous_9)
FN:286,(anonymous_10)
FN:289,(anonymous_11)
FN:296,(anonymous_12)
FN:304,(anonymous_13)
FN:323,(anonymous_14)
FN:345,(anonymous_15)
FN:356,(anonymous_16)
FNF:17
FNH:0
FNDA:0,(anonymous_0)
FNDA:0,(anonymous_1)
FNDA:0,(anonymous_2)
FNDA:0,(anonymous_3)
FNDA:0,(anonymous_4)
FNDA:0,(anonymous_5)
FNDA:0,(anonymous_6)
FNDA:0,(anonymous_7)
FNDA:0,(anonymous_8)
FNDA:0,(anonymous_9)
FNDA:0,(anonymous_10)
FNDA:0,(anonymous_11)
FNDA:0,(anonymous_12)
FNDA:0,(anonymous_13)
FNDA:0,(anonymous_14)
FNDA:0,(anonymous_15)
FNDA:0,(anonymous_16)
DA:6,0
DA:35,0
DA:39,0
DA:46,0
DA:48,0
DA:49,0
DA:52,0
DA:54,0
DA:55,0
DA:64,0
DA:65,0
DA:66,0
DA:67,0
DA:68,0
DA:71,0
DA:73,0
DA:79,0
DA:89,0
DA:90,0
DA:94,0
DA:102,0
DA:120,0
DA:121,0
DA:123,0
DA:124,0
DA:125,0
DA:128,0
DA:145,0
DA:146,0
DA:152,0
DA:154,0
DA:155,0
DA:156,0
DA:160,0
DA:165,0
DA:175,0
DA:176,0
DA:177,0
DA:180,0
DA:181,0
DA:182,0
DA:183,0
DA:184,0
DA:187,0
DA:188,0
DA:189,0
DA:190,0
DA:194,0
DA:195,0
DA:196,0
DA:197,0
DA:202,0
DA:205,0
DA:208,0
DA:209,0
DA:212,0
DA:224,0
DA:225,0
DA:231,0
DA:233,0
DA:234,0
DA:235,0
DA:237,0
DA:238,0
DA:239,0
DA:240,0
DA:242,0
DA:245,0
DA:253,0
DA:268,0
DA:281,0
DA:282,0
DA:285,0
DA:286,0
DA:287,0
DA:290,0
DA:296,0
DA:297,0
DA:306,0
DA:307,0
DA:311,0
DA:312,0
DA:313,0
DA:317,0
DA:324,0
DA:326,0
DA:328,0
DA:330,0
DA:332,0
DA:334,0
DA:336,0
DA:338,0
DA:346,0
DA:347,0
DA:348,0
DA:350,0
DA:357,0
DA:362,0
LF:98
LH:0
BRDA:54,0,0,0
BRDA:67,1,0,0
BRDA:104,2,0,0
BRDA:104,2,1,0
BRDA:160,3,0,0
BRDA:160,3,1,0
BRDA:183,4,0,0
BRDA:183,5,0,0
BRDA:183,5,1,0
BRDA:187,6,0,0
BRDA:189,7,0,0
BRDA:189,8,0,0
BRDA:189,8,1,0
BRDA:194,9,0,0
BRDA:196,10,0,0
BRDA:205,11,0,0
BRDA:208,12,0,0
BRDA:237,13,0,0
BRDA:237,13,1,0
BRDA:239,14,0,0
BRDA:239,14,1,0
BRDA:281,15,0,0
BRDA:281,15,1,0
BRDA:285,16,0,0
BRDA:287,17,0,0
BRDA:287,17,1,0
BRDA:290,18,0,0
BRDA:290,18,1,0
BRDA:306,19,0,0
BRDA:312,20,0,0
BRDA:324,21,0,0
BRDA:324,21,1,0
BRDA:324,21,2,0
BRDA:324,21,3,0
BRDA:324,21,4,0
BRDA:324,21,5,0
BRDA:324,21,6,0
BRDA:328,22,0,0
BRDA:328,22,1,0
BRDA:332,23,0,0
BRDA:332,23,1,0
BRDA:332,23,2,0
BRDA:336,24,0,0
BRDA:336,24,1,0
BRDA:346,25,0,0
BRF:45
BRH:0
end_of_record
TN:
SF:src/downloads/domain/entities/file-download.ts
FN:59,(anonymous_6)
FN:74,(anonymous_7)
FN:75,(anonymous_8)
FN:112,(anonymous_9)
FN:132,(anonymous_10)
FN:135,(anonymous_11)
FN:136,(anonymous_12)
FN:192,(anonymous_13)
FN:193,(anonymous_14)
FN:200,(anonymous_15)
FN:201,(anonymous_16)
FN:223,(anonymous_17)
FN:237,(anonymous_18)
FN:244,(anonymous_19)
FN:252,(anonymous_20)
FN:259,(anonymous_21)
FN:59,(anonymous_23)
FN:112,(anonymous_25)
FN:132,(anonymous_27)
FN:192,(anonymous_29)
FNF:20
FNH:0
FNDA:0,(anonymous_6)
FNDA:0,(anonymous_7)
FNDA:0,(anonymous_8)
FNDA:0,(anonymous_9)
FNDA:0,(anonymous_10)
FNDA:0,(anonymous_11)
FNDA:0,(anonymous_12)
FNDA:0,(anonymous_13)
FNDA:0,(anonymous_14)
FNDA:0,(anonymous_15)
FNDA:0,(anonymous_16)
FNDA:0,(anonymous_17)
FNDA:0,(anonymous_18)
FNDA:0,(anonymous_19)
FNDA:0,(anonymous_20)
FNDA:0,(anonymous_21)
FNDA:0,(anonymous_23)
FNDA:0,(anonymous_25)
FNDA:0,(anonymous_27)
FNDA:0,(anonymous_29)
DA:21,0
DA:22,0
DA:43,0
DA:44,0
DA:45,0
DA:46,0
DA:47,0
DA:48,0
DA:49,0
DA:50,0
DA:51,0
DA:52,0
DA:53,0
DA:58,0
DA:59,0
DA:60,0
DA:61,0
DA:62,0
DA:63,0
DA:64,0
DA:67,0
DA:74,0
DA:75,0
DA:76,0
DA:77,0
DA:78,0
DA:79,0
DA:84,0
DA:87,0
DA:88,0
DA:89,0
DA:98,0
DA:99,0
DA:100,0
DA:111,0
DA:112,0
DA:113,0
DA:114,0
DA:115,0
DA:116,0
DA:118,0
DA:119,0
DA:120,0
DA:121,0
DA:122,0
DA:125,0
DA:131,0
DA:132,0
DA:133,0
DA:135,0
DA:136,0
DA:137,0
DA:138,0
DA:139,0
DA:154,0
DA:172,0
DA:191,0
DA:192,0
DA:193,0
DA:194,0
DA:200,0
DA:201,0
DA:212,0
DA:224,0
DA:225,0
DA:226,0
DA:227,0
DA:228,0
DA:230,0
DA:238,0
DA:245,0
DA:246,0
DA:253,0
DA:260,0
LF:74
LH:0
BRDA:62,0,0,0
BRDA:62,0,1,0
BRDA:70,1,0,0
BRDA:70,1,1,0
BRDA:71,2,0,0
BRDA:71,2,1,0
BRDA:76,3,0,0
BRDA:77,4,0,0
BRDA:77,4,1,0
BRDA:98,5,0,0
BRDA:98,5,1,0
BRDA:113,6,0,0
BRDA:118,7,0,0
BRDA:118,7,1,0
BRDA:120,8,0,0
BRDA:120,8,1,0
BRDA:121,9,0,0
BRDA:122,10,0,0
BRDA:122,10,1,0
BRDA:133,11,0,0
BRDA:133,12,0,0
BRDA:133,12,1,0
BRDA:138,13,0,0
BRDA:138,13,1,0
BRDA:175,14,0,0
BRDA:175,14,1,0
BRDA:183,15,0,0
BRDA:183,15,1,0
BRDA:195,16,0,0
BRDA:195,16,1,0
BRDA:196,17,0,0
BRDA:196,17,1,0
BRDA:227,18,0,0
BRDA:227,18,1,0
BRDA:228,19,0,0
BRDA:228,19,1,0
BRDA:245,20,0,0
BRDA:260,21,0,0
BRDA:260,21,1,0
BRF:39
BRH:0
end_of_record
TN:
SF:src/health-checks/health-check-handler.ts
FN:12,(anonymous_0)
FN:19,(anonymous_1)
FN:30,(anonymous_2)
FN:43,(anonymous_3)
FN:47,(anonymous_4)
FN:48,(anonymous_5)
FN:55,(anonymous_6)
FN:71,(anonymous_7)
FN:74,(anonymous_8)
FN:105,(anonymous_9)
FNF:10
FNH:0
FNDA:0,(anonymous_0)
FNDA:0,(anonymous_1)
FNDA:0,(anonymous_2)
FNDA:0,(anonymous_3)
FNDA:0,(anonymous_4)
FNDA:0,(anonymous_5)
FNDA:0,(anonymous_6)
FNDA:0,(anonymous_7)
FNDA:0,(anonymous_8)
FNDA:0,(anonymous_9)
DA:7,0
DA:9,0
DA:13,0
DA:20,0
DA:21,0
DA:22,0
DA:23,0
DA:31,0
DA:34,0
DA:36,0
DA:37,0
DA:41,0
DA:42,0
DA:43,0
DA:47,0
DA:48,0
DA:49,0
DA:52,0
DA:56,0
DA:58,0
DA:59,0
DA:60,0
DA:63,0
DA:73,0
DA:75,0
DA:76,0
DA:77,0
DA:78,0
DA:80,0
DA:85,0
DA:88,0
DA:89,0
DA:90,0
DA:91,0
DA:93,0
DA:98,0
DA:104,0
DA:106,0
DA:107,0
DA:108,0
DA:109,0
DA:111,0
DA:116,0
DA:119,0
DA:120,0
DA:121,0
DA:122,0
DA:124,0
DA:129,0
DA:134,0
DA:139,0
LF:51
LH:0
BRDA:36,0,0,0
BRDA:41,1,0,0
BRDA:58,2,0,0
BRDA:75,3,0,0
BRDA:82,4,0,0
BRDA:82,4,1,0
BRDA:88,5,0,0
BRDA:95,6,0,0
BRDA:95,6,1,0
BRDA:106,7,0,0
BRDA:113,8,0,0
BRDA:113,8,1,0
BRDA:119,9,0,0
BRDA:126,10,0,0
BRDA:126,10,1,0
BRF:15
BRH:0
end_of_record
TN:
SF:src/health-checks/tab-health.ts
FN:6,(anonymous_0)
FN:14,(anonymous_1)
FN:29,(anonymous_2)
FN:44,(anonymous_3)
FN:64,(anonymous_4)
FN:101,(anonymous_5)
FN:102,(anonymous_6)
FN:106,(anonymous_7)
FNF:8
FNH:0
FNDA:0,(anonymous_0)
FNDA:0,(anonymous_1)
FNDA:0,(anonymous_2)
FNDA:0,(anonymous_3)
FNDA:0,(anonymous_4)
FNDA:0,(anonymous_5)
FNDA:0,(anonymous_6)
FNDA:0,(anonymous_7)
DA:6,0
DA:7,0
DA:8,0
DA:15,0
DA:16,0
DA:19,0
DA:21,0
DA:22,0
DA:30,0
DA:31,0
DA:34,0
DA:36,0
DA:46,0
DA:47,0
DA:49,0
DA:50,0
DA:54,0
DA:65,0
DA:66,0
DA:68,0
DA:80,0
DA:81,0
DA:82,0
DA:83,0
DA:85,0
DA:94,0
DA:102,0
DA:103,0
DA:107,0
DA:108,0
DA:115,0
LF:31
LH:0
BRDA:34,0,0,0
BRDA:34,0,1,0
BRDA:47,1,0,0
BRDA:71,2,0,0
BRDA:71,2,1,0
BRDA:74,3,0,0
BRDA:74,3,1,0
BRDA:80,4,0,0
BRDA:80,5,0,0
BRDA:80,5,1,0
BRDA:107,6,0,0
BRDA:107,6,1,0
BRF:12
BRH:0
end_of_record
TN:
SF:src/plugins/plugin-communication.ts
FN:17,(anonymous_0)
FN:84,(anonymous_1)
FN:94,(anonymous_2)
FN:111,(anonymous_3)
FN:136,(anonymous_4)
FN:146,(anonymous_5)
FN:159,(anonymous_6)
FN:160,(anonymous_7)
FN:170,(anonymous_8)
FN:181,(anonymous_9)
FN:192,(anonymous_10)
FN:194,(anonymous_11)
FN:204,(anonymous_12)
FN:207,(anonymous_13)
FN:223,(anonymous_14)
FN:230,(anonymous_15)
FN:255,(anonymous_16)
FN:256,(anonymous_17)
FN:259,(anonymous_18)
FN:260,(anonymous_19)
FN:265,(anonymous_20)
FN:284,(anonymous_21)
FN:291,(anonymous_22)
FN:307,(anonymous_23)
FN:320,(anonymous_24)
FN:342,(anonymous_25)
FN:372,(anonymous_26)
FN:376,(anonymous_27)
FN:398,(anonymous_28)
FN:411,(anonymous_29)
FN:413,(anonymous_30)
FN:432,(anonymous_31)
FN:443,(anonymous_32)
FN:479,(anonymous_33)
FN:493,(anonymous_34)
FN:500,(anonymous_35)
FN:507,(anonymous_36)
FN:515,(anonymous_37)
FN:526,(anonymous_38)
FN:552,(anonymous_39)
FN:576,(anonymous_40)
FN:588,(anonymous_41)
FN:592,(anonymous_42)
FN:598,(anonymous_43)
FN:600,(anonymous_44)
FN:613,(anonymous_45)
FN:621,(anonymous_46)
FN:628,(anonymous_47)
FN:635,(anonymous_48)
FN:636,(anonymous_49)
FN:646,(anonymous_50)
FN:647,(anonymous_51)
FN:658,(anonymous_52)
FN:659,(anonymous_53)
FN:665,(anonymous_54)
FN:680,(anonymous_55)
FN:689,(anonymous_56)
FN:690,(anonymous_57)
FN:697,(anonymous_58)
FN:701,(anonymous_59)
FN:707,(anonymous_60)
FN:713,(anonymous_61)
FN:719,(anonymous_62)
FN:721,(anonymous_63)
FN:722,(anonymous_64)
FN:724,(anonymous_65)
FN:725,(anonymous_66)
FN:727,(anonymous_67)
FN:728,(anonymous_68)
FN:730,(anonymous_69)
FN:733,(anonymous_70)
FN:744,(anonymous_71)
FN:746,(anonymous_72)
FN:747,(anonymous_73)
FN:752,(anonymous_74)
FN:753,(anonymous_75)
FN:758,(anonymous_76)
FN:759,(anonymous_77)
FNF:78
FNH:0
FNDA:0,(anonymous_0)
FNDA:0,(anonymous_1)
FNDA:0,(anonymous_2)
FNDA:0,(anonymous_3)
FNDA:0,(anonymous_4)
FNDA:0,(anonymous_5)
FNDA:0,(anonymous_6)
FNDA:0,(anonymous_7)
FNDA:0,(anonymous_8)
FNDA:0,(anonymous_9)
FNDA:0,(anonymous_10)
FNDA:0,(anonymous_11)
FNDA:0,(anonymous_12)
FNDA:0,(anonymous_13)
FNDA:0,(anonymous_14)
FNDA:0,(anonymous_15)
FNDA:0,(anonymous_16)
FNDA:0,(anonymous_17)
FNDA:0,(anonymous_18)
FNDA:0,(anonymous_19)
FNDA:0,(anonymous_20)
FNDA:0,(anonymous_21)
FNDA:0,(anonymous_22)
FNDA:0,(anonymous_23)
FNDA:0,(anonymous_24)
FNDA:0,(anonymous_25)
FNDA:0,(anonymous_26)
FNDA:0,(anonymous_27)
FNDA:0,(anonymous_28)
FNDA:0,(anonymous_29)
FNDA:0,(anonymous_30)
FNDA:0,(anonymous_31)
FNDA:0,(anonymous_32)
FNDA:0,(anonymous_33)
FNDA:0,(anonymous_34)
FNDA:0,(anonymous_35)
FNDA:0,(anonymous_36)
FNDA:0,(anonymous_37)
FNDA:0,(anonymous_38)
FNDA:0,(anonymous_39)
FNDA:0,(anonymous_40)
FNDA:0,(anonymous_41)
FNDA:0,(anonymous_42)
FNDA:0,(anonymous_43)
FNDA:0,(anonymous_44)
FNDA:0,(anonymous_45)
FNDA:0,(anonymous_46)
FNDA:0,(anonymous_47)
FNDA:0,(anonymous_48)
FNDA:0,(anonymous_49)
FNDA:0,(anonymous_50)
FNDA:0,(anonymous_51)
FNDA:0,(anonymous_52)
FNDA:0,(anonymous_53)
FNDA:0,(anonymous_54)
FNDA:0,(anonymous_55)
FNDA:0,(anonymous_56)
FNDA:0,(anonymous_57)
FNDA:0,(anonymous_58)
FNDA:0,(anonymous_59)
FNDA:0,(anonymous_60)
FNDA:0,(anonymous_61)
FNDA:0,(anonymous_62)
FNDA:0,(anonymous_63)
FNDA:0,(anonymous_64)
FNDA:0,(anonymous_65)
FNDA:0,(anonymous_66)
FNDA:0,(anonymous_67)
FNDA:0,(anonymous_68)
FNDA:0,(anonymous_69)
FNDA:0,(anonymous_70)
FNDA:0,(anonymous_71)
FNDA:0,(anonymous_72)
FNDA:0,(anonymous_73)
FNDA:0,(anonymous_74)
FNDA:0,(anonymous_75)
FNDA:0,(anonymous_76)
FNDA:0,(anonymous_77)
DA:6,0
DA:17,0
DA:18,0
DA:19,0
DA:20,0
DA:21,0
DA:22,0
DA:23,0
DA:24,0
DA:84,0
DA:85,0
DA:86,0
DA:87,0
DA:88,0
DA:89,0
DA:95,0
DA:97,0
DA:98,0
DA:102,0
DA:105,0
DA:108,0
DA:111,0
DA:112,0
DA:113,0
DA:115,0
DA:120,0
DA:123,0
DA:124,0
DA:137,0
DA:138,0
DA:140,0
DA:147,0
DA:148,0
DA:149,0
DA:150,0
DA:151,0
DA:160,0
DA:161,0
DA:162,0
DA:164,0
DA:171,0
DA:172,0
DA:173,0
DA:174,0
DA:175,0
DA:182,0
DA:183,0
DA:184,0
DA:185,0
DA:186,0
DA:193,0
DA:194,0
DA:195,0
DA:198,0
DA:205,0
DA:207,0
DA:208,0
DA:211,0
DA:212,0
DA:224,0
DA:231,0
DA:239,0
DA:240,0
DA:243,0
DA:244,0
DA:247,0
DA:256,0
DA:260,0
DA:261,0
DA:266,0
DA:269,0
DA:270,0
DA:278,0
DA:279,0
DA:280,0
DA:281,0
DA:282,0
DA:284,0
DA:285,0
DA:292,0
DA:301,0
DA:308,0
DA:310,0
DA:317,0
DA:320,0
DA:321,0
DA:322,0
DA:330,0
DA:332,0
DA:336,0
DA:344,0
DA:346,0
DA:353,0
DA:354,0
DA:357,0
DA:360,0
DA:373,0
DA:374,0
DA:376,0
DA:377,0
DA:378,0
DA:380,0
DA:381,0
DA:385,0
DA:399,0
DA:401,0
DA:411,0
DA:413,0
DA:414,0
DA:415,0
DA:419,0
DA:429,0
DA:432,0
DA:433,0
DA:434,0
DA:435,0
DA:444,0
DA:445,0
DA:446,0
DA:449,0
DA:460,0
DA:461,0
DA:464,0
DA:465,0
DA:468,0
DA:480,0
DA:487,0
DA:494,0
DA:501,0
DA:508,0
DA:509,0
DA:510,0
DA:513,0
DA:515,0
DA:527,0
DA:528,0
DA:531,0
DA:532,0
DA:533,0
DA:538,0
DA:539,0
DA:540,0
DA:541,0
DA:542,0
DA:544,0
DA:545,0
DA:553,0
DA:555,0
DA:556,0
DA:557,0
DA:558,0
DA:560,0
DA:568,0
DA:576,0
DA:577,0
DA:578,0
DA:580,0
DA:584,0
DA:589,0
DA:595,0
DA:600,0
DA:601,0
DA:609,0
DA:614,0
DA:615,0
DA:622,0
DA:629,0
DA:636,0
DA:637,0
DA:647,0
DA:648,0
DA:659,0
DA:666,0
DA:676,0
DA:688,0
DA:689,0
DA:690,0
DA:701,0
DA:712,0
DA:713,0
DA:720,0
DA:722,0
DA:725,0
DA:728,0
DA:731,0
DA:732,0
DA:733,0
DA:734,0
DA:735,0
DA:745,0
DA:747,0
DA:753,0
DA:759,0
LF:193
LH:0
BRDA:17,0,0,0
BRDA:17,0,1,0
BRDA:97,1,0,0
BRDA:108,2,0,0
BRDA:108,2,1,0
BRDA:137,3,0,0
BRDA:148,4,0,0
BRDA:150,5,0,0
BRDA:193,6,0,0
BRDA:195,7,0,0
BRDA:195,7,1,0
BRDA:205,8,0,0
BRDA:205,8,1,0
BRDA:269,9,0,0
BRDA:308,10,0,0
BRDA:308,10,1,0
BRDA:344,11,0,0
BRDA:344,11,1,0
BRDA:353,12,0,0
BRDA:374,13,0,0
BRDA:377,14,0,0
BRDA:380,15,0,0
BRDA:445,16,0,0
BRDA:460,17,0,0
BRDA:532,18,0,0
BRDA:540,19,0,0
BRDA:541,20,0,0
BRDA:553,21,0,0
BRDA:553,21,1,0
BRDA:556,22,0,0
BRDA:556,22,1,0
BRDA:595,23,0,0
BRDA:595,23,1,0
BRDA:637,24,0,0
BRDA:637,24,1,0
BRDA:637,24,2,0
BRDA:648,25,0,0
BRDA:648,25,1,0
BRDA:648,25,2,0
BRDA:648,25,3,0
BRDA:734,26,0,0
BRDA:734,26,1,0
BRDA:761,27,0,0
BRDA:761,27,1,0
BRF:44
BRH:0
end_of_record
TN:
SF:src/plugins/plugin-context.ts
FN:50,(anonymous_0)
FN:81,(anonymous_1)
FN:93,(anonymous_2)
FN:105,(anonymous_3)
FN:112,(anonymous_4)
FN:127,(anonymous_5)
FN:152,(anonymous_6)
FN:159,(anonymous_7)
FN:170,(anonymous_8)
FN:181,(anonymous_9)
FN:188,(anonymous_10)
FN:198,(anonymous_11)
FN:205,(anonymous_12)
FN:218,(anonymous_13)
FN:227,(anonymous_14)
FN:237,(anonymous_15)
FN:242,(anonymous_16)
FN:257,(anonymous_17)
FN:264,(anonymous_18)
FN:268,(anonymous_19)
FN:272,(anonymous_20)
FN:276,(anonymous_21)
FN:283,(anonymous_22)
FN:286,(anonymous_23)
FN:287,(anonymous_24)
FN:290,(anonymous_25)
FN:294,(anonymous_26)
FN:298,(anonymous_27)
FN:302,(anonymous_28)
FN:306,(anonymous_29)
FN:310,(anonymous_30)
FN:328,(anonymous_31)
FN:351,(anonymous_32)
FN:375,(anonymous_33)
FNF:34
FNH:0
FNDA:0,(anonymous_0)
FNDA:0,(anonymous_1)
FNDA:0,(anonymous_2)
FNDA:0,(anonymous_3)
FNDA:0,(anonymous_4)
FNDA:0,(anonymous_5)
FNDA:0,(anonymous_6)
FNDA:0,(anonymous_7)
FNDA:0,(anonymous_8)
FNDA:0,(anonymous_9)
FNDA:0,(anonymous_10)
FNDA:0,(anonymous_11)
FNDA:0,(anonymous_12)
FNDA:0,(anonymous_13)
FNDA:0,(anonymous_14)
FNDA:0,(anonymous_15)
FNDA:0,(anonymous_16)
FNDA:0,(anonymous_17)
FNDA:0,(anonymous_18)
FNDA:0,(anonymous_19)
FNDA:0,(anonymous_20)
FNDA:0,(anonymous_21)
FNDA:0,(anonymous_22)
FNDA:0,(anonymous_23)
FNDA:0,(anonymous_24)
FNDA:0,(anonymous_25)
FNDA:0,(anonymous_26)
FNDA:0,(anonymous_27)
FNDA:0,(anonymous_28)
FNDA:0,(anonymous_29)
FNDA:0,(anonymous_30)
FNDA:0,(anonymous_31)
FNDA:0,(anonymous_32)
FNDA:0,(anonymous_33)
DA:26,0
DA:47,0
DA:48,0
DA:65,0
DA:66,0
DA:67,0
DA:68,0
DA:69,0
DA:70,0
DA:71,0
DA:72,0
DA:73,0
DA:74,0
DA:75,0
DA:82,0
DA:84,0
DA:94,0
DA:96,0
DA:106,0
DA:113,0
DA:114,0
DA:116,0
DA:128,0
DA:129,0
DA:133,0
DA:134,0
DA:135,0
DA:136,0
DA:137,0
DA:140,0
DA:146,0
DA:153,0
DA:160,0
DA:161,0
DA:171,0
DA:172,0
DA:182,0
DA:189,0
DA:199,0
DA:206,0
DA:219,0
DA:220,0
DA:230,0
DA:234,0
DA:239,0
DA:244,0
DA:258,0
DA:259,0
DA:260,0
DA:261,0
DA:265,0
DA:269,0
DA:273,0
DA:277,0
DA:278,0
DA:279,0
DA:284,0
DA:285,0
DA:286,0
DA:287,0
DA:291,0
DA:295,0
DA:299,0
DA:303,0
DA:307,0
DA:311,0
DA:318,0
DA:338,0
DA:339,0
DA:340,0
DA:341,0
DA:342,0
DA:343,0
DA:344,0
DA:345,0
DA:356,0
DA:357,0
DA:359,0
DA:385,0
DA:386,0
DA:387,0
DA:388,0
DA:389,0
DA:390,0
DA:391,0
DA:392,0
LF:86
LH:0
BRDA:128,0,0,0
BRDA:135,1,0,0
BRDA:244,2,0,0
BRDA:244,2,1,0
BRDA:385,3,0,0
BRDA:386,4,0,0
BRDA:387,5,0,0
BRDA:388,6,0,0
BRDA:389,7,0,0
BRDA:390,8,0,0
BRDA:391,9,0,0
BRDA:392,10,0,0
BRF:12
BRH:0
end_of_record
TN:
SF:src/plugins/plugin-interface.ts
FN:522,(anonymous_0)
FN:534,(anonymous_1)
FN:541,(anonymous_2)
FN:548,(anonymous_3)
FN:555,(anonymous_4)
FN:562,(anonymous_5)
FNF:6
FNH:0
FNDA:0,(anonymous_0)
FNDA:0,(anonymous_1)
FNDA:0,(anonymous_2)
FNDA:0,(anonymous_3)
FNDA:0,(anonymous_4)
FNDA:0,(anonymous_5)
DA:487,0
DA:521,0
DA:524,0
DA:525,0
DA:526,0
DA:528,0
DA:529,0
DA:533,0
DA:535,0
DA:536,0
DA:540,0
DA:542,0
DA:543,0
DA:547,0
DA:549,0
DA:550,0
DA:554,0
DA:556,0
DA:557,0
DA:561,0
DA:563,0
DA:564,0
LF:22
LH:0
BRF:0
BRH:0
end_of_record
TN:
SF:src/plugins/plugin-loader.ts
FN:71,(anonymous_0)
FN:88,(anonymous_1)
FN:150,(anonymous_2)
FN:169,(anonymous_3)
FN:192,(anonymous_4)
FN:220,(anonymous_5)
FN:227,(anonymous_6)
FN:234,(anonymous_7)
FN:315,(anonymous_8)
FN:339,(anonymous_9)
FN:370,(anonymous_10)
FN:376,(anonymous_11)
FN:389,(anonymous_12)
FN:390,(anonymous_13)
FN:391,(anonymous_14)
FN:392,(anonymous_15)
FN:394,(anonymous_16)
FN:395,(anonymous_17)
FN:396,(anonymous_18)
FN:397,(anonymous_19)
FN:398,(anonymous_20)
FN:406,(anonymous_21)
FN:410,(anonymous_22)
FN:416,(anonymous_23)
FN:475,(anonymous_24)
FN:509,(anonymous_25)
FN:533,(anonymous_26)
FN:541,(anonymous_27)
FN:555,(anonymous_28)
FN:559,(anonymous_29)
FN:567,(anonymous_30)
FN:572,(anonymous_31)
FN:611,(anonymous_32)
FN:639,(anonymous_33)
FN:657,(anonymous_34)
FN:674,(anonymous_35)
FN:679,(anonymous_36)
FN:685,(anonymous_37)
FN:698,(anonymous_38)
FN:703,(anonymous_39)
FN:718,(anonymous_40)
FN:730,(anonymous_41)
FN:737,(anonymous_42)
FNF:43
FNH:0
FNDA:0,(anonymous_0)
FNDA:0,(anonymous_1)
FNDA:0,(anonymous_2)
FNDA:0,(anonymous_3)
FNDA:0,(anonymous_4)
FNDA:0,(anonymous_5)
FNDA:0,(anonymous_6)
FNDA:0,(anonymous_7)
FNDA:0,(anonymous_8)
FNDA:0,(anonymous_9)
FNDA:0,(anonymous_10)
FNDA:0,(anonymous_11)
FNDA:0,(anonymous_12)
FNDA:0,(anonymous_13)
FNDA:0,(anonymous_14)
FNDA:0,(anonymous_15)
FNDA:0,(anonymous_16)
FNDA:0,(anonymous_17)
FNDA:0,(anonymous_18)
FNDA:0,(anonymous_19)
FNDA:0,(anonymous_20)
FNDA:0,(anonymous_21)
FNDA:0,(anonymous_22)
FNDA:0,(anonymous_23)
FNDA:0,(anonymous_24)
FNDA:0,(anonymous_25)
FNDA:0,(anonymous_26)
FNDA:0,(anonymous_27)
FNDA:0,(anonymous_28)
FNDA:0,(anonymous_29)
FNDA:0,(anonymous_30)
FNDA:0,(anonymous_31)
FNDA:0,(anonymous_32)
FNDA:0,(anonymous_33)
FNDA:0,(anonymous_34)
FNDA:0,(anonymous_35)
FNDA:0,(anonymous_36)
FNDA:0,(anonymous_37)
FNDA:0,(anonymous_38)
FNDA:0,(anonymous_39)
FNDA:0,(anonymous_40)
FNDA:0,(anonymous_41)
FNDA:0,(anonymous_42)
DA:6,0
DA:65,0
DA:66,0
DA:67,0
DA:68,0
DA:72,0
DA:82,0
DA:89,0
DA:90,0
DA:92,0
DA:93,0
DA:96,0
DA:97,0
DA:101,0
DA:102,0
DA:103,0
DA:104,0
DA:109,0
DA:110,0
DA:114,0
DA:115,0
DA:118,0
DA:121,0
DA:124,0
DA:133,0
DA:135,0
DA:136,0
DA:139,0
DA:142,0
DA:143,0
DA:151,0
DA:153,0
DA:156,0
DA:159,0
DA:162,0
DA:170,0
DA:171,0
DA:174,0
DA:175,0
DA:176,0
DA:179,0
DA:180,0
DA:182,0
DA:185,0
DA:193,0
DA:194,0
DA:195,0
DA:198,0
DA:200,0
DA:201,0
DA:205,0
DA:208,0
DA:210,0
DA:213,0
DA:221,0
DA:228,0
DA:235,0
DA:242,0
DA:244,0
DA:245,0
DA:246,0
DA:248,0
DA:249,0
DA:250,0
DA:253,0
DA:254,0
DA:255,0
DA:258,0
DA:259,0
DA:260,0
DA:264,0
DA:265,0
DA:270,0
DA:271,0
DA:272,0
DA:274,0
DA:275,0
DA:276,0
DA:279,0
DA:280,0
DA:281,0
DA:286,0
DA:287,0
DA:288,0
DA:290,0
DA:291,0
DA:292,0
DA:297,0
DA:300,0
DA:301,0
DA:305,0
DA:306,0
DA:309,0
DA:316,0
DA:324,0
DA:325,0
DA:326,0
DA:327,0
DA:330,0
DA:331,0
DA:334,0
DA:340,0
DA:341,0
DA:343,0
DA:345,0
DA:348,0
DA:353,0
DA:356,0
DA:357,0
DA:359,0
DA:362,0
DA:373,0
DA:378,0
DA:387,0
DA:389,0
DA:390,0
DA:391,0
DA:392,0
DA:394,0
DA:395,0
DA:396,0
DA:397,0
DA:398,0
DA:403,0
DA:408,0
DA:410,0
DA:420,0
DA:422,0
DA:457,0
DA:464,0
DA:467,0
DA:477,0
DA:478,0
DA:484,0
DA:485,0
DA:492,0
DA:499,0
DA:500,0
DA:501,0
DA:511,0
DA:512,0
DA:520,0
DA:521,0
DA:525,0
DA:527,0
DA:529,0
DA:534,0
DA:535,0
DA:536,0
DA:542,0
DA:544,0
DA:545,0
DA:547,0
DA:549,0
DA:552,0
DA:556,0
DA:558,0
DA:559,0
DA:561,0
DA:562,0
DA:569,0
DA:570,0
DA:571,0
DA:572,0
DA:573,0
DA:583,0
DA:584,0
DA:585,0
DA:586,0
DA:587,0
DA:597,0
DA:598,0
DA:599,0
DA:600,0
DA:601,0
DA:613,0
DA:614,0
DA:616,0
DA:617,0
DA:618,0
DA:623,0
DA:624,0
DA:625,0
DA:629,0
DA:630,0
DA:632,0
DA:633,0
DA:634,0
DA:641,0
DA:642,0
DA:644,0
DA:645,0
DA:646,0
DA:650,0
DA:651,0
DA:652,0
DA:658,0
DA:659,0
DA:662,0
DA:663,0
DA:665,0
DA:666,0
DA:667,0
DA:671,0
DA:676,0
DA:681,0
DA:682,0
DA:687,0
DA:692,0
DA:705,0
DA:706,0
DA:709,0
DA:720,0
DA:721,0
DA:722,0
DA:723,0
DA:724,0
DA:731,0
DA:732,0
DA:738,0
DA:739,0
LF:221
LH:0
BRDA:72,0,0,0
BRDA:72,0,1,0
BRDA:88,1,0,0
BRDA:96,2,0,0
BRDA:96,3,0,0
BRDA:96,3,1,0
BRDA:101,4,0,0
BRDA:103,5,0,0
BRDA:109,6,0,0
BRDA:110,7,0,0
BRDA:110,7,1,0
BRDA:114,8,0,0
BRDA:114,8,1,0
BRDA:118,9,0,0
BRDA:118,9,1,0
BRDA:129,10,0,0
BRDA:129,10,1,0
BRDA:139,11,0,0
BRDA:139,11,1,0
BRDA:150,12,0,0
BRDA:169,13,0,0
BRDA:175,14,0,0
BRDA:194,15,0,0
BRDA:200,16,0,0
BRDA:221,17,0,0
BRDA:221,17,1,0
BRDA:244,18,0,0
BRDA:244,18,1,0
BRDA:248,19,0,0
BRDA:248,20,0,0
BRDA:248,20,1,0
BRDA:253,21,0,0
BRDA:253,22,0,0
BRDA:253,22,1,0
BRDA:258,23,0,0
BRDA:258,24,0,0
BRDA:258,24,1,0
BRDA:264,25,0,0
BRDA:264,26,0,0
BRDA:264,26,1,0
BRDA:270,27,0,0
BRDA:270,27,1,0
BRDA:274,28,0,0
BRDA:279,29,0,0
BRDA:286,30,0,0
BRDA:286,30,1,0
BRDA:290,31,0,0
BRDA:290,32,0,0
BRDA:290,32,1,0
BRDA:300,33,0,0
BRDA:300,34,0,0
BRDA:300,34,1,0
BRDA:330,35,0,0
BRDA:348,36,0,0
BRDA:348,36,1,0
BRDA:477,37,0,0
BRDA:484,38,0,0
BRDA:500,39,0,0
BRDA:511,40,0,0
BRDA:511,41,0,0
BRDA:511,41,1,0
BRDA:520,42,0,0
BRDA:525,43,0,0
BRDA:525,43,1,0
BRDA:535,44,0,0
BRDA:545,45,0,0
BRDA:561,46,0,0
BRDA:569,47,0,0
BRDA:569,48,0,0
BRDA:569,48,1,0
BRDA:569,48,2,0
BRDA:572,49,0,0
BRDA:583,50,0,0
BRDA:583,51,0,0
BRDA:583,51,1,0
BRDA:584,52,0,0
BRDA:584,52,1,0
BRDA:586,53,0,0
BRDA:597,54,0,0
BRDA:597,55,0,0
BRDA:597,55,1,0
BRDA:598,56,0,0
BRDA:598,56,1,0
BRDA:600,57,0,0
BRDA:614,58,0,0
BRDA:614,58,1,0
BRDA:617,59,0,0
BRDA:623,60,0,0
BRDA:623,60,1,0
BRDA:624,61,0,0
BRDA:624,62,0,0
BRDA:624,62,1,0
BRDA:630,63,0,0
BRDA:630,63,1,0
BRDA:633,64,0,0
BRDA:644,65,0,0
BRDA:651,66,0,0
BRDA:658,67,0,0
BRDA:663,68,0,0
BRDA:663,68,1,0
BRDA:666,69,0,0
BRDA:676,70,0,0
BRDA:676,70,1,0
BRDA:687,71,0,0
BRDA:692,72,0,0
BRDA:705,73,0,0
BRDA:711,74,0,0
BRDA:711,74,1,0
BRDA:712,75,0,0
BRDA:712,75,1,0
BRF:110
BRH:0
end_of_record
TN:
SF:src/plugins/plugin-registry.ts
FN:68,(anonymous_0)
FN:76,(anonymous_1)
FN:132,(anonymous_2)
FN:182,(anonymous_3)
FN:190,(anonymous_4)
FN:197,(anonymous_5)
FN:198,(anonymous_6)
FN:204,(anonymous_7)
FN:206,(anonymous_8)
FN:206,(anonymous_9)
FN:209,(anonymous_10)
FN:215,(anonymous_11)
FN:217,(anonymous_12)
FN:218,(anonymous_13)
FN:224,(anonymous_14)
FN:274,(anonymous_15)
FN:335,(anonymous_16)
FN:387,(anonymous_17)
FN:413,(anonymous_18)
FN:414,(anonymous_19)
FN:436,(anonymous_20)
FN:471,(anonymous_21)
FN:474,(anonymous_22)
FN:489,(anonymous_23)
FN:542,(anonymous_24)
FN:570,(anonymous_25)
FN:582,(anonymous_26)
FN:608,(anonymous_27)
FN:617,(anonymous_28)
FN:623,(anonymous_29)
FN:630,(anonymous_30)
FN:639,(anonymous_31)
FN:651,(anonymous_32)
FN:667,(anonymous_33)
FN:669,(anonymous_34)
FN:675,(anonymous_35)
FN:680,(anonymous_36)
FN:685,(anonymous_37)
FNF:38
FNH:0
FNDA:0,(anonymous_0)
FNDA:0,(anonymous_1)
FNDA:0,(anonymous_2)
FNDA:0,(anonymous_3)
FNDA:0,(anonymous_4)
FNDA:0,(anonymous_5)
FNDA:0,(anonymous_6)
FNDA:0,(anonymous_7)
FNDA:0,(anonymous_8)
FNDA:0,(anonymous_9)
FNDA:0,(anonymous_10)
FNDA:0,(anonymous_11)
FNDA:0,(anonymous_12)
FNDA:0,(anonymous_13)
FNDA:0,(anonymous_14)
FNDA:0,(anonymous_15)
FNDA:0,(anonymous_16)
FNDA:0,(anonymous_17)
FNDA:0,(anonymous_18)
FNDA:0,(anonymous_19)
FNDA:0,(anonymous_20)
FNDA:0,(anonymous_21)
FNDA:0,(anonymous_22)
FNDA:0,(anonymous_23)
FNDA:0,(anonymous_24)
FNDA:0,(anonymous_25)
FNDA:0,(anonymous_26)
FNDA:0,(anonymous_27)
FNDA:0,(anonymous_28)
FNDA:0,(anonymous_29)
FNDA:0,(anonymous_30)
FNDA:0,(anonymous_31)
FNDA:0,(anonymous_32)
FNDA:0,(anonymous_33)
FNDA:0,(anonymous_34)
FNDA:0,(anonymous_35)
FNDA:0,(anonymous_36)
FNDA:0,(anonymous_37)
DA:6,0
DA:62,0
DA:63,0
DA:65,0
DA:66,0
DA:69,0
DA:70,0
DA:77,0
DA:79,0
DA:81,0
DA:84,0
DA:85,0
DA:89,0
DA:92,0
DA:104,0
DA:105,0
DA:106,0
DA:109,0
DA:114,0
DA:117,0
DA:120,0
DA:125,0
DA:133,0
DA:134,0
DA:135,0
DA:138,0
DA:140,0
DA:141,0
DA:149,0
DA:150,0
DA:154,0
DA:155,0
DA:159,0
DA:160,0
DA:161,0
DA:163,0
DA:165,0
DA:168,0
DA:171,0
DA:175,0
DA:183,0
DA:184,0
DA:191,0
DA:198,0
DA:205,0
DA:206,0
DA:207,0
DA:209,0
DA:216,0
DA:217,0
DA:218,0
DA:225,0
DA:226,0
DA:227,0
DA:230,0
DA:231,0
DA:234,0
DA:236,0
DA:237,0
DA:238,0
DA:239,0
DA:244,0
DA:245,0
DA:247,0
DA:249,0
DA:252,0
DA:253,0
DA:254,0
DA:256,0
DA:262,0
DA:267,0
DA:275,0
DA:276,0
DA:277,0
DA:280,0
DA:281,0
DA:284,0
DA:285,0
DA:288,0
DA:290,0
DA:291,0
DA:292,0
DA:293,0
DA:294,0
DA:296,0
DA:297,0
DA:303,0
DA:304,0
DA:305,0
DA:307,0
DA:309,0
DA:312,0
DA:313,0
DA:314,0
DA:316,0
DA:323,0
DA:328,0
DA:336,0
DA:337,0
DA:338,0
DA:341,0
DA:342,0
DA:345,0
DA:347,0
DA:348,0
DA:349,0
DA:350,0
DA:355,0
DA:356,0
DA:357,0
DA:359,0
DA:361,0
DA:364,0
DA:365,0
DA:366,0
DA:368,0
DA:375,0
DA:380,0
DA:388,0
DA:390,0
DA:392,0
DA:394,0
DA:395,0
DA:396,0
DA:400,0
DA:401,0
DA:402,0
DA:406,0
DA:407,0
DA:408,0
DA:412,0
DA:413,0
DA:414,0
DA:415,0
DA:420,0
DA:423,0
DA:424,0
DA:437,0
DA:438,0
DA:439,0
DA:442,0
DA:443,0
DA:446,0
DA:447,0
DA:455,0
DA:456,0
DA:459,0
DA:472,0
DA:474,0
DA:475,0
DA:476,0
DA:478,0
DA:483,0
DA:490,0
DA:491,0
DA:494,0
DA:495,0
DA:497,0
DA:499,0
DA:500,0
DA:501,0
DA:502,0
DA:503,0
DA:504,0
DA:506,0
DA:512,0
DA:513,0
DA:514,0
DA:515,0
DA:516,0
DA:518,0
DA:524,0
DA:525,0
DA:527,0
DA:529,0
DA:532,0
DA:533,0
DA:535,0
DA:543,0
DA:552,0
DA:553,0
DA:556,0
DA:557,0
DA:558,0
DA:560,0
DA:561,0
DA:565,0
DA:571,0
DA:572,0
DA:573,0
DA:575,0
DA:576,0
DA:577,0
DA:578,0
DA:583,0
DA:584,0
DA:587,0
DA:588,0
DA:591,0
DA:592,0
DA:595,0
DA:596,0
DA:600,0
DA:601,0
DA:602,0
DA:603,0
DA:609,0
DA:610,0
DA:611,0
DA:612,0
DA:618,0
DA:619,0
DA:624,0
DA:625,0
DA:626,0
DA:631,0
DA:632,0
DA:633,0
DA:634,0
DA:640,0
DA:641,0
DA:642,0
DA:643,0
DA:644,0
DA:645,0
DA:652,0
DA:660,0
DA:661,0
DA:663,0
DA:669,0
DA:670,0
DA:677,0
DA:682,0
DA:687,0
LF:234
LH:0
BRDA:84,0,0,0
BRDA:89,1,0,0
BRDA:89,1,1,0
BRDA:98,2,0,0
BRDA:98,2,1,0
BRDA:106,3,0,0
BRDA:106,3,1,0
BRDA:117,4,0,0
BRDA:117,4,1,0
BRDA:134,5,0,0
BRDA:140,6,0,0
BRDA:149,7,0,0
BRDA:154,8,0,0
BRDA:168,9,0,0
BRDA:168,9,1,0
BRDA:184,10,0,0
BRDA:184,10,1,0
BRDA:191,11,0,0
BRDA:191,11,1,0
BRDA:207,12,0,0
BRDA:207,12,1,0
BRDA:226,13,0,0
BRDA:230,14,0,0
BRDA:238,15,0,0
BRDA:238,16,0,0
BRDA:238,16,1,0
BRDA:276,17,0,0
BRDA:280,18,0,0
BRDA:284,19,0,0
BRDA:284,20,0,0
BRDA:284,20,1,0
BRDA:292,21,0,0
BRDA:292,22,0,0
BRDA:292,22,1,0
BRDA:293,23,0,0
BRDA:296,24,0,0
BRDA:296,25,0,0
BRDA:296,25,1,0
BRDA:337,26,0,0
BRDA:341,27,0,0
BRDA:349,28,0,0
BRDA:349,29,0,0
BRDA:349,29,1,0
BRDA:387,30,0,0
BRDA:394,31,0,0
BRDA:394,32,0,0
BRDA:394,32,1,0
BRDA:400,33,0,0
BRDA:400,34,0,0
BRDA:400,34,1,0
BRDA:406,35,0,0
BRDA:406,36,0,0
BRDA:406,36,1,0
BRDA:412,37,0,0
BRDA:415,38,0,0
BRDA:415,38,1,0
BRDA:438,39,0,0
BRDA:442,40,0,0
BRDA:490,41,0,0
BRDA:502,42,0,0
BRDA:502,43,0,0
BRDA:502,43,1,0
BRDA:514,44,0,0
BRDA:514,45,0,0
BRDA:514,45,1,0
BRDA:560,46,0,0
BRDA:583,47,0,0
BRDA:583,48,0,0
BRDA:583,48,1,0
BRDA:584,49,0,0
BRDA:584,49,1,0
BRDA:587,50,0,0
BRDA:587,51,0,0
BRDA:587,51,1,0
BRDA:591,52,0,0
BRDA:591,53,0,0
BRDA:591,53,1,0
BRDA:595,54,0,0
BRDA:595,55,0,0
BRDA:595,55,1,0
BRDA:602,56,0,0
BRDA:611,57,0,0
BRDA:618,58,0,0
BRDA:625,59,0,0
BRDA:633,60,0,0
BRDA:633,61,0,0
BRDA:633,61,1,0
BRDA:642,62,0,0
BRDA:644,63,0,0
BRDA:656,64,0,0
BRDA:656,64,1,0
BRF:91
BRH:0
end_of_record
TN:
SF:src/plugins/plugin-storage.ts
FN:47,(anonymous_0)
FN:80,(anonymous_1)
FN:93,(anonymous_2)
FN:140,(anonymous_3)
FN:204,(anonymous_4)
FN:246,(anonymous_5)
FN:249,(anonymous_6)
FN:282,(anonymous_7)
FN:288,(anonymous_8)
FN:289,(anonymous_9)
FN:304,(anonymous_10)
FN:347,(anonymous_11)
FN:387,(anonymous_12)
FN:425,(anonymous_13)
FN:459,(anonymous_14)
FN:479,(anonymous_15)
FN:491,(anonymous_16)
FN:492,(anonymous_17)
FN:544,(anonymous_18)
FN:594,(anonymous_19)
FN:654,(anonymous_20)
FN:661,(anonymous_21)
FN:667,(anonymous_22)
FN:671,(anonymous_23)
FN:675,(anonymous_24)
FN:676,(anonymous_25)
FN:677,(anonymous_26)
FN:687,(anonymous_27)
FN:688,(anonymous_28)
FN:689,(anonymous_29)
FN:707,(anonymous_30)
FN:708,(anonymous_31)
FN:709,(anonymous_32)
FN:719,(anonymous_33)
FN:720,(anonymous_34)
FN:721,(anonymous_35)
FN:731,(anonymous_36)
FN:738,(anonymous_37)
FN:743,(anonymous_38)
FN:757,(anonymous_39)
FN:763,(anonymous_40)
FN:778,(anonymous_41)
FN:785,(anonymous_42)
FN:792,(anonymous_43)
FN:794,(anonymous_44)
FN:794,(anonymous_45)
FN:805,(anonymous_46)
FNF:47
FNH:0
FNDA:0,(anonymous_0)
FNDA:0,(anonymous_1)
FNDA:0,(anonymous_2)
FNDA:0,(anonymous_3)
FNDA:0,(anonymous_4)
FNDA:0,(anonymous_5)
FNDA:0,(anonymous_6)
FNDA:0,(anonymous_7)
FNDA:0,(anonymous_8)
FNDA:0,(anonymous_9)
FNDA:0,(anonymous_10)
FNDA:0,(anonymous_11)
FNDA:0,(anonymous_12)
FNDA:0,(anonymous_13)
FNDA:0,(anonymous_14)
FNDA:0,(anonymous_15)
FNDA:0,(anonymous_16)
FNDA:0,(anonymous_17)
FNDA:0,(anonymous_18)
FNDA:0,(anonymous_19)
FNDA:0,(anonymous_20)
FNDA:0,(anonymous_21)
FNDA:0,(anonymous_22)
FNDA:0,(anonymous_23)
FNDA:0,(anonymous_24)
FNDA:0,(anonymous_25)
FNDA:0,(anonymous_26)
FNDA:0,(anonymous_27)
FNDA:0,(anonymous_28)
FNDA:0,(anonymous_29)
FNDA:0,(anonymous_30)
FNDA:0,(anonymous_31)
FNDA:0,(anonymous_32)
FNDA:0,(anonymous_33)
FNDA:0,(anonymous_34)
FNDA:0,(anonymous_35)
FNDA:0,(anonymous_36)
FNDA:0,(anonymous_37)
FNDA:0,(anonymous_38)
FNDA:0,(anonymous_39)
FNDA:0,(anonymous_40)
FNDA:0,(anonymous_41)
FNDA:0,(anonymous_42)
FNDA:0,(anonymous_43)
FNDA:0,(anonymous_44)
FNDA:0,(anonymous_45)
FNDA:0,(anonymous_46)
DA:6,0
DA:47,0
DA:48,0
DA:49,0
DA:50,0
DA:51,0
DA:52,0
DA:53,0
DA:72,0
DA:75,0
DA:76,0
DA:77,0
DA:78,0
DA:84,0
DA:85,0
DA:86,0
DA:87,0
DA:94,0
DA:95,0
DA:101,0
DA:102,0
DA:104,0
DA:105,0
DA:108,0
DA:118,0
DA:128,0
DA:141,0
DA:143,0
DA:145,0
DA:146,0
DA:147,0
DA:148,0
DA:156,0
DA:160,0
DA:162,0
DA:163,0
DA:164,0
DA:167,0
DA:176,0
DA:179,0
DA:182,0
DA:192,0
DA:205,0
DA:207,0
DA:208,0
DA:210,0
DA:211,0
DA:214,0
DA:224,0
DA:234,0
DA:247,0
DA:248,0
DA:249,0
DA:250,0
DA:252,0
DA:261,0
DA:270,0
DA:283,0
DA:284,0
DA:285,0
DA:287,0
DA:288,0
DA:289,0
DA:292,0
DA:305,0
DA:306,0
DA:312,0
DA:313,0
DA:315,0
DA:325,0
DA:335,0
DA:348,0
DA:350,0
DA:351,0
DA:353,0
DA:362,0
DA:365,0
DA:375,0
DA:388,0
DA:390,0
DA:391,0
DA:393,0
DA:403,0
DA:413,0
DA:426,0
DA:427,0
DA:429,0
DA:430,0
DA:434,0
DA:447,0
DA:460,0
DA:461,0
DA:462,0
DA:464,0
DA:467,0
DA:480,0
DA:481,0
DA:482,0
DA:484,0
DA:485,0
DA:489,0
DA:490,0
DA:491,0
DA:493,0
DA:494,0
DA:495,0
DA:496,0
DA:497,0
DA:499,0
DA:505,0
DA:508,0
DA:514,0
DA:523,0
DA:532,0
DA:545,0
DA:546,0
DA:547,0
DA:556,0
DA:557,0
DA:558,0
DA:559,0
DA:561,0
DA:562,0
DA:563,0
DA:565,0
DA:566,0
DA:569,0
DA:570,0
DA:575,0
DA:579,0
DA:582,0
DA:595,0
DA:596,0
DA:597,0
DA:599,0
DA:600,0
DA:601,0
DA:602,0
DA:604,0
DA:605,0
DA:606,0
DA:609,0
DA:614,0
DA:615,0
DA:616,0
DA:617,0
DA:622,0
DA:630,0
DA:633,0
DA:642,0
DA:655,0
DA:662,0
DA:668,0
DA:672,0
DA:676,0
DA:677,0
DA:678,0
DA:679,0
DA:681,0
DA:688,0
DA:689,0
DA:690,0
DA:691,0
DA:693,0
DA:694,0
DA:696,0
DA:697,0
DA:698,0
DA:701,0
DA:708,0
DA:709,0
DA:710,0
DA:711,0
DA:713,0
DA:720,0
DA:721,0
DA:722,0
DA:723,0
DA:725,0
DA:732,0
DA:733,0
DA:735,0
DA:740,0
DA:744,0
DA:745,0
DA:746,0
DA:748,0
DA:757,0
DA:758,0
DA:767,0
DA:768,0
DA:769,0
DA:772,0
DA:779,0
DA:786,0
DA:793,0
DA:794,0
DA:795,0
DA:796,0
DA:799,0
DA:811,0
DA:812,0
DA:813,0
DA:815,0
DA:816,0
DA:817,0
DA:818,0
DA:819,0
DA:820,0
DA:822,0
DA:823,0
DA:827,0
LF:212
LH:0
BRDA:47,0,0,0
BRDA:47,0,1,0
BRDA:80,1,0,0
BRDA:86,2,0,0
BRDA:86,2,1,0
BRDA:87,3,0,0
BRDA:87,3,1,0
BRDA:104,4,0,0
BRDA:145,5,0,0
BRDA:147,6,0,0
BRDA:147,7,0,0
BRDA:147,7,1,0
BRDA:162,8,0,0
BRDA:163,9,0,0
BRDA:210,10,0,0
BRDA:362,11,0,0
BRDA:362,11,1,0
BRDA:429,12,0,0
BRDA:484,13,0,0
BRDA:494,14,0,0
BRDA:561,15,0,0
BRDA:565,16,0,0
BRDA:565,17,0,0
BRDA:565,17,1,0
BRDA:569,18,0,0
BRDA:569,19,0,0
BRDA:569,19,1,0
BRDA:604,20,0,0
BRDA:604,21,0,0
BRDA:604,21,1,0
BRDA:614,22,0,0
BRDA:616,23,0,0
BRDA:678,24,0,0
BRDA:678,24,1,0
BRDA:690,25,0,0
BRDA:690,25,1,0
BRDA:694,26,0,0
BRDA:694,27,0,0
BRDA:694,27,1,0
BRDA:697,28,0,0
BRDA:701,29,0,0
BRDA:701,29,1,0
BRDA:710,30,0,0
BRDA:710,30,1,0
BRDA:722,31,0,0
BRDA:722,31,1,0
BRDA:732,32,0,0
BRDA:767,33,0,0
BRF:48
BRH:0
end_of_record
TN:
SF:src/plugins/plugin-ui.ts
FN:55,(anonymous_0)
FN:88,(anonymous_1)
FN:106,(anonymous_2)
FN:152,(anonymous_3)
FN:181,(anonymous_4)
FN:273,(anonymous_5)
FN:326,(anonymous_6)
FN:376,(anonymous_7)
FN:405,(anonymous_8)
FN:422,(anonymous_9)
FN:424,(anonymous_10)
FN:425,(anonymous_11)
FN:431,(anonymous_12)
FN:433,(anonymous_13)
FN:434,(anonymous_14)
FN:440,(anonymous_15)
FN:441,(anonymous_16)
FN:454,(anonymous_17)
FN:478,(anonymous_18)
FN:487,(anonymous_19)
FN:499,(anonymous_20)
FN:501,(anonymous_21)
FN:506,(anonymous_22)
FN:512,(anonymous_23)
FN:516,(anonymous_24)
FN:525,(anonymous_25)
FN:539,(anonymous_26)
FN:552,(anonymous_27)
FN:582,(anonymous_28)
FN:589,(anonymous_29)
FN:628,(anonymous_30)
FN:638,(anonymous_31)
FN:652,(anonymous_32)
FN:663,(anonymous_33)
FN:664,(anonymous_34)
FN:676,(anonymous_35)
FNF:36
FNH:0
FNDA:0,(anonymous_0)
FNDA:0,(anonymous_1)
FNDA:0,(anonymous_2)
FNDA:0,(anonymous_3)
FNDA:0,(anonymous_4)
FNDA:0,(anonymous_5)
FNDA:0,(anonymous_6)
FNDA:0,(anonymous_7)
FNDA:0,(anonymous_8)
FNDA:0,(anonymous_9)
FNDA:0,(anonymous_10)
FNDA:0,(anonymous_11)
FNDA:0,(anonymous_12)
FNDA:0,(anonymous_13)
FNDA:0,(anonymous_14)
FNDA:0,(anonymous_15)
FNDA:0,(anonymous_16)
FNDA:0,(anonymous_17)
FNDA:0,(anonymous_18)
FNDA:0,(anonymous_19)
FNDA:0,(anonymous_20)
FNDA:0,(anonymous_21)
FNDA:0,(anonymous_22)
FNDA:0,(anonymous_23)
FNDA:0,(anonymous_24)
FNDA:0,(anonymous_25)
FNDA:0,(anonymous_26)
FNDA:0,(anonymous_27)
FNDA:0,(anonymous_28)
FNDA:0,(anonymous_29)
FNDA:0,(anonymous_30)
FNDA:0,(anonymous_31)
FNDA:0,(anonymous_32)
FNDA:0,(anonymous_33)
FNDA:0,(anonymous_34)
FNDA:0,(anonymous_35)
DA:6,0
DA:55,0
DA:56,0
DA:57,0
DA:58,0
DA:59,0
DA:60,0
DA:61,0
DA:62,0
DA:80,0
DA:81,0
DA:82,0
DA:86,0
DA:89,0
DA:90,0
DA:91,0
DA:99,0
DA:100,0
DA:107,0
DA:108,0
DA:109,0
DA:116,0
DA:127,0
DA:129,0
DA:137,0
DA:144,0
DA:145,0
DA:153,0
DA:154,0
DA:155,0
DA:156,0
DA:159,0
DA:161,0
DA:162,0
DA:165,0
DA:166,0
DA:168,0
DA:173,0
DA:174,0
DA:182,0
DA:183,0
DA:184,0
DA:191,0
DA:192,0
DA:193,0
DA:196,0
DA:197,0
DA:198,0
DA:201,0
DA:202,0
DA:203,0
DA:211,0
DA:212,0
DA:213,0
DA:221,0
DA:222,0
DA:225,0
DA:226,0
DA:227,0
DA:228,0
DA:231,0
DA:232,0
DA:235,0
DA:237,0
DA:245,0
DA:251,0
DA:252,0
DA:254,0
DA:262,0
DA:266,0
DA:274,0
DA:275,0
DA:276,0
DA:277,0
DA:280,0
DA:281,0
DA:284,0
DA:285,0
DA:289,0
DA:290,0
DA:293,0
DA:294,0
DA:295,0
DA:297,0
DA:299,0
DA:307,0
DA:312,0
DA:313,0
DA:315,0
DA:319,0
DA:327,0
DA:328,0
DA:329,0
DA:336,0
DA:345,0
DA:348,0
DA:349,0
DA:352,0
DA:354,0
DA:362,0
DA:368,0
DA:369,0
DA:377,0
DA:378,0
DA:379,0
DA:380,0
DA:383,0
DA:385,0
DA:386,0
DA:389,0
DA:390,0
DA:392,0
DA:397,0
DA:398,0
DA:406,0
DA:407,0
DA:409,0
DA:416,0
DA:423,0
DA:424,0
DA:425,0
DA:432,0
DA:433,0
DA:434,0
DA:441,0
DA:442,0
DA:443,0
DA:444,0
DA:445,0
DA:446,0
DA:454,0
DA:455,0
DA:456,0
DA:461,0
DA:480,0
DA:487,0
DA:488,0
DA:489,0
DA:490,0
DA:491,0
DA:492,0
DA:493,0
DA:495,0
DA:501,0
DA:502,0
DA:506,0
DA:507,0
DA:508,0
DA:513,0
DA:517,0
DA:518,0
DA:519,0
DA:522,0
DA:526,0
DA:527,0
DA:530,0
DA:531,0
DA:534,0
DA:535,0
DA:540,0
DA:549,0
DA:553,0
DA:554,0
DA:555,0
DA:556,0
DA:557,0
DA:560,0
DA:561,0
DA:562,0
DA:563,0
DA:564,0
DA:568,0
DA:569,0
DA:570,0
DA:571,0
DA:574,0
DA:575,0
DA:576,0
DA:577,0
DA:578,0
DA:582,0
DA:583,0
DA:586,0
DA:590,0
DA:592,0
DA:593,0
DA:594,0
DA:598,0
DA:599,0
DA:600,0
DA:603,0
DA:604,0
DA:606,0
DA:608,0
DA:616,0
DA:622,0
DA:631,0
DA:632,0
DA:633,0
DA:634,0
DA:639,0
DA:640,0
DA:641,0
DA:642,0
DA:643,0
DA:646,0
DA:647,0
DA:649,0
DA:653,0
DA:654,0
DA:655,0
DA:656,0
DA:657,0
DA:658,0
DA:660,0
DA:664,0
DA:665,0
DA:666,0
DA:675,0
DA:677,0
LF:220
LH:0
BRDA:55,0,0,0
BRDA:55,0,1,0
BRDA:108,1,0,0
BRDA:154,2,0,0
BRDA:161,3,0,0
BRDA:183,4,0,0
BRDA:191,5,0,0
BRDA:201,6,0,0
BRDA:201,6,1,0
BRDA:202,7,0,0
BRDA:212,8,0,0
BRDA:231,9,0,0
BRDA:241,10,0,0
BRDA:241,10,1,0
BRDA:247,11,0,0
BRDA:247,11,1,0
BRDA:275,12,0,0
BRDA:275,13,0,0
BRDA:275,13,1,0
BRDA:284,14,0,0
BRDA:289,15,0,0
BRDA:289,16,0,0
BRDA:289,16,1,0
BRDA:328,17,0,0
BRDA:378,18,0,0
BRDA:385,19,0,0
BRDA:385,20,0,0
BRDA:385,20,1,0
BRDA:442,21,0,0
BRDA:442,21,1,0
BRDA:443,22,0,0
BRDA:443,22,1,0
BRDA:489,23,0,0
BRDA:513,24,0,0
BRDA:513,24,1,0
BRDA:526,25,0,0
BRDA:530,26,0,0
BRDA:530,27,0,0
BRDA:530,27,1,0
BRDA:534,28,0,0
BRDA:549,29,0,0
BRDA:549,29,1,0
BRDA:560,30,0,0
BRDA:574,31,0,0
BRDA:592,32,0,0
BRDA:592,33,0,0
BRDA:592,33,1,0
BRDA:598,34,0,0
BRDA:598,35,0,0
BRDA:598,35,1,0
BRDA:632,36,0,0
BRDA:632,37,0,0
BRDA:632,37,1,0
BRDA:640,38,0,0
BRDA:654,39,0,0
BRDA:665,40,0,0
BRF:56
BRH:0
end_of_record
TN:
SF:src/shared/patterns/error-handling.ts
FN:14,(anonymous_0)
FN:27,(anonymous_1)
FN:43,(anonymous_2)
FN:49,(anonymous_3)
FN:55,(anonymous_4)
FN:61,(anonymous_5)
FN:67,(anonymous_6)
FN:80,(anonymous_7)
FN:84,(anonymous_8)
FN:88,(anonymous_9)
FN:92,(anonymous_10)
FN:100,withErrorBoundary
FN:129,withRetry
FN:144,(anonymous_13)
FN:160,(anonymous_14)
FN:174,(anonymous_15)
FN:178,(anonymous_16)
FN:180,(anonymous_17)
FN:189,(anonymous_18)
FN:191,(anonymous_19)
FN:196,(anonymous_20)
FNF:21
FNH:0
FNDA:0,(anonymous_0)
FNDA:0,(anonymous_1)
FNDA:0,(anonymous_2)
FNDA:0,(anonymous_3)
FNDA:0,(anonymous_4)
FNDA:0,(anonymous_5)
FNDA:0,(anonymous_6)
FNDA:0,(anonymous_7)
FNDA:0,(anonymous_8)
FNDA:0,(anonymous_9)
FNDA:0,(anonymous_10)
FNDA:0,withErrorBoundary
FNDA:0,withRetry
FNDA:0,(anonymous_13)
FNDA:0,(anonymous_14)
FNDA:0,(anonymous_15)
FNDA:0,(anonymous_16)
FNDA:0,(anonymous_17)
FNDA:0,(anonymous_18)
FNDA:0,(anonymous_19)
FNDA:0,(anonymous_20)
DA:9,0
DA:15,0
DA:16,0
DA:17,0
DA:18,0
DA:19,0
DA:22,0
DA:23,0
DA:28,0
DA:42,0
DA:44,0
DA:48,0
DA:50,0
DA:54,0
DA:56,0
DA:60,0
DA:62,0
DA:66,0
DA:68,0
DA:79,0
DA:81,0
DA:85,0
DA:89,0
DA:93,0
DA:100,0
DA:104,0
DA:105,0
DA:106,0
DA:108,0
DA:109,0
DA:112,0
DA:113,0
DA:116,0
DA:129,0
DA:144,0
DA:145,0
DA:148,0
DA:150,0
DA:151,0
DA:152,0
DA:154,0
DA:156,0
DA:157,0
DA:160,0
DA:161,0
DA:165,0
DA:171,0
DA:172,0
DA:175,0
DA:179,0
DA:180,0
DA:181,0
DA:182,0
DA:184,0
DA:191,0
DA:192,0
DA:196,0
DA:197,0
LF:58
LH:0
BRDA:22,0,0,0
BRDA:108,1,0,0
BRDA:112,2,0,0
BRDA:118,3,0,0
BRDA:118,3,1,0
BRDA:131,4,0,0
BRDA:140,5,0,0
BRDA:141,6,0,0
BRDA:142,7,0,0
BRDA:143,8,0,0
BRDA:144,9,0,0
BRDA:156,10,0,0
BRDA:156,11,0,0
BRDA:156,11,1,0
BRDA:179,12,0,0
BRDA:179,12,1,0
BRF:16
BRH:0
end_of_record
TN:
SF:src/shared/patterns/event-handling.ts
FN:11,(anonymous_0)
FN:14,(anonymous_1)
FN:21,(anonymous_2)
FN:26,(anonymous_3)
FN:30,(anonymous_4)
FN:38,(anonymous_5)
FN:46,(anonymous_6)
FN:47,(anonymous_7)
FN:56,(anonymous_8)
FN:61,(anonymous_9)
FN:68,(anonymous_10)
FN:77,(anonymous_11)
FN:83,(anonymous_12)
FN:87,(anonymous_13)
FN:100,(anonymous_14)
FN:103,(anonymous_15)
FN:107,(anonymous_16)
FN:118,(anonymous_17)
FN:119,(anonymous_18)
FN:122,(anonymous_19)
FNF:20
FNH:0
FNDA:0,(anonymous_0)
FNDA:0,(anonymous_1)
FNDA:0,(anonymous_2)
FNDA:0,(anonymous_3)
FNDA:0,(anonymous_4)
FNDA:0,(anonymous_5)
FNDA:0,(anonymous_6)
FNDA:0,(anonymous_7)
FNDA:0,(anonymous_8)
FNDA:0,(anonymous_9)
FNDA:0,(anonymous_10)
FNDA:0,(anonymous_11)
FNDA:0,(anonymous_12)
FNDA:0,(anonymous_13)
FNDA:0,(anonymous_14)
FNDA:0,(anonymous_15)
FNDA:0,(anonymous_16)
FNDA:0,(anonymous_17)
FNDA:0,(anonymous_18)
FNDA:0,(anonymous_19)
DA:6,0
DA:11,0
DA:12,0
DA:18,0
DA:25,0
DA:26,0
DA:27,0
DA:34,0
DA:35,0
DA:42,0
DA:43,0
DA:47,0
DA:48,0
DA:49,0
DA:56,0
DA:58,0
DA:59,0
DA:62,0
DA:63,0
DA:65,0
DA:69,0
DA:70,0
DA:73,0
DA:74,0
DA:77,0
DA:78,0
DA:79,0
DA:84,0
DA:88,0
DA:89,0
DA:100,0
DA:101,0
DA:104,0
DA:111,0
DA:112,0
DA:113,0
DA:115,0
DA:119,0
DA:120,0
DA:123,0
DA:124,0
DA:126,0
LF:42
LH:0
BRDA:62,0,0,0
BRDA:69,1,0,0
BRDA:112,2,0,0
BRF:3
BRH:0
end_of_record
TN:
SF:src/training/domain/events/training-events.ts
FN:9,(anonymous_0)
FN:22,(anonymous_1)
FN:33,(anonymous_2)
FN:45,(anonymous_3)
FN:58,(anonymous_4)
FN:71,(anonymous_5)
FN:85,(anonymous_6)
FN:98,(anonymous_7)
FN:112,(anonymous_8)
FN:123,(anonymous_9)
FN:136,(anonymous_10)
FN:149,(anonymous_11)
FN:161,(anonymous_12)
FN:174,(anonymous_13)
FN:186,(anonymous_14)
FN:200,(anonymous_15)
FN:211,(anonymous_16)
FN:223,(anonymous_17)
FNF:18
FNH:0
FNDA:0,(anonymous_0)
FNDA:0,(anonymous_1)
FNDA:0,(anonymous_2)
FNDA:0,(anonymous_3)
FNDA:0,(anonymous_4)
FNDA:0,(anonymous_5)
FNDA:0,(anonymous_6)
FNDA:0,(anonymous_7)
FNDA:0,(anonymous_8)
FNDA:0,(anonymous_9)
FNDA:0,(anonymous_10)
FNDA:0,(anonymous_11)
FNDA:0,(anonymous_12)
FNDA:0,(anonymous_13)
FNDA:0,(anonymous_14)
FNDA:0,(anonymous_15)
FNDA:0,(anonymous_16)
FNDA:0,(anonymous_17)
DA:4,0
DA:10,0
DA:11,0
DA:12,0
DA:19,0
DA:20,0
DA:23,0
DA:26,0
DA:30,0
DA:31,0
DA:34,0
DA:35,0
DA:38,0
DA:42,0
DA:43,0
DA:46,0
DA:47,0
DA:50,0
DA:55,0
DA:56,0
DA:59,0
DA:60,0
DA:61,0
DA:64,0
DA:68,0
DA:69,0
DA:72,0
DA:73,0
DA:74,0
DA:75,0
DA:78,0
DA:82,0
DA:83,0
DA:86,0
DA:87,0
DA:90,0
DA:95,0
DA:96,0
DA:99,0
DA:100,0
DA:101,0
DA:102,0
DA:105,0
DA:109,0
DA:110,0
DA:113,0
DA:116,0
DA:120,0
DA:121,0
DA:124,0
DA:125,0
DA:128,0
DA:133,0
DA:134,0
DA:137,0
DA:138,0
DA:139,0
DA:142,0
DA:146,0
DA:147,0
DA:150,0
DA:151,0
DA:154,0
DA:158,0
DA:159,0
DA:162,0
DA:163,0
DA:166,0
DA:171,0
DA:172,0
DA:175,0
DA:176,0
DA:179,0
DA:183,0
DA:184,0
DA:187,0
DA:188,0
DA:189,0
DA:192,0
DA:197,0
DA:198,0
DA:201,0
DA:204,0
DA:208,0
DA:209,0
DA:212,0
DA:213,0
DA:216,0
DA:220,0
DA:221,0
DA:224,0
DA:225,0
DA:228,0
LF:93
LH:0
BRF:0
BRH:0
end_of_record
